i	j	k	Dose(Gy)	proton	proton_f	deuteron	deuteron_f	triton	triton_f	He3	He3_f	alpha	alpha_f	Li6	Li6_f	Be8	Be8_f	B10	B10_f	C12	C12_f	C13	C13_f	C14	C14_f	N14	N14_f	O16	O16_f	O16_1	O16_1_f	O17	O17_f	O18	O18_f	F17	F17_f	F18	F18_f	Ne20	Ne20_f	Na23	Na23_f	Mg26	Mg26_f	Al26	Al26_f
0	0	0	4.27101e-06	2.64924e-10	1	0	0	0	0	0	0	1.90447e-09	1	0	0	0	0	0	0	6.3207e-09	1	1.42804e-08	1	0	0	0	0	9.95656e-09	1	4.15981e-06	377	2.39119e-08	1	0	0	0	0	0	0	0	0	0	0	0	0	0	0
1	0	0	4.29987e-06	4.1468e-10	3	0	0	1.5729e-09	1	1.94056e-08	1	5.51139e-09	4	0	0	0	0	5.35222e-09	1	6.29969e-09	1	1.51816e-08	1	0	0	0	0	9.9322e-09	1	4.19118e-06	375	2.65982e-08	1	0	0	0	0	0	0	0	0	0	0	0	0	0	0
2	0	0	4.28416e-06	7.95623e-10	3	2.26104e-09	1	3.57592e-09	1	2.36111e-08	1	7.80308e-09	4	0	0	0	0	9.13903e-09	1	5.88742e-09	1	1.69966e-08	1	0	0	0	0	1.00417e-08	1	4.15456e-06	370	3.00036e-08	1	0	0	0	0	0	0	0	0	0	0	0	0	0	0
3	0	0	4.15723e-06	6.98835e-10	3	3.14474e-09	1	4.00991e-09	1	0	0	8.04336e-09	4	0	0	0	0	9.72332e-09	1	6.11582e-09	1	1.9443e-08	1	0	0	0	0	9.71221e-09	1	4.04273e-06	367	3.51314e-08	1	0	0	0	0	0	0	0	0	0	0	0	0	0	0
4	0	0	4.23572e-06	6.72099e-10	3	2.08488e-09	1	0	0	0	0	8.30871e-09	4	0	0	0	0	1.04541e-08	1	5.69436e-09	1	2.33817e-08	1	0	0	0	0	1.03127e-08	1	4.11356e-06	364	4.52249e-08	1	0	0	0	0	0	0	0	0	0	0	0	0	0	0
5	0	0	4.4382e-06	6.81228e-10	3	1.72096e-09	1	0	0	0	0	8.52231e-09	4	0	0	0	0	1.15093e-08	1	6.17869e-09	1	3.12557e-08	1	0	0	0	0	1.01904e-08	1	4.27701e-06	363	7.66843e-08	1	0	0	0	0	0	0	0	0	0	0	0	0	0	0
6	0	0	4.40217e-06	1.42377e-09	7	1.35618e-09	3	1.42325e-10	1	2.30573e-10	1	1.65985e-08	7	4.75236e-10	1	0	0	1.88663e-08	2	6.22927e-09	1	4.01461e-08	1	0	0	0	0	1.75262e-08	2	4.28403e-06	362	0	0	0	0	0	0	0	0	0	0	0	0	0	0	0	0
7	0	0	4.49451e-06	2.46581e-09	7	1.53272e-09	2	4.39611e-10	1	2.88464e-09	1	3.57646e-08	7	4.52778e-09	1	0	0	3.08166e-08	2	6.34205e-09	1	0	0	0	0	0	0	5.68975e-08	2	4.33962e-06	357	0	0	0	0	0	0	0	0	0	0	0	0	0	0	0	0
8	0	0	4.37908e-06	2.71299e-09	7	1.76387e-09	2	3.48074e-10	1	3.1832e-09	1	1.72422e-08	6	5.00053e-09	1	0	0	3.99009e-08	2	6.49548e-09	1	0	0	0	0	0	0	1.03028e-08	1	4.28078e-06	353	0	0	0	0	0	0	0	0	0	0	0	0	0	0	0	0
9	0	0	4.12376e-06	2.97038e-09	10	2.50198e-09	4	4.9527e-10	2	3.45801e-09	1	1.97239e-08	7	5.34786e-09	1	0	0	5.18278e-08	2	6.64356e-09	1	0	0	0	0	0	0	2.32246e-08	2	3.99496e-06	345	0	0	0	0	0	0	0	0	0	0	0	0	0	0	0	0
10	0	0	4.21649e-06	3.66533e-09	10	3.68018e-09	4	7.9073e-10	2	4.16718e-09	1	2.4053e-08	7	5.761e-09	1	0	0	2.93138e-08	1	6.76207e-09	1	0	0	0	0	0	0	4.68592e-08	2	4.08318e-06	343	0	0	0	0	0	0	0	0	0	0	0	0	0	0	0	0
11	0	0	4.3818e-06	3.61004e-09	10	7.99173e-09	5	7.63023e-10	2	4.7553e-09	1	2.799e-08	7	6.90933e-09	1	0	0	0	0	6.51917e-09	1	0	0	0	0	0	0	5.80641e-08	2	4.25748e-06	342	0	0	0	0	0	0	0	0	0	0	0	0	0	0	0	0
12	0	0	4.45936e-06	3.55835e-09	10	4.00512e-09	4	6.43381e-10	2	6.0682e-09	1	4.38704e-08	7	8.22628e-09	1	0	0	0	0	6.67205e-09	1	0	0	0	0	0	0	6.9608e-08	2	4.26318e-06	339	0	0	0	0	4.84137e-08	1	0	0	0	0	0	0	0	0	0	0
13	0	0	4.45058e-06	4.06676e-09	10	3.45578e-09	4	7.586e-10	2	9.90623e-09	1	2.28255e-08	6	1.16716e-08	1	0	0	0	0	6.68907e-09	1	0	0	0	0	0	0	1.15078e-08	1	4.31353e-06	338	8.36538e-14	1	0	0	6.15542e-08	1	0	0	0	0	0	0	0	0	0	0
14	0	0	4.51276e-06	3.9963e-09	10	3.32479e-09	6	8.0009e-10	2	1.92914e-08	2	3.40664e-08	7	1.08737e-08	1	0	0	0	0	7.24727e-09	1	0	0	0	0	0	0	1.12657e-08	1	4.41367e-06	334	0	0	0	0	0	0	5.66795e-09	1	0	0	0	0	0	0	0	0
15	0	0	4.46634e-06	4.53517e-09	11	2.57633e-09	5	7.86069e-10	2	1.97628e-08	1	6.54492e-08	7	0	0	0	0	0	0	9.95049e-09	2	0	0	0	0	0	0	1.29232e-08	1	4.32376e-06	327	0	0	0	0	0	0	2.40623e-08	1	0	0	0	0	0	0	0	0
16	0	0	4.34341e-06	5.25251e-09	11	2.73437e-09	5	8.63811e-10	2	0	0	5.76173e-08	6	0	0	0	0	0	0	1.57312e-08	2	0	0	0	0	0	0	1.23793e-08	1	4.22202e-06	323	0	0	0	0	0	0	2.55806e-08	1	0	0	0	0	0	0	0	0
17	0	0	4.28923e-06	6.21624e-09	11	2.86447e-09	5	8.56147e-10	2	0	0	1.53807e-08	4	0	0	0	0	0	0	1.62378e-08	2	0	0	0	0	0	0	1.29114e-08	1	4.20706e-06	319	0	0	0	0	0	0	2.73662e-08	1	0	0	0	0	0	0	0	0
18	0	0	4.53129e-06	6.66069e-09	14	2.86026e-09	6	8.18686e-10	2	0	0	3.64447e-08	7	0	0	0	0	0	0	1.77884e-08	2	0	0	9.33319e-09	1	0	0	1.31485e-08	1	4.41368e-06	317	0	0	0	0	0	0	3.05356e-08	1	0	0	0	0	0	0	0	0
19	0	0	4.58662e-06	7.8261e-09	13	3.19609e-09	6	8.06821e-10	2	0	0	5.51237e-08	7	0	0	0	0	0	0	1.73236e-08	2	0	0	2.86654e-08	1	0	0	1.36738e-08	1	4.42501e-06	313	0	0	0	0	0	0	3.4978e-08	1	0	0	0	0	0	0	0	0
20	0	0	4.40412e-06	5.36028e-09	12	3.26474e-09	6	8.67998e-10	2	0	0	3.13047e-08	5	0	0	0	0	0	0	1.75101e-08	2	0	0	4.82675e-08	1	0	0	1.39783e-08	1	4.24338e-06	308	0	0	0	0	0	0	4.01225e-08	1	0	0	0	0	0	0	0	0
21	0	0	4.31976e-06	5.47316e-09	13	3.23134e-09	6	8.44522e-10	2	0	0	5.87663e-08	9	0	0	1.12777e-13	1	0	0	1.84383e-08	2	0	0	5.18916e-09	1	3.83365e-15	1	1.40056e-08	1	4.16071e-06	302	0	0	0	0	0	0	5.2888e-08	1	0	0	0	0	0	0	0	0
22	0	0	4.31121e-06	1.09506e-08	14	3.03779e-09	6	8.96903e-10	2	0	0	4.4128e-08	8	0	0	0	0	0	0	1.95304e-08	2	0	0	0	0	0	0	1.47247e-08	1	4.13724e-06	297	0	0	2.56041e-14	1	0	0	8.06519e-08	1	0	0	0	0	0	0	0	0
23	0	0	4.46593e-06	5.19552e-09	14	3.51146e-09	6	9.12418e-10	2	0	0	1.73862e-08	7	0	0	0	0	0	0	1.94094e-08	2	0	0	0	0	0	0	3.9809e-08	2	4.37956e-06	296	0	0	0	0	0	0	0	0	0	0	0	0	0	0	0	0
24	0	0	4.57348e-06	4.04249e-09	13	3.57237e-09	6	8.68992e-10	2	0	0	1.50848e-08	6	0	0	0	0	0	0	2.06448e-08	2	0	0	0	0	0	0	5.32054e-08	2	4.47594e-06	293	0	0	0	0	0	0	0	0	0	0	0	0	0	0	0	0
25	0	0	4.5285e-06	7.30128e-09	15	3.95259e-09	8	8.94617e-10	2	0	0	3.80613e-08	7	0	0	0	0	0	0	2.25762e-08	2	0	0	0	0	0	0	6.79926e-08	2	4.33173e-06	286	0	0	0	0	0	0	0	0	5.58097e-08	1	0	0	0	0	0	0
26	0	0	4.3577e-06	4.74052e-09	15	4.51364e-09	8	9.22872e-10	2	0	0	3.62047e-08	6	0	0	0	0	0	0	2.34719e-08	2	0	0	0	0	0	0	6.03491e-08	2	4.22736e-06	279	0	0	0	0	0	0	0	0	0	0	0	0	0	0	0	0
27	0	0	4.34004e-06	4.56635e-09	14	4.73655e-09	8	8.83776e-10	2	0	0	1.51395e-08	5	0	0	0	0	0	0	2.4835e-08	2	0	0	0	0	0	0	1.81796e-08	1	4.27166e-06	275	0	0	0	0	0	0	0	0	0	0	0	0	0	0	0	0
28	0	0	4.4834e-06	4.9321e-09	14	4.67774e-09	8	9.69754e-10	2	0	0	2.49933e-08	5	0	0	0	0	0	0	2.68694e-08	2	0	0	0	0	0	0	1.88316e-08	1	4.40209e-06	274	0	0	0	0	0	0	0	0	0	0	0	0	0	0	0	0
29	0	0	4.46504e-06	5.13816e-09	14	4.79599e-09	8	8.87373e-10	2	0	0	5.19604e-09	4	0	0	0	0	0	0	3.05293e-08	2	0	0	0	0	0	0	2.01517e-08	1	4.39832e-06	268	0	0	0	0	0	0	0	0	0	0	0	0	0	0	0	0
30	0	0	4.42352e-06	5.14251e-09	14	4.86253e-09	8	9.59909e-10	2	0	0	5.17528e-09	4	0	0	0	0	0	0	3.56425e-08	2	0	0	0	0	0	0	2.15515e-08	1	4.35016e-06	264	0	0	0	0	0	0	0	0	0	0	0	0	0	0	0	0
31	0	0	4.56916e-06	5.70178e-09	15	6.89793e-09	10	9.56035e-10	2	6.45379e-09	2	5.42863e-09	4	2.51533e-09	1	0	0	0	0	4.88e-08	2	0	0	4.56926e-08	1	0	0	2.34056e-08	1	4.42329e-06	258	0	0	0	0	0	0	0	0	0	0	0	0	0	0	0	0
32	0	0	4.39271e-06	6.22376e-09	15	7.57726e-09	10	9.4754e-10	2	2.63272e-09	1	5.40144e-09	4	2.61349e-09	1	0	0	0	0	3.02737e-08	2	0	0	1.09809e-08	1	1.76175e-15	1	2.63472e-08	1	4.29966e-06	253	0	0	0	0	0	0	0	0	0	0	0	0	0	0	0	0
33	0	0	4.5254e-06	1.72754e-08	17	9.22933e-09	11	9.89629e-10	2	2.815e-09	1	5.33214e-09	4	2.72401e-09	1	0	0	0	0	1.21695e-08	1	0	0	0	0	0	0	3.03511e-08	1	4.36381e-06	246	0	0	0	0	0	0	0	0	0	0	0	0	1.05948e-13	2	8.06251e-08	1
34	0	0	4.49686e-06	9.56595e-09	18	1.34372e-08	13	1.03103e-09	2	3.00275e-09	1	5.56241e-09	4	2.78959e-09	1	0	0	0	0	1.27982e-08	1	0	0	0	0	0	0	3.79948e-08	1	4.35107e-06	241	0	0	0	0	0	0	0	0	0	0	5.95002e-08	1	0	0	0	0
35	0	0	4.4865e-06	1.11804e-08	17	1.16237e-08	12	1.017e-09	2	3.45323e-09	1	5.67651e-09	4	2.85713e-09	1	0	0	0	0	1.3367e-08	1	0	0	0	0	0	0	5.2719e-08	1	4.30324e-06	233	0	0	0	0	0	0	0	0	0	0	8.13116e-08	1	0	0	0	0
36	0	0	4.41919e-06	1.10169e-08	17	9.05828e-09	12	9.62573e-10	2	3.7508e-09	1	5.75322e-09	4	2.94707e-09	1	0	0	0	0	1.46639e-08	1	0	0	0	0	0	0	4.06727e-08	1	4.3303e-06	228	0	0	0	0	0	0	0	0	0	0	0	0	0	0	0	0
37	0	0	4.29512e-06	5.63492e-09	14	9.65481e-09	11	1.07761e-09	2	4.25419e-09	1	5.84133e-09	4	3.00455e-09	1	0	0	0	0	1.63214e-08	1	0	0	0	0	0	0	0	0	4.24923e-06	222	0	0	0	0	0	0	0	0	0	0	0	0	0	0	0	0
38	0	0	4.42137e-06	6.09487e-09	14	1.15659e-08	11	1.14476e-09	2	5.11812e-09	1	6.00723e-09	4	2.82553e-09	1	0	0	0	0	1.83358e-08	1	0	0	0	0	0	0	4.98088e-11	1	4.37014e-06	217	0	0	0	0	0	0	0	0	0	0	0	0	0	0	0	0
39	0	0	4.53147e-06	7.11301e-09	14	1.38824e-08	11	1.19766e-09	2	7.43595e-09	1	6.37657e-09	4	3.05173e-09	1	0	0	0	0	2.28305e-08	1	0	0	0	0	0	0	0	0	4.46944e-06	211	0	0	0	0	0	0	0	0	0	0	0	0	0	0	0	0
40	0	0	4.59586e-06	5.23254e-09	14	1.13663e-08	9	1.08711e-09	2	2.06711e-08	1	6.38318e-09	4	3.33802e-09	1	0	0	0	0	3.18116e-08	1	0	0	0	0	0	0	0	0	4.51588e-06	204	0	0	0	0	0	0	0	0	0	0	0	0	0	0	0	0
41	0	0	4.46877e-06	6.40249e-09	14	1.03522e-08	9	1.06937e-09	2	0	0	6.56902e-09	4	3.15624e-09	1	0	0	0	0	3.39794e-08	1	0	0	0	0	0	0	0	0	4.40722e-06	194	0	0	0	0	0	0	0	0	0	0	0	0	0	0	0	0
42	0	0	4.3989e-06	5.50006e-09	13	1.18439e-08	7	1.14308e-09	2	0	0	6.51276e-09	4	3.34568e-09	1	0	0	0	0	0	0	0	0	0	0	0	0	0	0	4.37053e-06	188	0	0	0	0	0	0	0	0	0	0	0	0	0	0	0	0
43	0	0	4.50458e-06	5.77928e-09	13	2.38255e-09	8	1.13893e-09	2	0	0	7.07844e-09	4	3.57526e-09	1	0	0	0	0	0	0	0	0	0	0	0	0	0	0	4.48427e-06	179	0	0	0	0	0	0	0	0	0	0	0	0	0	0	0	0
44	0	0	4.22429e-06	5.88251e-09	13	4.09235e-09	8	6.46874e-10	1	0	0	7.08476e-09	4	3.7135e-09	1	0	0	0	0	0	0	0	0	0	0	0	0	0	0	4.20283e-06	173	0	0	0	0	0	0	0	0	0	0	0	0	0	0	0	0
45	0	0	4.05757e-06	6.30419e-09	13	4.28771e-09	8	6.68872e-10	1	0	0	7.70551e-09	4	3.87197e-09	1	0	0	0	0	0	0	0	0	0	0	0	0	0	0	4.03473e-06	158	0	0	0	0	0	0	0	0	0	0	0	0	0	0	0	0
46	0	0	4.20733e-06	7.35647e-09	13	5.54377e-09	8	8.28114e-10	1	0	0	8.20639e-09	4	3.95137e-09	1	0	0	0	0	0	0	0	0	0	0	0	0	0	0	4.18145e-06	151	0	0	0	0	0	0	0	0	0	0	0	0	0	0	0	0
47	0	0	4.20467e-06	8.82701e-09	13	3.96857e-09	8	6.83951e-10	1	0	0	8.66115e-09	4	4.31028e-09	1	0	0	0	0	0	0	0	0	0	0	0	0	0	0	4.17822e-06	141	0	0	0	0	0	0	0	0	0	0	0	0	0	0	0	0
48	0	0	4.04933e-06	5.40664e-09	12	2.97709e-09	7	7.87102e-10	1	0	0	9.22418e-09	4	4.53209e-09	1	0	0	0	0	0	0	0	0	0	0	0	0	0	0	4.0264e-06	129	0	0	0	0	0	0	0	0	0	0	0	0	0	0	0	0
49	0	0	4.24489e-06	8.5328e-09	12	2.96437e-09	7	7.35771e-10	1	0	0	9.99584e-09	4	4.73738e-09	1	0	0	0	0	0	0	0	0	0	0	0	0	0	0	4.20215e-06	119	0	0	0	0	1.57691e-08	1	0	0	0	0	0	0	0	0	0	0
50	0	0	5.51481e-06	6.81401e-09	12	3.00107e-09	7	8.58944e-10	1	0	0	1.15925e-08	4	5.21916e-09	1	0	0	0	0	0	0	0	0	0	0	0	0	2.52327e-09	1	5.41461e-06	116	0	0	0	0	7.01917e-08	1	0	0	0	0	0	0	0	0	0	0
51	0	0	5.8391e-06	5.52105e-09	10	3.03842e-09	7	9.40292e-10	1	0	0	1.59482e-08	4	5.53234e-09	1	0	0	0	0	0	0	0	0	0	0	0	0	0	0	5.78228e-06	109	1.12976e-13	1	0	0	2.58304e-08	1	0	0	0	0	0	0	0	0	0	0
52	0	0	8.6392e-07	7.09771e-09	10	3.22787e-09	7	9.1827e-10	1	0	0	2.40186e-08	4	6.67646e-09	1	0	0	0	0	0	0	0	0	0	0	0	0	0	0	8.21966e-07	39	0	0	0	0	0	0	0	0	0	0	0	0	0	0	0	0
53	0	0	2.68592e-08	8.46656e-09	10	3.35845e-09	7	9.9107e-10	1	0	0	4.97917e-09	3	8.13015e-09	1	0	0	0	0	0	0	0	0	0	0	0	0	0	0	9.18685e-10	1	0	0	0	0	0	0	0	0	0	0	0	0	0	0	0	0
54	0	0	2.35109e-08	2.40943e-09	9	3.39741e-09	7	9.82614e-10	1	0	0	5.4552e-09	3	1.12475e-08	1	0	0	0	0	0	0	0	0	0	0	0	0	0	0	0	0	0	0	0	0	0	0	0	0	0	0	0	0	0	0	0	0
55	0	0	2.35469e-08	2.1302e-09	8	3.5792e-09	7	1.11571e-09	1	0	0	5.45485e-09	3	1.1249e-08	1	0	0	0	0	0	0	0	0	0	0	0	0	0	0	0	0	0	0	0	0	0	0	0	0	0	0	0	0	0	0	0	0
56	0	0	1.26824e-08	2.0246e-09	8	3.7147e-09	7	1.24542e-09	1	0	0	5.6686e-09	3	0	0	0	0	0	0	0	0	0	0	0	0	0	0	0	0	0	0	0	0	0	0	0	0	0	0	0	0	0	0	0	0	0	0
57	0	0	1.35676e-08	2.08991e-09	8	3.82495e-09	7	1.50655e-09	1	0	0	6.06261e-09	3	0	0	0	0	0	0	0	0	0	0	0	0	0	0	6.63125e-11	1	0	0	0	0	0	0	0	0	0	0	0	0	0	0	0	0	0	0
58	0	0	1.42695e-08	2.11112e-09	8	4.30299e-09	7	1.82861e-09	1	0	0	6.00796e-09	3	0	0	0	0	0	0	0	0	0	0	0	0	0	0	0	0	0	0	0	0	0	0	0	0	0	0	0	0	0	0	0	0	0	0
59	0	0	1.64711e-08	2.14745e-09	8	5.10221e-09	7	2.69341e-09	1	0	0	6.50815e-09	3	0	0	0	0	0	0	0	0	0	0	0	0	0	0	0	0	0	0	0	0	0	0	0	0	0	0	0	0	0	0	0	0	0	0
60	0	0	1.7283e-08	2.26807e-09	8	6.22947e-09	7	1.5343e-09	1	0	0	7.23652e-09	3	0	0	0	0	0	0	0	0	0	0	0	0	0	0	0	0	0	0	0	0	0	0	0	0	0	0	0	0	0	0	0	0	0	0
61	0	0	1.40483e-08	2.35609e-09	8	4.32433e-09	6	0	0	0	0	7.34822e-09	3	0	0	0	0	0	0	0	0	0	0	0	0	0	0	0	0	0	0	0	0	0	0	0	0	0	0	0	0	0	0	0	0	0	0
62	0	0	1.31067e-08	2.24835e-09	8	2.73588e-09	6	0	0	0	0	8.10751e-09	3	0	0	0	0	0	0	0	0	0	0	0	0	0	0	0	0	0	0	0	0	0	0	0	0	0	0	0	0	0	0	0	0	0	0
63	0	0	1.35953e-08	2.57193e-09	8	1.70517e-09	5	0	0	0	0	9.30716e-09	3	0	0	0	0	0	0	0	0	0	0	0	0	0	0	0	0	0	0	0	0	0	0	0	0	0	0	0	0	0	0	0	0	0	0
64	0	0	1.56716e-08	2.53629e-09	8	1.67357e-09	5	0	0	0	0	1.14464e-08	3	0	0	0	0	0	0	0	0	0	0	0	0	0	0	0	0	0	0	0	0	0	0	0	0	0	0	0	0	0	0	0	0	0	0
65	0	0	2.17366e-08	2.48592e-09	8	1.55637e-09	5	0	0	0	0	1.76767e-08	3	0	0	0	0	0	0	0	0	0	0	0	0	0	0	0	0	0	0	0	0	0	0	0	0	0	0	0	0	0	0	0	0	0	0
66	0	0	2.2817e-08	2.89271e-09	8	1.73764e-09	5	0	0	0	0	1.81683e-08	3	0	0	0	0	0	0	0	0	0	0	0	0	0	0	0	0	0	0	0	0	0	0	0	0	0	0	0	0	0	0	0	0	0	0
67	0	0	9.47942e-09	3.37088e-09	8	1.6979e-09	5	0	0	0	0	4.36467e-09	2	0	0	0	0	0	0	0	0	0	0	0	0	0	0	0	0	0	0	0	0	0	0	0	0	0	0	0	0	0	0	0	0	0	0
68	0	0	9.92367e-09	3.32115e-09	8	1.67443e-09	5	0	0	0	0	4.81847e-09	2	0	0	0	0	0	0	0	0	0	0	0	0	0	0	0	0	0	0	0	0	0	0	0	0	0	0	0	0	0	0	0	0	0	0
69	0	0	8.65135e-09	1.70927e-09	7	1.75279e-09	5	0	0	0	0	5.07874e-09	2	0	0	0	0	0	0	0	0	0	0	0	0	0	0	0	0	0	0	0	0	0	0	0	0	0	0	0	0	0	0	0	0	0	0
70	0	0	9.30394e-09	1.75514e-09	7	1.80521e-09	5	0	0	0	0	5.60639e-09	2	0	0	0	0	0	0	0	0	0	0	0	0	0	0	0	0	0	0	0	0	0	0	0	0	0	0	0	0	0	0	0	0	0	0
71	0	0	1.00796e-08	1.80045e-09	7	1.72251e-09	5	0	0	0	0	6.54264e-09	2	0	0	0	0	0	0	0	0	0	0	0	0	0	0	0	0	0	0	0	0	0	0	0	0	0	0	0	0	0	0	0	0	0	0
72	0	0	1.1747e-08	1.87259e-09	7	1.91701e-09	5	0	0	0	0	7.9435e-09	2	0	0	0	0	0	0	0	0	0	0	0	0	0	0	0	0	0	0	0	0	0	0	0	0	0	0	0	0	0	0	0	0	0	0
73	0	0	1.47908e-08	1.89779e-09	7	1.76369e-09	5	0	0	0	0	1.11164e-08	2	0	0	0	0	0	0	0	0	0	0	0	0	0	0	0	0	0	0	0	0	0	0	0	0	0	0	0	0	0	0	0	0	0	0
74	0	0	2.65108e-08	1.96649e-09	7	1.86226e-09	5	0	0	0	0	2.26612e-08	2	0	0	0	0	0	0	0	0	0	0	0	0	0	0	0	0	0	0	0	0	0	0	0	0	0	0	0	0	0	0	0	0	0	0
75	0	0	5.52222e-09	1.98786e-09	7	1.79237e-09	5	0	0	0	0	1.53049e-09	1	0	0	0	0	0	0	0	0	0	0	0	0	0	0	0	0	0	0	0	0	0	0	0	0	0	0	0	0	0	0	0	0	0	0
76	0	0	5.59961e-09	2.10836e-09	7	1.92435e-09	5	0	0	0	0	1.54071e-09	1	0	0	0	0	0	0	0	0	0	0	0	0	0	0	0	0	0	0	0	0	0	0	0	0	0	0	0	0	0	0	0	0	0	0
77	0	0	5.67281e-09	2.18523e-09	7	1.93947e-09	5	0	0	0	0	1.52426e-09	1	0	0	0	0	0	0	0	0	0	0	0	0	0	0	0	0	0	0	0	0	0	0	0	0	0	0	0	0	0	0	0	0	0	0
78	0	0	5.72525e-09	2.20692e-09	7	1.97965e-09	5	0	0	0	0	1.51458e-09	1	0	0	0	0	0	0	0	0	0	0	0	0	0	0	0	0	0	0	0	0	0	0	0	0	0	0	0	0	0	0	0	0	0	0
79	0	0	6.02355e-09	2.38802e-09	7	1.9755e-09	5	0	0	0	0	1.6378e-09	1	0	0	0	0	0	0	0	0	0	0	0	0	0	0	0	0	0	0	0	0	0	0	0	0	0	0	0	0	0	0	0	0	0	0
80	0	0	6.23927e-09	2.6362e-09	7	1.9417e-09	5	0	0	0	0	1.63967e-09	1	0	0	0	0	0	0	0	0	0	0	0	0	0	0	0	0	0	0	0	0	0	0	0	0	0	0	0	0	0	0	0	0	0	0
81	0	0	7.03816e-09	3.41405e-09	7	1.82794e-09	5	0	0	0	0	1.77161e-09	1	0	0	0	0	0	0	0	0	0	0	0	0	0	0	0	0	0	0	0	0	0	0	0	0	0	0	0	0	0	0	0	0	0	0
82	0	0	5.68685e-09	1.88203e-09	7	1.96177e-09	5	0	0	0	0	1.77901e-09	1	0	0	0	0	0	0	0	0	0	0	0	0	0	0	0	0	0	0	0	0	0	0	0	0	0	0	0	0	0	0	0	0	0	0
83	0	0	5.11938e-09	1.42893e-09	6	1.92893e-09	5	0	0	0	0	1.74191e-09	1	0	0	0	0	0	0	0	0	0	0	0	0	0	0	0	0	0	0	0	0	0	0	0	0	0	0	0	0	0	0	0	0	0	0
84	0	0	5.36966e-09	1.45054e-09	6	2.06827e-09	5	0	0	0	0	1.83699e-09	1	0	0	0	0	0	0	0	0	0	0	0	0	0	0	0	0	0	0	0	0	0	0	0	0	0	0	0	0	0	0	0	0	0	0
85	0	0	5.50476e-09	1.56198e-09	6	2.05266e-09	5	0	0	0	0	1.87409e-09	1	0	0	0	0	0	0	0	0	0	0	0	0	0	0	0	0	0	0	0	0	0	0	0	0	0	0	0	0	0	0	0	0	0	0
86	0	0	5.58548e-09	1.47628e-09	6	2.12902e-09	5	0	0	0	0	1.96598e-09	1	0	0	0	0	0	0	0	0	0	0	0	0	0	0	0	0	0	0	0	0	0	0	0	0	0	0	0	0	0	0	0	0	0	0
87	0	0	5.77884e-09	1.54221e-09	6	2.25447e-09	5	0	0	0	0	1.96296e-09	1	0	0	0	0	0	0	0	0	0	0	0	0	0	0	0	0	0	0	0	0	0	0	0	0	0	0	0	0	0	0	0	0	0	0
88	0	0	5.64322e-09	1.47754e-09	6	2.19435e-09	5	0	0	0	0	1.95867e-09	1	0	0	0	0	0	0	0	0	0	0	0	0	0	0	0	0	0	0	0	0	0	0	0	0	0	0	0	0	0	0	0	0	0	0
89	0	0	5.97065e-09	1.5908e-09	6	2.14067e-09	5	0	0	0	0	2.2255e-09	1	0	0	0	0	0	0	0	0	0	0	0	0	0	0	0	0	0	0	0	0	0	0	0	0	0	0	0	0	0	0	0	0	0	0
90	0	0	6.20171e-09	1.65502e-09	6	2.30772e-09	5	0	0	0	0	2.22169e-09	1	0	0	0	0	0	0	0	0	0	0	0	0	0	0	0	0	0	0	0	0	0	0	0	0	0	0	0	0	0	0	0	0	0	0
91	0	0	6.43415e-09	1.65652e-09	6	2.30852e-09	5	0	0	0	0	2.44716e-09	1	0	0	0	0	0	0	0	0	0	0	0	0	0	0	0	0	0	0	0	0	0	0	0	0	0	0	0	0	0	0	0	0	0	0
92	0	0	6.45897e-09	1.75341e-09	6	2.26642e-09	5	0	0	0	0	2.42217e-09	1	0	0	0	0	0	0	0	0	0	0	0	0	0	0	0	0	0	0	0	0	0	0	0	0	0	0	0	0	0	0	0	0	0	0
93	0	0	6.90827e-09	1.80623e-09	6	2.4584e-09	5	0	0	0	0	2.61747e-09	1	0	0	0	0	0	0	0	0	0	0	0	0	0	0	0	0	0	0	0	0	0	0	0	0	0	0	0	0	0	0	0	0	0	0
94	0	0	7.16908e-09	1.75945e-09	6	2.52441e-09	5	0	0	0	0	2.86596e-09	1	0	0	0	0	0	0	0	0	0	0	0	0	0	0	0	0	0	0	0	0	0	0	0	0	0	0	0	0	0	0	0	0	0	0
95	0	0	7.10551e-09	1.77661e-09	6	2.50646e-09	5	0	0	0	0	2.79128e-09	1	0	0	0	0	0	0	0	0	0	0	0	0	0	0	0	0	0	0	0	0	0	0	0	0	0	0	0	0	0	0	0	0	0	0
96	0	0	7.69795e-09	1.815e-09	6	2.68382e-09	5	0	0	0	0	3.17832e-09	1	0	0	0	0	0	0	0	0	0	0	0	0	0	0	0	0	0	0	0	0	0	0	0	0	0	0	0	0	0	0	0	0	0	0
97	0	0	8.06283e-09	1.91359e-09	6	2.68471e-09	5	0	0	0	0	3.43679e-09	1	0	0	0	0	0	0	0	0	0	0	0	0	0	0	0	0	0	0	0	0	0	0	0	0	0	0	0	0	0	0	0	0	0	0
98	0	0	8.89625e-09	2.14388e-09	6	2.91823e-09	5	0	0	0	0	3.82147e-09	1	0	0	0	0	0	0	0	0	0	0	0	0	0	0	0	0	0	0	0	0	0	0	0	0	0	0	0	0	0	0	0	0	0	0
99	0	0	9.10233e-09	2.04238e-09	6	2.84277e-09	5	0	0	0	0	4.19004e-09	1	0	0	0	0	0	0	0	0	0	0	0	0	0	0	0	0	0	0	0	0	0	0	0	0	0	0	0	0	0	0	0	0	0	0
100	0	0	1.00652e-08	2.10477e-09	6	3.10439e-09	5	0	0	0	0	4.81431e-09	1	0	0	0	0	0	0	0	0	0	0	0	0	0	0	0	0	0	0	0	0	0	0	0	0	0	0	0	0	0	0	0	0	0	0
101	0	0	1.13434e-08	2.13667e-09	6	3.00875e-09	5	0	0	0	0	6.13973e-09	1	0	0	0	0	0	0	0	0	0	0	0	0	0	0	0	0	0	0	0	0	0	0	0	0	0	0	0	0	0	0	0	0	0	0
102	0	0	1.32347e-08	2.49679e-09	6	1.92371e-09	4	0	0	0	0	8.6026e-09	1	0	0	0	0	0	0	0	0	0	0	0	0	0	0	0	0	0	0	0	0	0	0	0	0	0	0	0	0	0	0	0	0	0	0
103	0	0	2.84864e-08	2.76428e-09	6	1.76172e-09	4	0	0	0	0	2.38157e-08	1	0	0	0	0	0	0	0	0	0	0	0	0	0	0	0	0	0	0	0	0	0	0	0	0	0	0	0	0	0	0	0	0	0	0
104	0	0	5.30028e-09	3.31965e-09	6	1.93449e-09	4	0	0	0	0	0	0	0	0	0	0	0	0	0	0	0	0	0	0	0	0	0	0	0	0	0	0	0	0	0	0	0	0	0	0	0	0	0	0	0	0
105	0	0	3.34132e-09	1.28951e-09	5	1.9138e-09	4	0	0	0	0	0	0	0	0	0	0	0	0	0	0	0	0	0	0	0	0	0	0	0	0	0	0	0	0	0	0	0	0	0	0	0	0	0	0	0	0
106	0	0	3.56114e-09	1.48053e-09	5	2.06884e-09	4	0	0	0	0	0	0	0	0	0	0	0	0	0	0	0	0	0	0	0	0	0	0	0	0	0	0	0	0	0	0	0	0	0	0	0	0	0	0	0	0
107	0	0	3.45182e-09	1.32843e-09	5	2.12339e-09	4	0	0	0	0	0	0	0	0	0	0	0	0	0	0	0	0	0	0	0	0	0	0	0	0	0	0	0	0	0	0	0	0	0	0	0	0	0	0	0	0
108	0	0	3.53394e-09	1.30856e-09	5	2.22538e-09	4	0	0	0	0	0	0	0	0	0	0	0	0	0	0	0	0	0	0	0	0	0	0	0	0	0	0	0	0	0	0	0	0	0	0	0	0	0	0	0	0
109	0	0	3.90792e-09	1.47955e-09	5	2.42837e-09	4	0	0	0	0	0	0	0	0	0	0	0	0	0	0	0	0	0	0	0	0	0	0	0	0	0	0	0	0	0	0	0	0	0	0	0	0	0	0	0	0
110	0	0	4.10118e-09	1.39839e-09	5	2.70279e-09	4	0	0	0	0	0	0	0	0	0	0	0	0	0	0	0	0	0	0	0	0	0	0	0	0	0	0	0	0	0	0	0	0	0	0	0	0	0	0	0	0
111	0	0	4.71968e-09	1.57417e-09	5	3.14552e-09	4	0	0	0	0	0	0	0	0	0	0	0	0	0	0	0	0	0	0	0	0	0	0	0	0	0	0	0	0	0	0	0	0	0	0	0	0	0	0	0	0
112	0	0	4.949e-09	1.43227e-09	5	3.51673e-09	4	0	0	0	0	0	0	0	0	0	0	0	0	0	0	0	0	0	0	0	0	0	0	0	0	0	0	0	0	0	0	0	0	0	0	0	0	0	0	0	0
113	0	0	2.9396e-09	1.63126e-09	5	1.30834e-09	3	0	0	0	0	0	0	0	0	0	0	0	0	0	0	0	0	0	0	0	0	0	0	0	0	0	0	0	0	0	0	0	0	0	0	0	0	0	0	0	0
114	0	0	2.82349e-09	1.49824e-09	5	1.32526e-09	3	0	0	0	0	0	0	0	0	0	0	0	0	0	0	0	0	0	0	0	0	0	0	0	0	0	0	0	0	0	0	0	0	0	0	0	0	0	0	0	0
115	0	0	3.00474e-09	1.7183e-09	5	1.28645e-09	3	0	0	0	0	0	0	0	0	0	0	0	0	0	0	0	0	0	0	0	0	0	0	0	0	0	0	0	0	0	0	0	0	0	0	0	0	0	0	0	0
116	0	0	2.89397e-09	1.60805e-09	5	1.28593e-09	3	0	0	0	0	0	0	0	0	0	0	0	0	0	0	0	0	0	0	0	0	0	0	0	0	0	0	0	0	0	0	0	0	0	0	0	0	0	0	0	0
117	0	0	3.1219e-09	1.74837e-09	5	1.37353e-09	3	0	0	0	0	0	0	0	0	0	0	0	0	0	0	0	0	0	0	0	0	0	0	0	0	0	0	0	0	0	0	0	0	0	0	0	0	0	0	0	0
118	0	0	3.28022e-09	1.84703e-09	5	1.43318e-09	3	0	0	0	0	0	0	0	0	0	0	0	0	0	0	0	0	0	0	0	0	0	0	0	0	0	0	0	0	0	0	0	0	0	0	0	0	0	0	0	0
119	0	0	3.23513e-09	1.76149e-09	5	1.47363e-09	3	0	0	0	0	0	0	0	0	0	0	0	0	0	0	0	0	0	0	0	0	0	0	0	0	0	0	0	0	0	0	0	0	0	0	0	0	0	0	0	0
120	0	0	3.32759e-09	1.93706e-09	5	1.39052e-09	3	0	0	0	0	0	0	0	0	0	0	0	0	0	0	0	0	0	0	0	0	0	0	0	0	0	0	0	0	0	0	0	0	0	0	0	0	0	0	0	0
121	0	0	3.34105e-09	1.90378e-09	5	1.43727e-09	3	0	0	0	0	0	0	0	0	0	0	0	0	0	0	0	0	0	0	0	0	0	0	0	0	0	0	0	0	0	0	0	0	0	0	0	0	0	0	0	0
122	0	0	3.71531e-09	2.20505e-09	5	1.51026e-09	3	0	0	0	0	0	0	0	0	0	0	0	0	0	0	0	0	0	0	0	0	0	0	0	0	0	0	0	0	0	0	0	0	0	0	0	0	0	0	0	0
123	0	0	4.28587e-09	2.66084e-09	5	1.53651e-09	3	0	0	0	0	0	0	0	0	0	0	0	0	0	0	0	0	0	0	0	0	0	0	0	0	0	0	0	0	0	0	0	0	0	0	0	0	0	0	0	0
124	0	0	4.37034e-09	2.7898e-09	5	1.58055e-09	3	0	0	0	0	0	0	0	0	0	0	0	0	0	0	0	0	0	0	0	0	0	0	0	0	0	0	0	0	0	0	0	0	0	0	0	0	0	0	0	0
125	0	0	2.92419e-09	1.3165e-09	4	1.60769e-09	3	0	0	0	0	0	0	0	0	0	0	0	0	0	0	0	0	0	0	0	0	0	0	0	0	0	0	0	0	0	0	0	0	0	0	0	0	0	0	0	0
126	0	0	3.02919e-09	1.33202e-09	4	1.69717e-09	3	0	0	0	0	0	0	0	0	0	0	0	0	0	0	0	0	0	0	0	0	0	0	0	0	0	0	0	0	0	0	0	0	0	0	0	0	0	0	0	0
127	0	0	3.25547e-09	1.41049e-09	4	1.84497e-09	3	0	0	0	0	0	0	0	0	0	0	0	0	0	0	0	0	0	0	0	0	0	0	0	0	0	0	0	0	0	0	0	0	0	0	0	0	0	0	0	0
128	0	0	3.39283e-09	1.49566e-09	4	1.89717e-09	3	0	0	0	0	0	0	0	0	0	0	0	0	0	0	0	0	0	0	0	0	0	0	0	0	0	0	0	0	0	0	0	0	0	0	0	0	0	0	0	0
129	0	0	3.4702e-09	1.57506e-09	4	1.89513e-09	3	0	0	0	0	0	0	0	0	0	0	0	0	0	0	0	0	0	0	0	0	0	0	0	0	0	0	0	0	0	0	0	0	0	0	0	0	0	0	0	0
130	0	0	3.82474e-09	1.85534e-09	4	1.96939e-09	3	0	0	0	0	0	0	0	0	0	0	0	0	0	0	0	0	0	0	0	0	0	0	0	0	0	0	0	0	0	0	0	0	0	0	0	0	0	0	0	0
131	0	0	4.50691e-09	2.44102e-09	4	2.06589e-09	3	0	0	0	0	0	0	0	0	0	0	0	0	0	0	0	0	0	0	0	0	0	0	0	0	0	0	0	0	0	0	0	0	0	0	0	0	0	0	0	0
132	0	0	4.19306e-09	1.85233e-09	4	2.34073e-09	3	0	0	0	0	0	0	0	0	0	0	0	0	0	0	0	0	0	0	0	0	0	0	0	0	0	0	0	0	0	0	0	0	0	0	0	0	0	0	0	0
133	0	0	3.30563e-09	7.30845e-10	3	2.57479e-09	3	0	0	0	0	0	0	0	0	0	0	0	0	0	0	0	0	0	0	0	0	0	0	0	0	0	0	0	0	0	0	0	0	0	0	0	0	0	0	0	0
134	0	0	3.63394e-09	8.21469e-10	3	2.81247e-09	3	0	0	0	0	0	0	0	0	0	0	0	0	0	0	0	0	0	0	0	0	0	0	0	0	0	0	0	0	0	0	0	0	0	0	0	0	0	0	0	0
135	0	0	4.3672e-09	7.78458e-10	3	3.58875e-09	3	0	0	0	0	0	0	0	0	0	0	0	0	0	0	0	0	0	0	0	0	0	0	0	0	0	0	0	0	0	0	0	0	0	0	0	0	0	0	0	0
136	0	0	4.59594e-09	6.66571e-10	3	3.92937e-09	3	0	0	0	0	0	0	0	0	0	0	0	0	0	0	0	0	0	0	0	0	0	0	0	0	0	0	0	0	0	0	0	0	0	0	0	0	0	0	0	0
137	0	0	2.11862e-09	7.43122e-10	3	1.3755e-09	2	0	0	0	0	0	0	0	0	0	0	0	0	0	0	0	0	0	0	0	0	0	0	0	0	0	0	0	0	0	0	0	0	0	0	0	0	0	0	0	0
138	0	0	2.3012e-09	7.61502e-10	3	1.5397e-09	2	0	0	0	0	0	0	0	0	0	0	0	0	0	0	0	0	0	0	0	0	0	0	0	0	0	0	0	0	0	0	0	0	0	0	0	0	0	0	0	0
139	0	0	2.60359e-09	7.78552e-10	3	1.82504e-09	2	0	0	0	0	0	0	0	0	0	0	0	0	0	0	0	0	0	0	0	0	0	0	0	0	0	0	0	0	0	0	0	0	0	0	0	0	0	0	0	0
140	0	0	3.59035e-09	7.3818e-10	3	2.85217e-09	2	0	0	0	0	0	0	0	0	0	0	0	0	0	0	0	0	0	0	0	0	0	0	0	0	0	0	0	0	0	0	0	0	0	0	0	0	0	0	0	0
141	0	0	2.2811e-09	7.61146e-10	3	1.51995e-09	2	0	0	0	0	0	0	0	0	0	0	0	0	0	0	0	0	0	0	0	0	0	0	0	0	0	0	0	0	0	0	0	0	0	0	0	0	0	0	0	0
142	0	0	1.01215e-09	8.07783e-10	3	2.04369e-10	1	0	0	0	0	0	0	0	0	0	0	0	0	0	0	0	0	0	0	0	0	0	0	0	0	0	0	0	0	0	0	0	0	0	0	0	0	0	0	0	0
143	0	0	1.06306e-09	8.65665e-10	3	1.97393e-10	1	0	0	0	0	0	0	0	0	0	0	0	0	0	0	0	0	0	0	0	0	0	0	0	0	0	0	0	0	0	0	0	0	0	0	0	0	0	0	0	0
144	0	0	1.12369e-09	8.75578e-10	3	2.48113e-10	1	0	0	0	0	0	0	0	0	0	0	0	0	0	0	0	0	0	0	0	0	0	0	0	0	0	0	0	0	0	0	0	0	0	0	0	0	0	0	0	0
145	0	0	1.00407e-09	7.81874e-10	3	2.22193e-10	1	0	0	0	0	0	0	0	0	0	0	0	0	0	0	0	0	0	0	0	0	0	0	0	0	0	0	0	0	0	0	0	0	0	0	0	0	0	0	0	0
146	0	0	1.01866e-09	8.22005e-10	3	1.96655e-10	1	0	0	0	0	0	0	0	0	0	0	0	0	0	0	0	0	0	0	0	0	0	0	0	0	0	0	0	0	0	0	0	0	0	0	0	0	0	0	0	0
147	0	0	1.04301e-09	7.94867e-10	3	2.48146e-10	1	0	0	0	0	0	0	0	0	0	0	0	0	0	0	0	0	0	0	0	0	0	0	0	0	0	0	0	0	0	0	0	0	0	0	0	0	0	0	0	0
148	0	0	1.12059e-09	8.92746e-10	3	2.27842e-10	1	0	0	0	0	0	0	0	0	0	0	0	0	0	0	0	0	0	0	0	0	0	0	0	0	0	0	0	0	0	0	0	0	0	0	0	0	0	0	0	0
149	0	0	1.00599e-09	8.20612e-10	3	1.85378e-10	1	0	0	0	0	0	0	0	0	0	0	0	0	0	0	0	0	0	0	0	0	0	0	0	0	0	0	0	0	0	0	0	0	0	0	0	0	0	0	0	0
150	0	0	1.04595e-09	8.49861e-10	3	1.9609e-10	1	0	0	0	0	0	0	0	0	0	0	0	0	0	0	0	0	0	0	0	0	0	0	0	0	0	0	0	0	0	0	0	0	0	0	0	0	0	0	0	0
151	0	0	1.10515e-09	8.55306e-10	3	2.49846e-10	1	0	0	0	0	0	0	0	0	0	0	0	0	0	0	0	0	0	0	0	0	0	0	0	0	0	0	0	0	0	0	0	0	0	0	0	0	0	0	0	0
152	0	0	1.18285e-09	9.85154e-10	3	1.97692e-10	1	0	0	0	0	0	0	0	0	0	0	0	0	0	0	0	0	0	0	0	0	0	0	0	0	0	0	0	0	0	0	0	0	0	0	0	0	0	0	0	0
153	0	0	1.17445e-09	9.83748e-10	3	1.907e-10	1	0	0	0	0	0	0	0	0	0	0	0	0	0	0	0	0	0	0	0	0	0	0	0	0	0	0	0	0	0	0	0	0	0	0	0	0	0	0	0	0
154	0	0	1.0924e-09	8.87878e-10	3	2.04524e-10	1	0	0	0	0	0	0	0	0	0	0	0	0	0	0	0	0	0	0	0	0	0	0	0	0	0	0	0	0	0	0	0	0	0	0	0	0	0	0	0	0
155	0	0	1.10418e-09	8.96863e-10	3	2.07315e-10	1	0	0	0	0	0	0	0	0	0	0	0	0	0	0	0	0	0	0	0	0	0	0	0	0	0	0	0	0	0	0	0	0	0	0	0	0	0	0	0	0
156	0	0	1.20864e-09	1.02516e-09	3	1.83471e-10	1	0	0	0	0	0	0	0	0	0	0	0	0	0	0	0	0	0	0	0	0	0	0	0	0	0	0	0	0	0	0	0	0	0	0	0	0	0	0	0	0
157	0	0	1.26416e-09	1.03632e-09	3	2.2784e-10	1	0	0	0	0	0	0	0	0	0	0	0	0	0	0	0	0	0	0	0	0	0	0	0	0	0	0	0	0	0	0	0	0	0	0	0	0	0	0	0	0
158	0	0	1.3193e-09	1.11115e-09	3	2.08149e-10	1	0	0	0	0	0	0	0	0	0	0	0	0	0	0	0	0	0	0	0	0	0	0	0	0	0	0	0	0	0	0	0	0	0	0	0	0	0	0	0	0
159	0	0	1.456e-09	1.2356e-09	3	2.20391e-10	1	0	0	0	0	0	0	0	0	0	0	0	0	0	0	0	0	0	0	0	0	0	0	0	0	0	0	0	0	0	0	0	0	0	0	0	0	0	0	0	0
160	0	0	1.4037e-09	1.17862e-09	3	2.25088e-10	1	0	0	0	0	0	0	0	0	0	0	0	0	0	0	0	0	0	0	0	0	0	0	0	0	0	0	0	0	0	0	0	0	0	0	0	0	0	0	0	0
161	0	0	1.58609e-09	1.30166e-09	3	2.84429e-10	1	0	0	0	0	0	0	0	0	0	0	0	0	0	0	0	0	0	0	0	0	0	0	0	0	0	0	0	0	0	0	0	0	0	0	0	0	0	0	0	0
162	0	0	1.72449e-09	1.50176e-09	3	2.22721e-10	1	0	0	0	0	0	0	0	0	0	0	0	0	0	0	0	0	0	0	0	0	0	0	0	0	0	0	0	0	0	0	0	0	0	0	0	0	0	0	0	0
163	0	0	1.70616e-09	1.44112e-09	3	2.65046e-10	1	0	0	0	0	0	0	0	0	0	0	0	0	0	0	0	0	0	0	0	0	0	0	0	0	0	0	0	0	0	0	0	0	0	0	0	0	0	0	0	0
164	0	0	1.95299e-09	1.67198e-09	3	2.81009e-10	1	0	0	0	0	0	0	0	0	0	0	0	0	0	0	0	0	0	0	0	0	0	0	0	0	0	0	0	0	0	0	0	0	0	0	0	0	0	0	0	0
165	0	0	2.43434e-09	2.23692e-09	3	1.97421e-10	1	0	0	0	0	0	0	0	0	0	0	0	0	0	0	0	0	0	0	0	0	0	0	0	0	0	0	0	0	0	0	0	0	0	0	0	0	0	0	0	0
166	0	0	3.50674e-09	3.21364e-09	3	2.93101e-10	1	0	0	0	0	0	0	0	0	0	0	0	0	0	0	0	0	0	0	0	0	0	0	0	0	0	0	0	0	0	0	0	0	0	0	0	0	0	0	0	0
167	0	0	5.79554e-10	3.17152e-10	2	2.62403e-10	1	0	0	0	0	0	0	0	0	0	0	0	0	0	0	0	0	0	0	0	0	0	0	0	0	0	0	0	0	0	0	0	0	0	0	0	0	0	0	0	0
168	0	0	5.51626e-10	3.07484e-10	2	2.44142e-10	1	0	0	0	0	0	0	0	0	0	0	0	0	0	0	0	0	0	0	0	0	0	0	0	0	0	0	0	0	0	0	0	0	0	0	0	0	0	0	0	0
169	0	0	6.15589e-10	3.1578e-10	2	2.99809e-10	1	0	0	0	0	0	0	0	0	0	0	0	0	0	0	0	0	0	0	0	0	0	0	0	0	0	0	0	0	0	0	0	0	0	0	0	0	0	0	0	0
170	0	0	5.66549e-10	3.16953e-10	2	2.49595e-10	1	0	0	0	0	0	0	0	0	0	0	0	0	0	0	0	0	0	0	0	0	0	0	0	0	0	0	0	0	0	0	0	0	0	0	0	0	0	0	0	0
171	0	0	7.41292e-10	4.36217e-10	2	2.28954e-10	1	0	0	0	0	0	0	0	0	0	0	0	0	0	0	0	0	0	0	0	0	0	0	0	0	0	0	0	0	0	0	0	0	0	0	0	0	0	0	0	0
172	0	0	6.02666e-10	3.00995e-10	2	2.87462e-10	1	0	0	0	0	0	0	0	0	0	0	0	0	0	0	0	0	0	0	0	0	0	0	0	0	0	0	0	0	0	0	0	0	0	0	0	0	0	0	0	0
173	0	0	7.08765e-10	3.38664e-10	2	2.7373e-10	1	0	0	0	0	0	0	0	0	0	0	0	0	0	0	0	0	0	0	0	0	0	0	0	0	0	0	0	0	0	0	0	0	0	0	0	0	0	0	0	0
174	0	0	1.86744e-09	3.09794e-10	2	2.6352e-10	1	0	0	0	0	0	0	0	0	0	0	0	0	0	0	0	0	0	0	0	0	1.29413e-09	1	0	0	0	0	0	0	0	0	0	0	0	0	0	0	0	0	0	0
175	0	0	3.76777e-10	1.51789e-10	1	2.24988e-10	1	0	0	0	0	0	0	0	0	0	0	0	0	0	0	0	0	0	0	0	0	0	0	0	0	0	0	0	0	0	0	0	0	0	0	0	0	0	0	0	0
176	0	0	4.44941e-10	1.53067e-10	1	2.91873e-10	1	0	0	0	0	0	0	0	0	0	0	0	0	0	0	0	0	0	0	0	0	0	0	0	0	0	0	0	0	0	0	0	0	0	0	0	0	0	0	0	0
177	0	0	4.79723e-10	1.6085e-10	1	3.18872e-10	1	0	0	0	0	0	0	0	0	0	0	0	0	0	0	0	0	0	0	0	0	0	0	0	0	0	0	0	0	0	0	0	0	0	0	0	0	0	0	0	0
178	0	0	4.2235e-10	1.57544e-10	1	2.64806e-10	1	0	0	0	0	0	0	0	0	0	0	0	0	0	0	0	0	0	0	0	0	0	0	0	0	0	0	0	0	0	0	0	0	0	0	0	0	0	0	0	0
179	0	0	4.08495e-10	1.50759e-10	1	2.57736e-10	1	0	0	0	0	0	0	0	0	0	0	0	0	0	0	0	0	0	0	0	0	0	0	0	0	0	0	0	0	0	0	0	0	0	0	0	0	0	0	0	0
180	0	0	5.15928e-10	2.14898e-10	1	3.0103e-10	1	0	0	0	0	0	0	0	0	0	0	0	0	0	0	0	0	0	0	0	0	0	0	0	0	0	0	0	0	0	0	0	0	0	0	0	0	0	0	0	0
181	0	0	4.44918e-10	1.53439e-10	1	2.91479e-10	1	0	0	0	0	0	0	0	0	0	0	0	0	0	0	0	0	0	0	0	0	0	0	0	0	0	0	0	0	0	0	0	0	0	0	0	0	0	0	0	0
182	0	0	5.54547e-10	2.83575e-10	1	2.70971e-10	1	0	0	0	0	0	0	0	0	0	0	0	0	0	0	0	0	0	0	0	0	0	0	0	0	0	0	0	0	0	0	0	0	0	0	0	0	0	0	0	0
183	0	0	4.4836e-10	1.77624e-10	1	2.70736e-10	1	0	0	0	0	0	0	0	0	0	0	0	0	0	0	0	0	0	0	0	0	0	0	0	0	0	0	0	0	0	0	0	0	0	0	0	0	0	0	0	0
184	0	0	4.4639e-10	1.49015e-10	1	2.97375e-10	1	0	0	0	0	0	0	0	0	0	0	0	0	0	0	0	0	0	0	0	0	0	0	0	0	0	0	0	0	0	0	0	0	0	0	0	0	0	0	0	0
185	0	0	4.42534e-10	1.94529e-10	1	2.48005e-10	1	0	0	0	0	0	0	0	0	0	0	0	0	0	0	0	0	0	0	0	0	0	0	0	0	0	0	0	0	0	0	0	0	0	0	0	0	0	0	0	0
186	0	0	5.55864e-10	2.09925e-10	1	3.45939e-10	1	0	0	0	0	0	0	0	0	0	0	0	0	0	0	0	0	0	0	0	0	0	0	0	0	0	0	0	0	0	0	0	0	0	0	0	0	0	0	0	0
187	0	0	4.27954e-10	1.78888e-10	1	2.49066e-10	1	0	0	0	0	0	0	0	0	0	0	0	0	0	0	0	0	0	0	0	0	0	0	0	0	0	0	0	0	0	0	0	0	0	0	0	0	0	0	0	0
188	0	0	4.68367e-10	1.54542e-10	1	3.13825e-10	1	0	0	0	0	0	0	0	0	0	0	0	0	0	0	0	0	0	0	0	0	0	0	0	0	0	0	0	0	0	0	0	0	0	0	0	0	0	0	0	0
189	0	0	4.8509e-10	2.21643e-10	1	2.63447e-10	1	0	0	0	0	0	0	0	0	0	0	0	0	0	0	0	0	0	0	0	0	0	0	0	0	0	0	0	0	0	0	0	0	0	0	0	0	0	0	0	0
190	0	0	4.51253e-10	2.13332e-10	1	2.37921e-10	1	0	0	0	0	0	0	0	0	0	0	0	0	0	0	0	0	0	0	0	0	0	0	0	0	0	0	0	0	0	0	0	0	0	0	0	0	0	0	0	0
191	0	0	4.3993e-10	1.67673e-10	1	2.72257e-10	1	0	0	0	0	0	0	0	0	0	0	0	0	0	0	0	0	0	0	0	0	0	0	0	0	0	0	0	0	0	0	0	0	0	0	0	0	0	0	0	0
192	0	0	4.03025e-10	1.66231e-10	1	2.36794e-10	1	0	0	0	0	0	0	0	0	0	0	0	0	0	0	0	0	0	0	0	0	0	0	0	0	0	0	0	0	0	0	0	0	0	0	0	0	0	0	0	0
193	0	0	4.17135e-10	1.66735e-10	1	2.50401e-10	1	0	0	0	0	0	0	0	0	0	0	0	0	0	0	0	0	0	0	0	0	0	0	0	0	0	0	0	0	0	0	0	0	0	0	0	0	0	0	0	0
194	0	0	5.17597e-10	2.05364e-10	1	3.12233e-10	1	0	0	0	0	0	0	0	0	0	0	0	0	0	0	0	0	0	0	0	0	0	0	0	0	0	0	0	0	0	0	0	0	0	0	0	0	0	0	0	0
195	0	0	5.06305e-10	2.4255e-10	1	2.63754e-10	1	0	0	0	0	0	0	0	0	0	0	0	0	0	0	0	0	0	0	0	0	0	0	0	0	0	0	0	0	0	0	0	0	0	0	0	0	0	0	0	0
196	0	0	4.84176e-10	1.94207e-10	1	2.89969e-10	1	0	0	0	0	0	0	0	0	0	0	0	0	0	0	0	0	0	0	0	0	0	0	0	0	0	0	0	0	0	0	0	0	0	0	0	0	0	0	0	0
197	0	0	4.3136e-10	1.73593e-10	1	2.57767e-10	1	0	0	0	0	0	0	0	0	0	0	0	0	0	0	0	0	0	0	0	0	0	0	0	0	0	0	0	0	0	0	0	0	0	0	0	0	0	0	0	0
198	0	0	4.96978e-10	2.30326e-10	1	2.66652e-10	1	0	0	0	0	0	0	0	0	0	0	0	0	0	0	0	0	0	0	0	0	0	0	0	0	0	0	0	0	0	0	0	0	0	0	0	0	0	0	0	0
199	0	0	4.62012e-10	1.72955e-10	1	2.89057e-10	1	0	0	0	0	0	0	0	0	0	0	0	0	0	0	0	0	0	0	0	0	0	0	0	0	0	0	0	0	0	0	0	0	0	0	0	0	0	0	0	0
200	0	0	4.50192e-10	1.9055e-10	1	2.59642e-10	1	0	0	0	0	0	0	0	0	0	0	0	0	0	0	0	0	0	0	0	0	0	0	0	0	0	0	0	0	0	0	0	0	0	0	0	0	0	0	0	0
201	0	0	4.91965e-10	2.01241e-10	1	2.90724e-10	1	0	0	0	0	0	0	0	0	0	0	0	0	0	0	0	0	0	0	0	0	0	0	0	0	0	0	0	0	0	0	0	0	0	0	0	0	0	0	0	0
202	0	0	5.01951e-10	2.19682e-10	1	2.82269e-10	1	0	0	0	0	0	0	0	0	0	0	0	0	0	0	0	0	0	0	0	0	0	0	0	0	0	0	0	0	0	0	0	0	0	0	0	0	0	0	0	0
203	0	0	4.56618e-10	1.59259e-10	1	2.9736e-10	1	0	0	0	0	0	0	0	0	0	0	0	0	0	0	0	0	0	0	0	0	0	0	0	0	0	0	0	0	0	0	0	0	0	0	0	0	0	0	0	0
204	0	0	4.44882e-10	1.69512e-10	1	2.7537e-10	1	0	0	0	0	0	0	0	0	0	0	0	0	0	0	0	0	0	0	0	0	0	0	0	0	0	0	0	0	0	0	0	0	0	0	0	0	0	0	0	0
205	0	0	4.31735e-10	1.69296e-10	1	2.62439e-10	1	0	0	0	0	0	0	0	0	0	0	0	0	0	0	0	0	0	0	0	0	0	0	0	0	0	0	0	0	0	0	0	0	0	0	0	0	0	0	0	0
206	0	0	4.98935e-10	1.85105e-10	1	3.1383e-10	1	0	0	0	0	0	0	0	0	0	0	0	0	0	0	0	0	0	0	0	0	0	0	0	0	0	0	0	0	0	0	0	0	0	0	0	0	0	0	0	0
207	0	0	4.75759e-10	2.08465e-10	1	2.67295e-10	1	0	0	0	0	0	0	0	0	0	0	0	0	0	0	0	0	0	0	0	0	0	0	0	0	0	0	0	0	0	0	0	0	0	0	0	0	0	0	0	0
208	0	0	4.95017e-10	1.77877e-10	1	3.1714e-10	1	0	0	0	0	0	0	0	0	0	0	0	0	0	0	0	0	0	0	0	0	0	0	0	0	0	0	0	0	0	0	0	0	0	0	0	0	0	0	0	0
209	0	0	4.32095e-10	1.55507e-10	1	2.76588e-10	1	0	0	0	0	0	0	0	0	0	0	0	0	0	0	0	0	0	0	0	0	0	0	0	0	0	0	0	0	0	0	0	0	0	0	0	0	0	0	0	0
210	0	0	5.32341e-10	2.52167e-10	1	2.80174e-10	1	0	0	0	0	0	0	0	0	0	0	0	0	0	0	0	0	0	0	0	0	0	0	0	0	0	0	0	0	0	0	0	0	0	0	0	0	0	0	0	0
211	0	0	5.66442e-10	2.90685e-10	1	2.75757e-10	1	0	0	0	0	0	0	0	0	0	0	0	0	0	0	0	0	0	0	0	0	0	0	0	0	0	0	0	0	0	0	0	0	0	0	0	0	0	0	0	0
212	0	0	4.73793e-10	1.7276e-10	1	3.01033e-10	1	0	0	0	0	0	0	0	0	0	0	0	0	0	0	0	0	0	0	0	0	0	0	0	0	0	0	0	0	0	0	0	0	0	0	0	0	0	0	0	0
213	0	0	4.86147e-10	1.81718e-10	1	3.04429e-10	1	0	0	0	0	0	0	0	0	0	0	0	0	0	0	0	0	0	0	0	0	0	0	0	0	0	0	0	0	0	0	0	0	0	0	0	0	0	0	0	0
214	0	0	5.15437e-10	1.6661e-10	1	3.48827e-10	1	0	0	0	0	0	0	0	0	0	0	0	0	0	0	0	0	0	0	0	0	0	0	0	0	0	0	0	0	0	0	0	0	0	0	0	0	0	0	0	0
215	0	0	6.38847e-10	2.68719e-10	1	3.70128e-10	1	0	0	0	0	0	0	0	0	0	0	0	0	0	0	0	0	0	0	0	0	0	0	0	0	0	0	0	0	0	0	0	0	0	0	0	0	0	0	0	0
216	0	0	4.98835e-10	1.8412e-10	1	3.14715e-10	1	0	0	0	0	0	0	0	0	0	0	0	0	0	0	0	0	0	0	0	0	0	0	0	0	0	0	0	0	0	0	0	0	0	0	0	0	0	0	0	0
217	0	0	6.04545e-10	2.7717e-10	1	3.27375e-10	1	0	0	0	0	0	0	0	0	0	0	0	0	0	0	0	0	0	0	0	0	0	0	0	0	0	0	0	0	0	0	0	0	0	0	0	0	0	0	0	0
218	0	0	5.17139e-10	1.74137e-10	1	3.43002e-10	1	0	0	0	0	0	0	0	0	0	0	0	0	0	0	0	0	0	0	0	0	0	0	0	0	0	0	0	0	0	0	0	0	0	0	0	0	0	0	0	0
219	0	0	5.4549e-10	1.66962e-10	1	3.78528e-10	1	0	0	0	0	0	0	0	0	0	0	0	0	0	0	0	0	0	0	0	0	0	0	0	0	0	0	0	0	0	0	0	0	0	0	0	0	0	0	0	0
220	0	0	5.09957e-10	2.23603e-10	1	2.86354e-10	1	0	0	0	0	0	0	0	0	0	0	0	0	0	0	0	0	0	0	0	0	0	0	0	0	0	0	0	0	0	0	0	0	0	0	0	0	0	0	0	0
221	0	0	5.33657e-10	1.95504e-10	1	3.38153e-10	1	0	0	0	0	0	0	0	0	0	0	0	0	0	0	0	0	0	0	0	0	0	0	0	0	0	0	0	0	0	0	0	0	0	0	0	0	0	0	0	0
222	0	0	5.37528e-10	2.14669e-10	1	3.22859e-10	1	0	0	0	0	0	0	0	0	0	0	0	0	0	0	0	0	0	0	0	0	0	0	0	0	0	0	0	0	0	0	0	0	0	0	0	0	0	0	0	0
223	0	0	4.97553e-10	1.83946e-10	1	3.13607e-10	1	0	0	0	0	0	0	0	0	0	0	0	0	0	0	0	0	0	0	0	0	0	0	0	0	0	0	0	0	0	0	0	0	0	0	0	0	0	0	0	0
224	0	0	6.00523e-10	2.39449e-10	1	3.61074e-10	1	0	0	0	0	0	0	0	0	0	0	0	0	0	0	0	0	0	0	0	0	0	0	0	0	0	0	0	0	0	0	0	0	0	0	0	0	0	0	0	0
225	0	0	6.77425e-10	3.2883e-10	1	3.29616e-10	1	0	0	0	0	0	0	0	0	0	0	0	0	0	0	0	0	0	0	0	0	0	0	0	0	0	0	0	0	0	0	0	0	0	0	0	0	0	0	0	0
226	0	0	6.29222e-10	2.31775e-10	1	3.37562e-10	1	0	0	0	0	0	0	0	0	0	0	0	0	0	0	0	0	0	0	0	0	0	0	0	0	0	0	0	0	0	0	0	0	0	0	0	0	0	0	0	0
227	0	0	5.92578e-10	2.49942e-10	1	3.42636e-10	1	0	0	0	0	0	0	0	0	0	0	0	0	0	0	0	0	0	0	0	0	0	0	0	0	0	0	0	0	0	0	0	0	0	0	0	0	0	0	0	0
228	0	0	5.94612e-10	1.91173e-10	1	4.03439e-10	1	0	0	0	0	0	0	0	0	0	0	0	0	0	0	0	0	0	0	0	0	0	0	0	0	0	0	0	0	0	0	0	0	0	0	0	0	0	0	0	0
229	0	0	5.53016e-10	1.87826e-10	1	3.6519e-10	1	0	0	0	0	0	0	0	0	0	0	0	0	0	0	0	0	0	0	0	0	0	0	0	0	0	0	0	0	0	0	0	0	0	0	0	0	0	0	0	0
230	0	0	6.88798e-10	3.14136e-10	1	3.74662e-10	1	0	0	0	0	0	0	0	0	0	0	0	0	0	0	0	0	0	0	0	0	0	0	0	0	0	0	0	0	0	0	0	0	0	0	0	0	0	0	0	0
231	0	0	5.36949e-10	1.86952e-10	1	3.49998e-10	1	0	0	0	0	0	0	0	0	0	0	0	0	0	0	0	0	0	0	0	0	0	0	0	0	0	0	0	0	0	0	0	0	0	0	0	0	0	0	0	0
232	0	0	5.99811e-10	1.99879e-10	1	3.99932e-10	1	0	0	0	0	0	0	0	0	0	0	0	0	0	0	0	0	0	0	0	0	0	0	0	0	0	0	0	0	0	0	0	0	0	0	0	0	0	0	0	0
233	0	0	6.05463e-10	2.50493e-10	1	3.5497e-10	1	0	0	0	0	0	0	0	0	0	0	0	0	0	0	0	0	0	0	0	0	0	0	0	0	0	0	0	0	0	0	0	0	0	0	0	0	0	0	0	0
234	0	0	9.37015e-10	5.75276e-10	2	3.61739e-10	1	0	0	0	0	0	0	0	0	0	0	0	0	0	0	0	0	0	0	0	0	0	0	0	0	0	0	0	0	0	0	0	0	0	0	0	0	0	0	0	0
235	0	0	1.02542e-09	6.44454e-10	2	3.80966e-10	1	0	0	0	0	0	0	0	0	0	0	0	0	0	0	0	0	0	0	0	0	0	0	0	0	0	0	0	0	0	0	0	0	0	0	0	0	0	0	0	0
236	0	0	1.05792e-09	6.64163e-10	2	3.93759e-10	1	0	0	0	0	0	0	0	0	0	0	0	0	0	0	0	0	0	0	0	0	0	0	0	0	0	0	0	0	0	0	0	0	0	0	0	0	0	0	0	0
237	0	0	1.16662e-09	7.06489e-10	2	4.60126e-10	1	0	0	0	0	0	0	0	0	0	0	0	0	0	0	0	0	0	0	0	0	0	0	0	0	0	0	0	0	0	0	0	0	0	0	0	0	0	0	0	0
238	0	0	1.11858e-09	6.9059e-10	2	4.27993e-10	1	0	0	0	0	0	0	0	0	0	0	0	0	0	0	0	0	0	0	0	0	0	0	0	0	0	0	0	0	0	0	0	0	0	0	0	0	0	0	0	0
239	0	0	1.06546e-09	6.71004e-10	2	3.94458e-10	1	0	0	0	0	0	0	0	0	0	0	0	0	0	0	0	0	0	0	0	0	0	0	0	0	0	0	0	0	0	0	0	0	0	0	0	0	0	0	0	0
240	0	0	1.10327e-09	7.15409e-10	2	3.87863e-10	1	0	0	0	0	0	0	0	0	0	0	0	0	0	0	0	0	0	0	0	0	0	0	0	0	0	0	0	0	0	0	0	0	0	0	0	0	0	0	0	0
241	0	0	1.03752e-09	6.70921e-10	2	3.66601e-10	1	0	0	0	0	0	0	0	0	0	0	0	0	0	0	0	0	0	0	0	0	0	0	0	0	0	0	0	0	0	0	0	0	0	0	0	0	0	0	0	0
242	0	0	1.20463e-09	7.82575e-10	2	4.22058e-10	1	0	0	0	0	0	0	0	0	0	0	0	0	0	0	0	0	0	0	0	0	0	0	0	0	0	0	0	0	0	0	0	0	0	0	0	0	0	0	0	0
243	0	0	1.19852e-09	7.59481e-10	2	4.39036e-10	1	0	0	0	0	0	0	0	0	0	0	0	0	0	0	0	0	0	0	0	0	0	0	0	0	0	0	0	0	0	0	0	0	0	0	0	0	0	0	0	0
244	0	0	1.14881e-09	7.23669e-10	2	4.25143e-10	1	0	0	0	0	0	0	0	0	0	0	0	0	0	0	0	0	0	0	0	0	0	0	0	0	0	0	0	0	0	0	0	0	0	0	0	0	0	0	0	0
245	0	0	1.2068e-09	7.80863e-10	2	4.25935e-10	1	0	0	0	0	0	0	0	0	0	0	0	0	0	0	0	0	0	0	0	0	0	0	0	0	0	0	0	0	0	0	0	0	0	0	0	0	0	0	0	0
246	0	0	1.14372e-09	7.47143e-10	2	3.96574e-10	1	0	0	0	0	0	0	0	0	0	0	0	0	0	0	0	0	0	0	0	0	0	0	0	0	0	0	0	0	0	0	0	0	0	0	0	0	0	0	0	0
247	0	0	1.26568e-09	8.10508e-10	2	4.55168e-10	1	0	0	0	0	0	0	0	0	0	0	0	0	0	0	0	0	0	0	0	0	0	0	0	0	0	0	0	0	0	0	0	0	0	0	0	0	0	0	0	0
248	0	0	1.29375e-09	8.21679e-10	2	4.72072e-10	1	0	0	0	0	0	0	0	0	0	0	0	0	0	0	0	0	0	0	0	0	0	0	0	0	0	0	0	0	0	0	0	0	0	0	0	0	0	0	0	0
249	0	0	1.50585e-09	9.99272e-10	2	5.06581e-10	1	0	0	0	0	0	0	0	0	0	0	0	0	0	0	0	0	0	0	0	0	0	0	0	0	0	0	0	0	0	0	0	0	0	0	0	0	0	0	0	0
250	0	0	1.4358e-09	9.4814e-10	2	4.87664e-10	1	0	0	0	0	0	0	0	0	0	0	0	0	0	0	0	0	0	0	0	0	0	0	0	0	0	0	0	0	0	0	0	0	0	0	0	0	0	0	0	0
251	0	0	1.48081e-09	9.84186e-10	2	4.96619e-10	1	0	0	0	0	0	0	0	0	0	0	0	0	0	0	0	0	0	0	0	0	0	0	0	0	0	0	0	0	0	0	0	0	0	0	0	0	0	0	0	0
252	0	0	1.55106e-09	1.03434e-09	2	5.16725e-10	1	0	0	0	0	0	0	0	0	0	0	0	0	0	0	0	0	0	0	0	0	0	0	0	0	0	0	0	0	0	0	0	0	0	0	0	0	0	0	0	0
253	0	0	1.5871e-09	1.14379e-09	2	4.43306e-10	1	0	0	0	0	0	0	0	0	0	0	0	0	0	0	0	0	0	0	0	0	0	0	0	0	0	0	0	0	0	0	0	0	0	0	0	0	0	0	0	0
254	0	0	1.8898e-09	1.35025e-09	2	5.39547e-10	1	0	0	0	0	0	0	0	0	0	0	0	0	0	0	0	0	0	0	0	0	0	0	0	0	0	0	0	0	0	0	0	0	0	0	0	0	0	0	0	0
255	0	0	2.0791e-09	1.56254e-09	2	5.16559e-10	1	0	0	0	0	0	0	0	0	0	0	0	0	0	0	0	0	0	0	0	0	0	0	0	0	0	0	0	0	0	0	0	0	0	0	0	0	0	0	0	0
256	0	0	2.35851e-09	1.81806e-09	2	5.40455e-10	1	0	0	0	0	0	0	0	0	0	0	0	0	0	0	0	0	0	0	0	0	0	0	0	0	0	0	0	0	0	0	0	0	0	0	0	0	0	0	0	0
257	0	0	3.55202e-09	2.97542e-09	2	5.76607e-10	1	0	0	0	0	0	0	0	0	0	0	0	0	0	0	0	0	0	0	0	0	0	0	0	0	0	0	0	0	0	0	0	0	0	0	0	0	0	0	0	0
258	0	0	8.90421e-10	2.71182e-10	1	6.19239e-10	1	0	0	0	0	0	0	0	0	0	0	0	0	0	0	0	0	0	0	0	0	0	0	0	0	0	0	0	0	0	0	0	0	0	0	0	0	0	0	0	0
259	0	0	1.04224e-09	3.59103e-10	1	6.83138e-10	1	0	0	0	0	0	0	0	0	0	0	0	0	0	0	0	0	0	0	0	0	0	0	0	0	0	0	0	0	0	0	0	0	0	0	0	0	0	0	0	0
260	0	0	8.35068e-10	2.37902e-10	1	5.97166e-10	1	0	0	0	0	0	0	0	0	0	0	0	0	0	0	0	0	0	0	0	0	0	0	0	0	0	0	0	0	0	0	0	0	0	0	0	0	0	0	0	0
261	0	0	1.00317e-09	2.62889e-10	1	7.40281e-10	1	0	0	0	0	0	0	0	0	0	0	0	0	0	0	0	0	0	0	0	0	0	0	0	0	0	0	0	0	0	0	0	0	0	0	0	0	0	0	0	0
262	0	0	9.98949e-10	2.69847e-10	1	7.29102e-10	1	0	0	0	0	0	0	0	0	0	0	0	0	0	0	0	0	0	0	0	0	0	0	0	0	0	0	0	0	0	0	0	0	0	0	0	0	0	0	0	0
263	0	0	9.72893e-10	2.91653e-10	1	6.8124e-10	1	0	0	0	0	0	0	0	0	0	0	0	0	0	0	0	0	0	0	0	0	0	0	0	0	0	0	0	0	0	0	0	0	0	0	0	0	0	0	0	0
264	0	0	1.00291e-09	2.99385e-10	1	7.03525e-10	1	0	0	0	0	0	0	0	0	0	0	0	0	0	0	0	0	0	0	0	0	0	0	0	0	0	0	0	0	0	0	0	0	0	0	0	0	0	0	0	0
265	0	0	1.12924e-09	3.00856e-10	1	8.28382e-10	1	0	0	0	0	0	0	0	0	0	0	0	0	0	0	0	0	0	0	0	0	0	0	0	0	0	0	0	0	0	0	0	0	0	0	0	0	0	0	0	0
266	0	0	1.19335e-09	3.24766e-10	1	8.68583e-10	1	0	0	0	0	0	0	0	0	0	0	0	0	0	0	0	0	0	0	0	0	0	0	0	0	0	0	0	0	0	0	0	0	0	0	0	0	0	0	0	0
267	0	0	1.15194e-09	2.92458e-10	1	8.59478e-10	1	0	0	0	0	0	0	0	0	0	0	0	0	0	0	0	0	0	0	0	0	0	0	0	0	0	0	0	0	0	0	0	0	0	0	0	0	0	0	0	0
268	0	0	1.33754e-09	2.89739e-10	1	1.0478e-09	1	0	0	0	0	0	0	0	0	0	0	0	0	0	0	0	0	0	0	0	0	0	0	0	0	0	0	0	0	0	0	0	0	0	0	0	0	0	0	0	0
269	0	0	1.31948e-09	2.85713e-10	1	1.03377e-09	1	0	0	0	0	0	0	0	0	0	0	0	0	0	0	0	0	0	0	0	0	0	0	0	0	0	0	0	0	0	0	0	0	0	0	0	0	0	0	0	0
270	0	0	1.54652e-09	2.65638e-10	1	1.28089e-09	1	0	0	0	0	0	0	0	0	0	0	0	0	0	0	0	0	0	0	0	0	0	0	0	0	0	0	0	0	0	0	0	0	0	0	0	0	0	0	0	0
271	0	0	1.91334e-09	2.89591e-10	1	1.62375e-09	1	0	0	0	0	0	0	0	0	0	0	0	0	0	0	0	0	0	0	0	0	0	0	0	0	0	0	0	0	0	0	0	0	0	0	0	0	0	0	0	0
272	0	0	3.03821e-09	3.02016e-10	1	2.73619e-09	1	0	0	0	0	0	0	0	0	0	0	0	0	0	0	0	0	0	0	0	0	0	0	0	0	0	0	0	0	0	0	0	0	0	0	0	0	0	0	0	0
273	0	0	9.94934e-10	2.57888e-10	1	7.37046e-10	1	0	0	0	0	0	0	0	0	0	0	0	0	0	0	0	0	0	0	0	0	0	0	0	0	0	0	0	0	0	0	0	0	0	0	0	0	0	0	0	0
274	0	0	3.02949e-10	3.02949e-10	1	0	0	0	0	0	0	0	0	0	0	0	0	0	0	0	0	0	0	0	0	0	0	0	0	0	0	0	0	0	0	0	0	0	0	0	0	0	0	0	0	0	0
275	0	0	3.53891e-10	3.53891e-10	1	0	0	0	0	0	0	0	0	0	0	0	0	0	0	0	0	0	0	0	0	0	0	0	0	0	0	0	0	0	0	0	0	0	0	0	0	0	0	0	0	0	0
276	0	0	3.82623e-10	3.82623e-10	1	0	0	0	0	0	0	0	0	0	0	0	0	0	0	0	0	0	0	0	0	0	0	0	0	0	0	0	0	0	0	0	0	0	0	0	0	0	0	0	0	0	0
277	0	0	3.5406e-10	3.5406e-10	1	0	0	0	0	0	0	0	0	0	0	0	0	0	0	0	0	0	0	0	0	0	0	0	0	0	0	0	0	0	0	0	0	0	0	0	0	0	0	0	0	0	0
278	0	0	3.46591e-10	3.46591e-10	1	0	0	0	0	0	0	0	0	0	0	0	0	0	0	0	0	0	0	0	0	0	0	0	0	0	0	0	0	0	0	0	0	0	0	0	0	0	0	0	0	0	0
279	0	0	3.72286e-10	3.72286e-10	1	0	0	0	0	0	0	0	0	0	0	0	0	0	0	0	0	0	0	0	0	0	0	0	0	0	0	0	0	0	0	0	0	0	0	0	0	0	0	0	0	0	0
280	0	0	3.32037e-10	3.32037e-10	1	0	0	0	0	0	0	0	0	0	0	0	0	0	0	0	0	0	0	0	0	0	0	0	0	0	0	0	0	0	0	0	0	0	0	0	0	0	0	0	0	0	0
281	0	0	3.46207e-10	3.46207e-10	1	0	0	0	0	0	0	0	0	0	0	0	0	0	0	0	0	0	0	0	0	0	0	0	0	0	0	0	0	0	0	0	0	0	0	0	0	0	0	0	0	0	0
282	0	0	3.08711e-10	3.08711e-10	1	0	0	0	0	0	0	0	0	0	0	0	0	0	0	0	0	0	0	0	0	0	0	0	0	0	0	0	0	0	0	0	0	0	0	0	0	0	0	0	0	0	0
283	0	0	3.9238e-10	3.9238e-10	1	0	0	0	0	0	0	0	0	0	0	0	0	0	0	0	0	0	0	0	0	0	0	0	0	0	0	0	0	0	0	0	0	0	0	0	0	0	0	0	0	0	0
284	0	0	3.06897e-10	3.06897e-10	1	0	0	0	0	0	0	0	0	0	0	0	0	0	0	0	0	0	0	0	0	0	0	0	0	0	0	0	0	0	0	0	0	0	0	0	0	0	0	0	0	0	0
285	0	0	3.58723e-10	3.58723e-10	1	0	0	0	0	0	0	0	0	0	0	0	0	0	0	0	0	0	0	0	0	0	0	0	0	0	0	0	0	0	0	0	0	0	0	0	0	0	0	0	0	0	0
286	0	0	3.29051e-10	3.29051e-10	1	0	0	0	0	0	0	0	0	0	0	0	0	0	0	0	0	0	0	0	0	0	0	0	0	0	0	0	0	0	0	0	0	0	0	0	0	0	0	0	0	0	0
287	0	0	3.82852e-10	3.82852e-10	1	0	0	0	0	0	0	0	0	0	0	0	0	0	0	0	0	0	0	0	0	0	0	0	0	0	0	0	0	0	0	0	0	0	0	0	0	0	0	0	0	0	0
288	0	0	3.24577e-10	3.24577e-10	1	0	0	0	0	0	0	0	0	0	0	0	0	0	0	0	0	0	0	0	0	0	0	0	0	0	0	0	0	0	0	0	0	0	0	0	0	0	0	0	0	0	0
289	0	0	3.43756e-10	3.43756e-10	1	0	0	0	0	0	0	0	0	0	0	0	0	0	0	0	0	0	0	0	0	0	0	0	0	0	0	0	0	0	0	0	0	0	0	0	0	0	0	0	0	0	0
290	0	0	3.80293e-10	3.80293e-10	1	0	0	0	0	0	0	0	0	0	0	0	0	0	0	0	0	0	0	0	0	0	0	0	0	0	0	0	0	0	0	0	0	0	0	0	0	0	0	0	0	0	0
291	0	0	4.10148e-10	4.10148e-10	1	0	0	0	0	0	0	0	0	0	0	0	0	0	0	0	0	0	0	0	0	0	0	0	0	0	0	0	0	0	0	0	0	0	0	0	0	0	0	0	0	0	0
292	0	0	3.81707e-10	3.81707e-10	1	0	0	0	0	0	0	0	0	0	0	0	0	0	0	0	0	0	0	0	0	0	0	0	0	0	0	0	0	0	0	0	0	0	0	0	0	0	0	0	0	0	0
293	0	0	3.91139e-10	3.91139e-10	1	0	0	0	0	0	0	0	0	0	0	0	0	0	0	0	0	0	0	0	0	0	0	0	0	0	0	0	0	0	0	0	0	0	0	0	0	0	0	0	0	0	0
294	0	0	3.80832e-10	3.80832e-10	1	0	0	0	0	0	0	0	0	0	0	0	0	0	0	0	0	0	0	0	0	0	0	0	0	0	0	0	0	0	0	0	0	0	0	0	0	0	0	0	0	0	0
295	0	0	4.00948e-10	4.00948e-10	1	0	0	0	0	0	0	0	0	0	0	0	0	0	0	0	0	0	0	0	0	0	0	0	0	0	0	0	0	0	0	0	0	0	0	0	0	0	0	0	0	0	0
296	0	0	4.12507e-10	4.12507e-10	1	0	0	0	0	0	0	0	0	0	0	0	0	0	0	0	0	0	0	0	0	0	0	0	0	0	0	0	0	0	0	0	0	0	0	0	0	0	0	0	0	0	0
297	0	0	3.9288e-10	3.9288e-10	1	0	0	0	0	0	0	0	0	0	0	0	0	0	0	0	0	0	0	0	0	0	0	0	0	0	0	0	0	0	0	0	0	0	0	0	0	0	0	0	0	0	0
298	0	0	5.06852e-10	5.06852e-10	1	0	0	0	0	0	0	0	0	0	0	0	0	0	0	0	0	0	0	0	0	0	0	0	0	0	0	0	0	0	0	0	0	0	0	0	0	0	0	0	0	0	0
299	0	0	4.52807e-10	4.52807e-10	1	0	0	0	0	0	0	0	0	0	0	0	0	0	0	0	0	0	0	0	0	0	0	0	0	0	0	0	0	0	0	0	0	0	0	0	0	0	0	0	0	0	0
300	0	0	4.34547e-10	4.34547e-10	1	0	0	0	0	0	0	0	0	0	0	0	0	0	0	0	0	0	0	0	0	0	0	0	0	0	0	0	0	0	0	0	0	0	0	0	0	0	0	0	0	0	0
301	0	0	4.89985e-10	4.89985e-10	1	0	0	0	0	0	0	0	0	0	0	0	0	0	0	0	0	0	0	0	0	0	0	0	0	0	0	0	0	0	0	0	0	0	0	0	0	0	0	0	0	0	0
302	0	0	5.49945e-10	5.49945e-10	1	0	0	0	0	0	0	0	0	0	0	0	0	0	0	0	0	0	0	0	0	0	0	0	0	0	0	0	0	0	0	0	0	0	0	0	0	0	0	0	0	0	0
303	0	0	5.43915e-10	5.43915e-10	1	0	0	0	0	0	0	0	0	0	0	0	0	0	0	0	0	0	0	0	0	0	0	0	0	0	0	0	0	0	0	0	0	0	0	0	0	0	0	0	0	0	0
304	0	0	4.88531e-10	4.88531e-10	1	0	0	0	0	0	0	0	0	0	0	0	0	0	0	0	0	0	0	0	0	0	0	0	0	0	0	0	0	0	0	0	0	0	0	0	0	0	0	0	0	0	0
305	0	0	5.31183e-10	5.31183e-10	1	0	0	0	0	0	0	0	0	0	0	0	0	0	0	0	0	0	0	0	0	0	0	0	0	0	0	0	0	0	0	0	0	0	0	0	0	0	0	0	0	0	0
306	0	0	5.82126e-10	5.82126e-10	1	0	0	0	0	0	0	0	0	0	0	0	0	0	0	0	0	0	0	0	0	0	0	0	0	0	0	0	0	0	0	0	0	0	0	0	0	0	0	0	0	0	0
307	0	0	5.47513e-10	5.47513e-10	1	0	0	0	0	0	0	0	0	0	0	0	0	0	0	0	0	0	0	0	0	0	0	0	0	0	0	0	0	0	0	0	0	0	0	0	0	0	0	0	0	0	0
308	0	0	5.321e-10	5.321e-10	1	0	0	0	0	0	0	0	0	0	0	0	0	0	0	0	0	0	0	0	0	0	0	0	0	0	0	0	0	0	0	0	0	0	0	0	0	0	0	0	0	0	0
309	0	0	6.24019e-10	6.24019e-10	1	0	0	0	0	0	0	0	0	0	0	0	0	0	0	0	0	0	0	0	0	0	0	0	0	0	0	0	0	0	0	0	0	0	0	0	0	0	0	0	0	0	0
310	0	0	6.19216e-10	6.19216e-10	1	0	0	0	0	0	0	0	0	0	0	0	0	0	0	0	0	0	0	0	0	0	0	0	0	0	0	0	0	0	0	0	0	0	0	0	0	0	0	0	0	0	0
311	0	0	6.26636e-10	6.26636e-10	1	0	0	0	0	0	0	0	0	0	0	0	0	0	0	0	0	0	0	0	0	0	0	0	0	0	0	0	0	0	0	0	0	0	0	0	0	0	0	0	0	0	0
312	0	0	7.30244e-10	7.30244e-10	1	0	0	0	0	0	0	0	0	0	0	0	0	0	0	0	0	0	0	0	0	0	0	0	0	0	0	0	0	0	0	0	0	0	0	0	0	0	0	0	0	0	0
313	0	0	8.42378e-10	8.42378e-10	1	0	0	0	0	0	0	0	0	0	0	0	0	0	0	0	0	0	0	0	0	0	0	0	0	0	0	0	0	0	0	0	0	0	0	0	0	0	0	0	0	0	0
314	0	0	8.49292e-10	8.49292e-10	1	0	0	0	0	0	0	0	0	0	0	0	0	0	0	0	0	0	0	0	0	0	0	0	0	0	0	0	0	0	0	0	0	0	0	0	0	0	0	0	0	0	0
315	0	0	8.74572e-10	8.74572e-10	1	0	0	0	0	0	0	0	0	0	0	0	0	0	0	0	0	0	0	0	0	0	0	0	0	0	0	0	0	0	0	0	0	0	0	0	0	0	0	0	0	0	0
316	0	0	1.09365e-09	1.09365e-09	1	0	0	0	0	0	0	0	0	0	0	0	0	0	0	0	0	0	0	0	0	0	0	0	0	0	0	0	0	0	0	0	0	0	0	0	0	0	0	0	0	0	0
317	0	0	1.37405e-09	1.37405e-09	1	0	0	0	0	0	0	0	0	0	0	0	0	0	0	0	0	0	0	0	0	0	0	0	0	0	0	0	0	0	0	0	0	0	0	0	0	0	0	0	0	0	0
318	0	0	1.98182e-09	1.98182e-09	1	0	0	0	0	0	0	0	0	0	0	0	0	0	0	0	0	0	0	0	0	0	0	0	0	0	0	0	0	0	0	0	0	0	0	0	0	0	0	0	0	0	0
319	0	0	1.39334e-09	1.39334e-09	1	0	0	0	0	0	0	0	0	0	0	0	0	0	0	0	0	0	0	0	0	0	0	0	0	0	0	0	0	0	0	0	0	0	0	0	0	0	0	0	0	0	0