i	j	k	LDT	LTT	proton_D	proton_T	deuteron_D	deuteron_T	triton_D	triton_T	He3_D	He3_T	alpha_D	alpha_T	Li6_D	Li6_T	Be8_D	Be8_T	B10_D	B10_T	C12_D	C12_T	C13_D	C13_T	C14_D	C14_T	N14_D	N14_T	O16_D	O16_T	O16_1_D	O16_1_T	O17_D	O17_T	O18_D	O18_T	F17_D	F17_T	F18_D	F18_T	Ne20_D	Ne20_T	Na23_D	Na23_T	Mg26_D	Mg26_T	Al26_D	Al26_T
0	0	0	155.083	111.084	1.5451	1.54533	0	0	0	0	0	0	14.6191	14.6161	0	0	0	0	0	0	58.0841	58.0841	141.006	140.998	0	0	0	0	96.5586	96.5586	155.08	111.562	226.844	226.791	0	0	0	0	0	0	0	0	0	0	0	0	0	0
1	0	0	167.654	110.696	1.67351	1.55879	0	0	12.2461	12.2285	46.4744	43.9252	16.1789	16.0982	0	0	0	0	85.7868	85.8008	58.7793	58.7793	152.788	152.585	0	0	0	0	97.8111	97.8111	168.456	113.304	249.21	248.95	0	0	0	0	0	0	0	0	0	0	0	0	0	0
2	0	0	163.31	110.732	1.71424	1.56867	42.055	38.2196	16.378	16.1588	375.069	196.19	16.7443	16.6746	0	0	0	0	89.5411	89.5425	59.4689	59.4689	168.48	168.325	0	0	0	0	99.1072	99.1073	162.203	113.134	281.02	280.641	0	0	0	0	0	0	0	0	0	0	0	0	0	0
3	0	0	144.382	108.995	1.70036	1.57806	16.743	16.2871	39.9196	34.6065	0	0	17.2645	17.1417	0	0	0	0	94.9935	95.0138	60.1664	60.1664	191.299	191.045	0	0	0	0	100.428	100.428	143.368	111.477	331.351	330.029	0	0	0	0	0	0	0	0	0	0	0	0	0	0
4	0	0	148.789	111.844	1.77102	1.58791	11.0506	10.9934	0	0	0	0	17.7637	17.656	0	0	0	0	101.711	101.662	60.8712	60.8712	229.139	228.211	0	0	0	0	101.809	101.809	146.009	113.821	426.22	422.478	0	0	0	0	0	0	0	0	0	0	0	0	0	0
5	0	0	175.811	117.055	1.77072	1.59729	9.04138	9.03353	0	0	0	0	18.3294	18.2157	0	0	0	0	110.346	110.205	61.5989	61.5989	310.917	307.209	0	0	0	0	103.268	103.268	165.231	118.17	764.363	705.276	0	0	0	0	0	0	0	0	0	0	0	0	0	0
6	0	0	173.538	116.708	2.47	2.10419	8.05126	7.87272	3.82071	3.82071	24.9409	24.9409	54.1509	27.9353	41.4365	41.4365	0	0	129.932	128.768	62.3809	62.3809	571.389	533.235	0	0	0	0	297.653	154.299	170.267	119.889	0	0	0	0	0	0	0	0	0	0	0	0	0	0	0	0
7	0	0	193.162	117.671	2.96472	2.5041	7.58612	6.37361	3.84504	3.84504	26.0154	26.0118	312.25	52.7295	42.9235	42.8949	0	0	154.738	153.072	63.1966	63.1966	0	0	0	0	0	0	737.511	364.552	185.988	122.778	0	0	0	0	0	0	0	0	0	0	0	0	0	0	0	0
8	0	0	193.958	116.427	2.98782	2.56784	8.64715	7.00073	3.87853	3.87848	28.3709	28.3672	27.1592	24.7056	46.0803	46.0481	0	0	203.906	196.084	64.055	64.055	0	0	0	0	0	0	108.044	108.044	195.446	122.819	0	0	0	0	0	0	0	0	0	0	0	0	0	0	0	0
9	0	0	145.077	109.673	2.96829	2.54659	8.41283	4.12128	3.74026	3.71597	31.45	31.4416	30.495	27.0201	50.1506	50.1028	0	0	347.523	298.728	64.9615	64.9615	0	0	0	0	0	0	213.182	166.588	143.193	116.803	0	0	0	0	0	0	0	0	0	0	0	0	0	0	0	0
10	0	0	149.553	109.885	2.97873	2.51157	9.17663	3.41974	3.64191	3.60903	35.8559	35.829	35.7085	30.1867	55.5251	55.4562	0	0	441.361	403.884	65.9168	65.9168	0	0	0	0	0	0	292.102	230.987	147.175	119.523	0	0	0	0	0	0	0	0	0	0	0	0	0	0	0	0
11	0	0	171.964	114.352	3.12915	2.59131	28.5409	6.88351	3.68829	3.63803	42.6887	42.4953	49.1372	35.4802	63.5078	63.3325	0	0	0	0	66.8953	66.8953	0	0	0	0	0	0	396.212	289.183	170.644	124.713	0	0	0	0	0	0	0	0	0	0	0	0	0	0	0	0
12	0	0	182.151	117.706	3.44149	2.68319	8.81021	3.51235	3.69961	3.66519	54.9388	54.621	255.273	59.2635	77.2979	76.8943	0	0	0	0	67.9004	67.9004	0	0	0	0	0	0	703.726	396.049	169.289	126.201	0	0	0	0	579.314	574.357	0	0	0	0	0	0	0	0	0	0
13	0	0	185.939	118.775	3.64934	2.79488	6.58255	3.10417	3.73856	3.69238	92.0324	88.3405	36.5665	33.1048	112.511	109.539	0	0	0	0	68.9538	68.9538	0	0	0	0	0	0	118.144	118.141	176.639	128.785	2.9429	2.9429	0	0	972.279	906.632	0	0	0	0	0	0	0	0	0	0
14	0	0	200.495	121.593	4.03671	2.94652	4.45773	2.68676	3.71169	3.72311	440.646	239.951	48.2018	42.5051	243.499	220.098	0	0	0	0	70.0927	70.0927	0	0	0	0	0	0	120.432	120.432	201.26	133.214	0	0	0	0	0	0	227.388	227.388	0	0	0	0	0	0	0	0
15	0	0	188.982	121.346	4.43202	3.12117	2.31214	2.08518	3.77855	3.75445	433.514	258.147	220.741	87.1244	0	0	0	0	0	0	75.4453	75.078	0	0	0	0	0	0	122.974	122.974	187.918	132.309	0	0	0	0	0	0	236.245	236.249	0	0	0	0	0	0	0	0
16	0	0	183.815	120.614	5.176	3.38549	2.26396	2.11518	3.8453	3.78781	0	0	387.813	109.583	0	0	0	0	0	0	81.8906	81.035	0	0	0	0	0	0	125.767	125.775	181.54	131.615	0	0	0	0	0	0	252.76	252.624	0	0	0	0	0	0	0	0
17	0	0	169.086	120.324	7.71365	4.03259	2.36146	2.14184	3.88077	3.82406	0	0	36.576	35.4845	0	0	0	0	0	0	83.8259	82.9966	0	0	0	0	0	0	128.707	128.704	169.73	132.332	0	0	0	0	0	0	273.468	273.226	0	0	0	0	0	0	0	0
18	0	0	198.496	126.111	11.8428	4.02116	2.40249	2.16806	3.87847	3.86005	0	0	130.717	61.9561	0	0	0	0	0	0	86.5945	85.2252	0	0	233.731	233.573	0	0	131.903	131.915	199.366	139.644	0	0	0	0	0	0	301.03	300.519	0	0	0	0	0	0	0	0
19	0	0	218.546	127.565	10.4377	3.77238	2.40239	2.18663	3.94905	3.89522	0	0	344.612	93.7715	0	0	0	0	0	0	88.5447	87.6708	0	0	283.885	281.814	0	0	135.387	135.356	216.914	142.477	0	0	0	0	0	0	340.913	340.397	0	0	0	0	0	0	0	0
20	0	0	199.799	125.442	3.19393	2.73965	2.43492	2.22383	3.96459	3.93269	0	0	70.7692	58.0045	0	0	0	0	0	0	91.8711	90.3101	0	0	507.92	474.723	0	0	139.201	139.179	196.406	139.339	0	0	0	0	0	0	404.012	402.133	0	0	0	0	0	0	0	0
21	0	0	188.12	124.09	3.48116	2.84622	2.48568	2.26997	4.04435	3.97128	0	0	259.33	71.4955	0	0	28.6166	28.6166	0	0	95.5168	93.2034	0	0	735.054	564.58	0.683318	0.683318	143.316	143.366	183.172	138.923	0	0	0	0	0	0	522.072	517.353	0	0	0	0	0	0	0	0
22	0	0	183.015	124.643	11.5806	4.92762	2.558	2.31041	4.04323	4.01182	0	0	348.407	65.829	0	0	0	0	0	0	98.7551	96.5857	0	0	0	0	0	0	147.837	147.821	168.217	139.681	0	0	1.58225	1.58225	0	0	910.555	853.814	0	0	0	0	0	0	0	0
23	0	0	200.287	132.339	10.9259	3.13232	2.55605	2.35035	4.11989	4.05594	0	0	223.456	30.8265	0	0	0	0	0	0	103.061	100.37	0	0	0	0	0	0	249.198	221.648	200.605	148.383	0	0	0	0	0	0	0	0	0	0	0	0	0	0	0	0
24	0	0	225.501	137.106	3.1663	2.43139	2.58999	2.3955	4.13781	4.09949	0	0	40.2494	25.1183	0	0	0	0	0	0	108.258	104.7	0	0	0	0	0	0	307.143	264.536	226.117	153.724	0	0	0	0	0	0	0	0	0	0	0	0	0	0	0	0
25	0	0	233.712	136.99	10.0144	3.98343	3.09037	2.64716	4.2208	4.14379	0	0	307.514	62.317	0	0	0	0	0	0	113.887	110.012	0	0	0	0	0	0	435.457	340.207	218.202	152.803	0	0	0	0	0	0	0	0	1240.05	1146.37	0	0	0	0	0	0
26	0	0	208.221	134.709	7.51674	2.8354	3.22759	2.77254	4.26061	4.19132	0	0	326.359	65.7058	0	0	0	0	0	0	121.779	116.357	0	0	0	0	0	0	686.339	398.544	201.352	151.842	0	0	0	0	0	0	0	0	0	0	0	0	0	0	0	0
27	0	0	198.42	136.1	3.67433	2.73908	3.30548	2.83441	4.28448	4.23914	0	0	74.864	30.103	0	0	0	0	0	0	132.12	124.457	0	0	0	0	0	0	181.452	181.371	199.78	155.291	0	0	0	0	0	0	0	0	0	0	0	0	0	0	0	0
28	0	0	225.635	142.531	3.87497	2.83313	3.40204	2.90289	4.30845	4.28962	0	0	435.5	62.3388	0	0	0	0	0	0	145.367	135.046	0	0	0	0	0	0	191.582	191.538	225.612	162.141	0	0	0	0	0	0	0	0	0	0	0	0	0	0	0	0
29	0	0	223.511	144.142	4.01299	2.94121	3.52369	2.98289	4.403	4.34123	0	0	13.1755	12.6406	0	0	0	0	0	0	166.267	150.331	0	0	0	0	0	0	203.718	203.59	224.788	164.614	0	0	0	0	0	0	0	0	0	0	0	0	0	0	0	0
30	0	0	227.174	146.09	4.49811	3.07407	3.67986	3.06268	4.43484	4.39396	0	0	13.4291	12.8385	0	0	0	0	0	0	205.49	176.959	0	0	0	0	0	0	218.753	218.662	228.21	167.061	0	0	0	0	0	0	0	0	0	0	0	0	0	0	0	0
31	0	0	241.443	149.866	4.77104	3.16998	4.92872	3.79514	4.56708	4.45127	583.826	70.9646	13.6611	13.0506	24.8161	24.8157	0	0	0	0	323.844	243.275	0	0	461.112	439.373	0	0	238.053	237.93	238.911	172.753	0	0	0	0	0	0	0	0	0	0	0	0	0	0	0	0
32	0	0	233.73	148.862	5.54483	3.41042	5.34289	4.02503	4.55613	4.50902	23.9797	23.9846	13.8462	13.2737	25.2918	25.2901	0	0	0	0	473.254	234.943	0	0	757.261	689.299	0.463221	0.463221	264.436	264.186	231.833	173.369	0	0	0	0	0	0	0	0	0	0	0	0	0	0	0	0
33	0	0	264.027	149.519	12.709	6.13827	7.1818	4.77438	4.65073	4.56929	25.7687	25.7595	14.3382	13.506	25.8089	25.8033	0	0	0	0	121.828	121.734	0	0	0	0	0	0	303.923	303.197	241.07	178.911	0	0	0	0	0	0	0	0	0	0	0	0	1.34944	1.48229	1632.32	1519.47
34	0	0	255.801	152.805	9.39886	3.80372	14.5121	6.29155	4.78582	4.63573	27.9773	27.9692	14.6683	13.755	26.3685	26.3586	0	0	0	0	129.487	129.464	0	0	0	0	0	0	373.268	371.914	248.975	183.453	0	0	0	0	0	0	0	0	0	0	850.364	843.359	0	0	0	0
35	0	0	268.765	155.024	9.05041	4.09907	12.7695	5.71901	4.78917	4.70557	30.8808	30.8758	15.0646	14.0281	26.9703	26.9755	0	0	0	0	138.757	138.727	0	0	0	0	0	0	531.059	521.6	247.679	186.561	0	0	0	0	0	0	0	0	0	0	1347.92	1251.82	0	0	0	0
36	0	0	262.339	158.407	16.9719	4.58468	9.60561	4.84912	4.93074	4.77452	34.8644	34.8415	15.2838	14.3157	27.6218	27.618	0	0	0	0	150.496	150.518	0	0	0	0	0	0	907.413	858.614	258.554	192.554	0	0	0	0	0	0	0	0	0	0	0	0	0	0	0	0
37	0	0	244.544	159.238	3.8339	2.55108	7.6561	5.08472	4.99162	4.84879	40.5602	40.4961	15.6269	14.6221	28.3272	28.3372	0	0	0	0	166.369	166.187	0	0	0	0	0	0	0	0	246.434	194.245	0	0	0	0	0	0	0	0	0	0	0	0	0	0	0	0
38	0	0	261.778	166.543	4.74381	2.73608	10.5424	5.96303	5.05977	4.93208	49.8068	49.685	16.4986	14.9607	29.0581	29.043	0	0	0	0	189.279	188.875	0	0	0	0	0	0	79.7801	79.7801	263.911	204.047	0	0	0	0	0	0	0	0	0	0	0	0	0	0	0	0
39	0	0	280.832	174.931	11.1622	3.26371	19.6827	7.21726	5.13305	5.02411	70.3611	69.6046	16.6599	15.3366	29.8362	29.8211	0	0	0	0	228.087	227.033	0	0	0	0	0	0	0	0	283.314	214.629	0	0	0	0	0	0	0	0	0	0	0	0	0	0	0	0
40	0	0	301.909	184.12	3.66282	2.46778	12.4422	6.0804	5.20309	5.11739	425.683	254.376	17.4432	15.7506	30.7394	30.7359	0	0	0	0	318.796	313.797	0	0	0	0	0	0	0	0	302.972	224.492	0	0	0	0	0	0	0	0	0	0	0	0	0	0	0	0
41	0	0	295.251	186.798	9.31138	2.96906	18.2653	6.21285	5.35218	5.20834	0	0	17.8867	16.2018	31.7219	31.719	0	0	0	0	587.737	550.512	0	0	0	0	0	0	0	0	294.735	228.9	0	0	0	0	0	0	0	0	0	0	0	0	0	0	0	0
42	0	0	308.201	193.252	3.35476	2.5765	16.8892	7.92242	5.41027	5.30545	0	0	18.864	16.6991	32.7785	32.758	0	0	0	0	0	0	0	0	0	0	0	0	0	0	310.095	238.305	0	0	0	0	0	0	0	0	0	0	0	0	0	0	0	0
43	0	0	335.863	211.537	3.75395	2.69955	3.7751	2.86754	6.94604	7.09227	0	0	19.5984	17.2674	33.9928	33.9804	0	0	0	0	0	0	0	0	0	0	0	0	0	0	337.291	254.857	0	0	0	0	0	0	0	0	0	0	0	0	0	0	0	0
44	0	0	338.23	210.875	4.20685	2.87206	6.23825	3.93577	6.61297	6.61295	0	0	21.0178	17.9275	35.3844	35.3841	0	0	0	0	0	0	0	0	0	0	0	0	0	0	339.874	257.879	0	0	0	0	0	0	0	0	0	0	0	0	0	0	0	0
45	0	0	315.461	212.742	4.97536	3.10089	7.60884	4.2718	6.80175	6.80032	0	0	22.1537	18.7154	36.9738	36.9836	0	0	0	0	0	0	0	0	0	0	0	0	0	0	317.152	262.687	0	0	0	0	0	0	0	0	0	0	0	0	0	0	0	0
46	0	0	351.032	228.996	6.48945	3.51654	13.1746	5.26725	7.03266	7.03167	0	0	23.5653	19.6703	38.788	38.7987	0	0	0	0	0	0	0	0	0	0	0	0	0	0	353.092	285.74	0	0	0	0	0	0	0	0	0	0	0	0	0	0	0	0
47	0	0	373.417	243.98	14.5496	4.42457	18.272	4.41456	7.28403	7.28392	0	0	26.3602	20.8755	40.9333	40.8896	0	0	0	0	0	0	0	0	0	0	0	0	0	0	375.635	306.334	0	0	0	0	0	0	0	0	0	0	0	0	0	0	0	0
48	0	0	366.958	255.389	9.02866	2.97413	3.85099	3.17095	7.54825	7.54755	0	0	30.0986	22.5168	43.5428	43.5312	0	0	0	0	0	0	0	0	0	0	0	0	0	0	368.913	322.069	0	0	0	0	0	0	0	0	0	0	0	0	0	0	0	0
49	0	0	371.018	276.668	8.35468	4.17015	4.06289	3.23965	7.84441	7.84387	0	0	35.6471	24.8984	46.7074	46.7102	0	0	0	0	0	0	0	0	0	0	0	0	0	0	372.721	358.337	0	0	0	0	509.343	508.806	0	0	0	0	0	0	0	0	0	0
50	0	0	505.738	367.838	5.01562	3.63804	4.16039	3.31401	8.18259	8.18238	0	0	46.1332	28.8703	50.7352	50.7037	0	0	0	0	0	0	0	0	0	0	0	0	718.833	544.98	505.254	476.047	0	0	0	0	721.292	696.551	0	0	0	0	0	0	0	0	0	0
51	0	0	764.526	511.732	4.72693	3.35493	4.36901	3.39743	8.60702	8.60804	0	0	81.2907	39.3256	56.058	55.9647	0	0	0	0	0	0	0	0	0	0	0	0	0	0	766.542	703.746	3.42	3.42	0	0	1166.18	1105.54	0	0	0	0	0	0	0	0	0	0
52	0	0	897.142	211.911	6.49962	4.19703	4.40219	3.48533	9.10439	9.10446	0	0	443.061	76.8006	63.8811	63.7905	0	0	0	0	0	0	0	0	0	0	0	0	0	0	929.367	847.764	0	0	0	0	0	0	0	0	0	0	0	0	0	0	0	0
53	0	0	47.0069	9.41805	16.3542	6.05489	4.80294	3.59332	9.68921	9.68968	0	0	18.6501	17.2932	77.5079	76.9922	0	0	0	0	0	0	0	0	0	0	0	0	0	0	407.809	407.809	0	0	0	0	0	0	0	0	0	0	0	0	0	0	0	0
54	0	0	60.4003	9.64565	13.9699	2.42967	4.93396	3.7194	10.3883	10.3922	0	0	19.2531	17.8307	111.427	109.064	0	0	0	0	0	0	0	0	0	0	0	0	0	0	0	0	0	0	0	0	0	0	0	0	0	0	0	0	0	0	0	0
55	0	0	121.168	9.85119	2.51526	1.97906	5.4422	3.87508	11.2591	11.2538	0	0	20.2092	18.4396	240.317	217.779	0	0	0	0	0	0	0	0	0	0	0	0	0	0	0	0	0	0	0	0	0	0	0	0	0	0	0	0	0	0	0	0
56	0	0	13.0442	5.46639	2.66108	2.01492	5.9649	4.0749	12.4421	12.4444	0	0	21.5241	19.1319	0	0	0	0	0	0	0	0	0	0	0	0	0	0	0	0	0	0	0	0	0	0	0	0	0	0	0	0	0	0	0	0	0	0
57	0	0	14.315	5.80699	2.70338	2.04664	6.69833	4.33277	14.2851	14.2646	0	0	22.2707	19.9363	0	0	0	0	0	0	0	0	0	0	0	0	0	0	92.9301	92.9301	0	0	0	0	0	0	0	0	0	0	0	0	0	0	0	0	0	0
58	0	0	15.1548	6.20615	2.75711	2.08032	7.89382	4.7389	17.6462	17.5715	0	0	23.9533	20.8568	0	0	0	0	0	0	0	0	0	0	0	0	0	0	0	0	0	0	0	0	0	0	0	0	0	0	0	0	0	0	0	0	0	0
59	0	0	18.0337	7.04061	2.81904	2.11689	10.2645	5.48152	27.4511	26.6141	0	0	25.2474	21.9396	0	0	0	0	0	0	0	0	0	0	0	0	0	0	0	0	0	0	0	0	0	0	0	0	0	0	0	0	0	0	0	0	0	0
60	0	0	24.924	7.71158	2.99262	2.16123	22.0347	7.32303	57.8169	56.8848	0	0	27.311	23.3035	0	0	0	0	0	0	0	0	0	0	0	0	0	0	0	0	0	0	0	0	0	0	0	0	0	0	0	0	0	0	0	0	0	0
61	0	0	21.6015	6.74828	3.16048	2.22414	16.185	5.65716	0	0	0	0	30.7019	25.0475	0	0	0	0	0	0	0	0	0	0	0	0	0	0	0	0	0	0	0	0	0	0	0	0	0	0	0	0	0	0	0	0	0	0
62	0	0	26.9728	6.64267	3.34782	2.29054	23.8499	4.0622	0	0	0	0	34.5783	27.3564	0	0	0	0	0	0	0	0	0	0	0	0	0	0	0	0	0	0	0	0	0	0	0	0	0	0	0	0	0	0	0	0	0	0
63	0	0	29.5227	6.72462	3.4588	2.36809	2.58915	2.51309	0	0	0	0	41.6597	30.864	0	0	0	0	0	0	0	0	0	0	0	0	0	0	0	0	0	0	0	0	0	0	0	0	0	0	0	0	0	0	0	0	0	0
64	0	0	41.5909	7.75059	3.94707	2.46339	2.57949	2.53334	0	0	0	0	55.6358	37.2765	0	0	0	0	0	0	0	0	0	0	0	0	0	0	0	0	0	0	0	0	0	0	0	0	0	0	0	0	0	0	0	0	0	0
65	0	0	98.0633	11.0913	4.50857	2.60123	2.63486	2.5526	0	0	0	0	119.622	58.8713	0	0	0	0	0	0	0	0	0	0	0	0	0	0	0	0	0	0	0	0	0	0	0	0	0	0	0	0	0	0	0	0	0	0
66	0	0	426.386	13.9328	5.42183	2.80706	2.63651	2.57257	0	0	0	0	533.939	96.8401	0	0	0	0	0	0	0	0	0	0	0	0	0	0	0	0	0	0	0	0	0	0	0	0	0	0	0	0	0	0	0	0	0	0
67	0	0	15.609	5.11346	7.89673	3.31894	2.70281	2.59369	0	0	0	0	26.7921	22.5698	0	0	0	0	0	0	0	0	0	0	0	0	0	0	0	0	0	0	0	0	0	0	0	0	0	0	0	0	0	0	0	0	0	0
68	0	0	19.8758	5.4253	15.6006	3.44596	2.73074	2.61499	0	0	0	0	28.7805	24.0819	0	0	0	0	0	0	0	0	0	0	0	0	0	0	0	0	0	0	0	0	0	0	0	0	0	0	0	0	0	0	0	0	0	0
69	0	0	20.0092	4.95647	2.43251	1.96256	2.76999	2.63656	0	0	0	0	32.1864	26.0257	0	0	0	0	0	0	0	0	0	0	0	0	0	0	0	0	0	0	0	0	0	0	0	0	0	0	0	0	0	0	0	0	0	0
70	0	0	22.8325	5.27312	2.54126	1.99224	2.79001	2.65939	0	0	0	0	36.0796	28.6016	0	0	0	0	0	0	0	0	0	0	0	0	0	0	0	0	0	0	0	0	0	0	0	0	0	0	0	0	0	0	0	0	0	0
71	0	0	28.8862	5.72785	2.79803	2.02266	2.75708	2.68246	0	0	0	0	42.9445	32.4367	0	0	0	0	0	0	0	0	0	0	0	0	0	0	0	0	0	0	0	0	0	0	0	0	0	0	0	0	0	0	0	0	0	0
72	0	0	38.4562	6.50952	2.80917	2.05873	2.77904	2.70663	0	0	0	0	55.4695	39.0937	0	0	0	0	0	0	0	0	0	0	0	0	0	0	0	0	0	0	0	0	0	0	0	0	0	0	0	0	0	0	0	0	0	0
73	0	0	66.4481	8.36981	2.95606	2.10133	2.81821	2.73144	0	0	0	0	87.3828	55.2072	0	0	0	0	0	0	0	0	0	0	0	0	0	0	0	0	0	0	0	0	0	0	0	0	0	0	0	0	0	0	0	0	0	0
74	0	0	374.196	17.473	3.02848	2.14794	2.87945	2.7586	0	0	0	0	436.92	156.484	0	0	0	0	0	0	0	0	0	0	0	0	0	0	0	0	0	0	0	0	0	0	0	0	0	0	0	0	0	0	0	0	0	0
75	0	0	6.41405	3.21027	3.12547	2.20177	2.93484	2.78555	0	0	0	0	15.0245	15.0247	0	0	0	0	0	0	0	0	0	0	0	0	0	0	0	0	0	0	0	0	0	0	0	0	0	0	0	0	0	0	0	0	0	0
76	0	0	6.49597	3.27453	3.31368	2.26549	2.91992	2.81302	0	0	0	0	15.3172	15.3175	0	0	0	0	0	0	0	0	0	0	0	0	0	0	0	0	0	0	0	0	0	0	0	0	0	0	0	0	0	0	0	0	0	0
77	0	0	6.64384	3.34682	3.64307	2.34439	2.96976	2.84268	0	0	0	0	15.6208	15.6215	0	0	0	0	0	0	0	0	0	0	0	0	0	0	0	0	0	0	0	0	0	0	0	0	0	0	0	0	0	0	0	0	0	0
78	0	0	6.94548	3.43615	4.2563	2.45195	3.06677	2.87483	0	0	0	0	15.9336	15.9326	0	0	0	0	0	0	0	0	0	0	0	0	0	0	0	0	0	0	0	0	0	0	0	0	0	0	0	0	0	0	0	0	0	0
79	0	0	7.32267	3.55544	4.72648	2.61239	3.04194	2.90794	0	0	0	0	16.2715	16.267	0	0	0	0	0	0	0	0	0	0	0	0	0	0	0	0	0	0	0	0	0	0	0	0	0	0	0	0	0	0	0	0	0	0
80	0	0	8.00176	3.74101	6.20851	2.88834	3.14361	2.94218	0	0	0	0	16.6379	16.6379	0	0	0	0	0	0	0	0	0	0	0	0	0	0	0	0	0	0	0	0	0	0	0	0	0	0	0	0	0	0	0	0	0	0
81	0	0	11.5018	4.2999	13.0996	3.84803	3.15289	2.97623	0	0	0	0	17.0369	17.0377	0	0	0	0	0	0	0	0	0	0	0	0	0	0	0	0	0	0	0	0	0	0	0	0	0	0	0	0	0	0	0	0	0	0
82	0	0	12.4947	3.65946	17.4733	2.47583	3.20436	3.01029	0	0	0	0	17.4725	17.4719	0	0	0	0	0	0	0	0	0	0	0	0	0	0	0	0	0	0	0	0	0	0	0	0	0	0	0	0	0	0	0	0	0	0
83	0	0	7.9814	3.39048	2.22318	1.85709	3.2662	3.04926	0	0	0	0	17.9264	17.9264	0	0	0	0	0	0	0	0	0	0	0	0	0	0	0	0	0	0	0	0	0	0	0	0	0	0	0	0	0	0	0	0	0	0
84	0	0	8.20644	3.44856	2.30437	1.87624	3.2814	3.09037	0	0	0	0	18.412	18.4126	0	0	0	0	0	0	0	0	0	0	0	0	0	0	0	0	0	0	0	0	0	0	0	0	0	0	0	0	0	0	0	0	0	0
85	0	0	8.36381	3.51118	2.27188	1.8973	3.34056	3.13184	0	0	0	0	18.9431	18.9415	0	0	0	0	0	0	0	0	0	0	0	0	0	0	0	0	0	0	0	0	0	0	0	0	0	0	0	0	0	0	0	0	0	0
86	0	0	8.81649	3.57821	2.38442	1.92041	3.38833	3.17588	0	0	0	0	19.5247	19.5247	0	0	0	0	0	0	0	0	0	0	0	0	0	0	0	0	0	0	0	0	0	0	0	0	0	0	0	0	0	0	0	0	0	0
87	0	0	8.87421	3.65176	2.41771	1.94547	3.46738	3.22545	0	0	0	0	20.1566	20.1589	0	0	0	0	0	0	0	0	0	0	0	0	0	0	0	0	0	0	0	0	0	0	0	0	0	0	0	0	0	0	0	0	0	0
88	0	0	9.276	3.72954	2.39399	1.96565	3.5989	3.27907	0	0	0	0	20.8277	20.8271	0	0	0	0	0	0	0	0	0	0	0	0	0	0	0	0	0	0	0	0	0	0	0	0	0	0	0	0	0	0	0	0	0	0
89	0	0	10.0348	3.81457	2.4559	1.99423	3.65109	3.33358	0	0	0	0	21.5926	21.5918	0	0	0	0	0	0	0	0	0	0	0	0	0	0	0	0	0	0	0	0	0	0	0	0	0	0	0	0	0	0	0	0	0	0
90	0	0	10.1377	3.91182	2.57665	2.02156	3.69095	3.39742	0	0	0	0	22.4667	22.4677	0	0	0	0	0	0	0	0	0	0	0	0	0	0	0	0	0	0	0	0	0	0	0	0	0	0	0	0	0	0	0	0	0	0
91	0	0	10.993	4.01838	2.60217	2.05333	3.79842	3.46223	0	0	0	0	23.4598	23.457	0	0	0	0	0	0	0	0	0	0	0	0	0	0	0	0	0	0	0	0	0	0	0	0	0	0	0	0	0	0	0	0	0	0
92	0	0	11.3256	4.13929	2.61073	2.09068	3.89395	3.53343	0	0	0	0	24.5881	24.5877	0	0	0	0	0	0	0	0	0	0	0	0	0	0	0	0	0	0	0	0	0	0	0	0	0	0	0	0	0	0	0	0	0	0
93	0	0	11.9691	4.2718	2.70551	2.12735	3.97584	3.62122	0	0	0	0	25.869	25.8722	0	0	0	0	0	0	0	0	0	0	0	0	0	0	0	0	0	0	0	0	0	0	0	0	0	0	0	0	0	0	0	0	0	0
94	0	0	13.162	4.42765	2.95627	2.17042	4.09604	3.70916	0	0	0	0	27.4131	27.4126	0	0	0	0	0	0	0	0	0	0	0	0	0	0	0	0	0	0	0	0	0	0	0	0	0	0	0	0	0	0	0	0	0	0
95	0	0	13.7783	4.60319	3.02149	2.21525	4.2324	3.81003	0	0	0	0	29.1967	29.203	0	0	0	0	0	0	0	0	0	0	0	0	0	0	0	0	0	0	0	0	0	0	0	0	0	0	0	0	0	0	0	0	0	0
96	0	0	15.2159	4.80873	3.06691	2.26496	4.35086	3.91454	0	0	0	0	31.3281	31.3333	0	0	0	0	0	0	0	0	0	0	0	0	0	0	0	0	0	0	0	0	0	0	0	0	0	0	0	0	0	0	0	0	0	0
97	0	0	16.9117	5.07129	3.31451	2.33012	4.66045	4.04137	0	0	0	0	34.0529	34.0479	0	0	0	0	0	0	0	0	0	0	0	0	0	0	0	0	0	0	0	0	0	0	0	0	0	0	0	0	0	0	0	0	0	0
98	0	0	18.6291	5.39929	3.53711	2.4139	4.88107	4.19174	0	0	0	0	37.5944	37.5778	0	0	0	0	0	0	0	0	0	0	0	0	0	0	0	0	0	0	0	0	0	0	0	0	0	0	0	0	0	0	0	0	0	0
99	0	0	22.0141	5.83328	3.72755	2.51466	5.14066	4.36988	0	0	0	0	42.3757	42.3759	0	0	0	0	0	0	0	0	0	0	0	0	0	0	0	0	0	0	0	0	0	0	0	0	0	0	0	0	0	0	0	0	0	0
100	0	0	26.2486	6.42045	4.06656	2.6261	5.61602	4.59955	0	0	0	0	49.2507	49.2002	0	0	0	0	0	0	0	0	0	0	0	0	0	0	0	0	0	0	0	0	0	0	0	0	0	0	0	0	0	0	0	0	0	0
101	0	0	35.5492	7.33272	4.62784	2.78279	5.84398	4.72556	0	0	0	0	60.867	60.6495	0	0	0	0	0	0	0	0	0	0	0	0	0	0	0	0	0	0	0	0	0	0	0	0	0	0	0	0	0	0	0	0	0	0
102	0	0	59.1381	9.24223	5.40992	3.02853	4.38966	3.7212	0	0	0	0	86.9749	85.7565	0	0	0	0	0	0	0	0	0	0	0	0	0	0	0	0	0	0	0	0	0	0	0	0	0	0	0	0	0	0	0	0	0	0
103	0	0	391.713	22.4791	7.8561	3.4924	4.72047	3.81559	0	0	0	0	464.894	294.956	0	0	0	0	0	0	0	0	0	0	0	0	0	0	0	0	0	0	0	0	0	0	0	0	0	0	0	0	0	0	0	0	0	0
104	0	0	14.4355	4.24221	20.0282	4.44485	4.83815	3.92508	0	0	0	0	0	0	0	0	0	0	0	0	0	0	0	0	0	0	0	0	0	0	0	0	0	0	0	0	0	0	0	0	0	0	0	0	0	0	0	0
105	0	0	4.04309	2.82544	2.45581	1.95403	5.11259	4.04599	0	0	0	0	0	0	0	0	0	0	0	0	0	0	0	0	0	0	0	0	0	0	0	0	0	0	0	0	0	0	0	0	0	0	0	0	0	0	0	0
106	0	0	4.19382	2.90302	2.50596	1.98155	5.40171	4.19308	0	0	0	0	0	0	0	0	0	0	0	0	0	0	0	0	0	0	0	0	0	0	0	0	0	0	0	0	0	0	0	0	0	0	0	0	0	0	0	0
107	0	0	4.58508	2.99698	2.62749	2.01073	5.80978	4.37597	0	0	0	0	0	0	0	0	0	0	0	0	0	0	0	0	0	0	0	0	0	0	0	0	0	0	0	0	0	0	0	0	0	0	0	0	0	0	0	0
108	0	0	5.06467	3.11209	2.67321	2.03993	6.47089	4.60945	0	0	0	0	0	0	0	0	0	0	0	0	0	0	0	0	0	0	0	0	0	0	0	0	0	0	0	0	0	0	0	0	0	0	0	0	0	0	0	0
109	0	0	5.58933	3.26515	2.66341	2.07195	7.37203	4.92482	0	0	0	0	0	0	0	0	0	0	0	0	0	0	0	0	0	0	0	0	0	0	0	0	0	0	0	0	0	0	0	0	0	0	0	0	0	0	0	0
110	0	0	6.62772	3.48827	2.80521	2.10699	8.60545	5.41687	0	0	0	0	0	0	0	0	0	0	0	0	0	0	0	0	0	0	0	0	0	0	0	0	0	0	0	0	0	0	0	0	0	0	0	0	0	0	0	0
111	0	0	9.58468	3.96224	2.87665	2.14789	12.9417	6.49917	0	0	0	0	0	0	0	0	0	0	0	0	0	0	0	0	0	0	0	0	0	0	0	0	0	0	0	0	0	0	0	0	0	0	0	0	0	0	0	0
112	0	0	21.0013	4.49293	3.02999	2.19298	28.3205	8.03989	0	0	0	0	0	0	0	0	0	0	0	0	0	0	0	0	0	0	0	0	0	0	0	0	0	0	0	0	0	0	0	0	0	0	0	0	0	0	0	0
113	0	0	3.22497	2.64648	2.87047	2.24131	3.66698	3.36967	0	0	0	0	0	0	0	0	0	0	0	0	0	0	0	0	0	0	0	0	0	0	0	0	0	0	0	0	0	0	0	0	0	0	0	0	0	0	0	0
114	0	0	3.44141	2.6985	3.15946	2.2904	3.76017	3.42756	0	0	0	0	0	0	0	0	0	0	0	0	0	0	0	0	0	0	0	0	0	0	0	0	0	0	0	0	0	0	0	0	0	0	0	0	0	0	0	0
115	0	0	3.52282	2.75611	3.31882	2.3501	3.79531	3.48561	0	0	0	0	0	0	0	0	0	0	0	0	0	0	0	0	0	0	0	0	0	0	0	0	0	0	0	0	0	0	0	0	0	0	0	0	0	0	0	0
116	0	0	3.62037	2.81696	3.46209	2.41437	3.81831	3.54404	0	0	0	0	0	0	0	0	0	0	0	0	0	0	0	0	0	0	0	0	0	0	0	0	0	0	0	0	0	0	0	0	0	0	0	0	0	0	0	0
117	0	0	3.78486	2.89245	3.72128	2.49314	3.86579	3.61052	0	0	0	0	0	0	0	0	0	0	0	0	0	0	0	0	0	0	0	0	0	0	0	0	0	0	0	0	0	0	0	0	0	0	0	0	0	0	0	0
118	0	0	3.93265	2.97725	3.88439	2.58705	3.99484	3.67862	0	0	0	0	0	0	0	0	0	0	0	0	0	0	0	0	0	0	0	0	0	0	0	0	0	0	0	0	0	0	0	0	0	0	0	0	0	0	0	0
119	0	0	4.27693	3.07647	4.38169	2.69737	4.15171	3.75821	0	0	0	0	0	0	0	0	0	0	0	0	0	0	0	0	0	0	0	0	0	0	0	0	0	0	0	0	0	0	0	0	0	0	0	0	0	0	0	0
120	0	0	4.39905	3.1976	4.54509	2.83937	4.1956	3.84024	0	0	0	0	0	0	0	0	0	0	0	0	0	0	0	0	0	0	0	0	0	0	0	0	0	0	0	0	0	0	0	0	0	0	0	0	0	0	0	0
121	0	0	4.8988	3.34681	5.33847	3.02168	4.31643	3.92796	0	0	0	0	0	0	0	0	0	0	0	0	0	0	0	0	0	0	0	0	0	0	0	0	0	0	0	0	0	0	0	0	0	0	0	0	0	0	0	0
122	0	0	5.62975	3.56502	6.46859	3.3091	4.40502	4.0236	0	0	0	0	0	0	0	0	0	0	0	0	0	0	0	0	0	0	0	0	0	0	0	0	0	0	0	0	0	0	0	0	0	0	0	0	0	0	0	0
123	0	0	7.46271	4.02882	9.08454	3.9708	4.56068	4.13249	0	0	0	0	0	0	0	0	0	0	0	0	0	0	0	0	0	0	0	0	0	0	0	0	0	0	0	0	0	0	0	0	0	0	0	0	0	0	0	0
124	0	0	13.5451	4.39801	18.5211	4.48787	4.76204	4.24986	0	0	0	0	0	0	0	0	0	0	0	0	0	0	0	0	0	0	0	0	0	0	0	0	0	0	0	0	0	0	0	0	0	0	0	0	0	0	0	0
125	0	0	4.312	3.11227	3.62773	2.27099	4.87234	4.37822	0	0	0	0	0	0	0	0	0	0	0	0	0	0	0	0	0	0	0	0	0	0	0	0	0	0	0	0	0	0	0	0	0	0	0	0	0	0	0	0
126	0	0	4.56647	3.22225	3.93082	2.35678	5.06537	4.52586	0	0	0	0	0	0	0	0	0	0	0	0	0	0	0	0	0	0	0	0	0	0	0	0	0	0	0	0	0	0	0	0	0	0	0	0	0	0	0	0
127	0	0	4.91212	3.35675	4.33955	2.46646	5.34985	4.69934	0	0	0	0	0	0	0	0	0	0	0	0	0	0	0	0	0	0	0	0	0	0	0	0	0	0	0	0	0	0	0	0	0	0	0	0	0	0	0	0
128	0	0	5.19888	3.51709	4.79536	2.60708	5.51701	4.89823	0	0	0	0	0	0	0	0	0	0	0	0	0	0	0	0	0	0	0	0	0	0	0	0	0	0	0	0	0	0	0	0	0	0	0	0	0	0	0	0
129	0	0	5.77356	3.71467	5.67949	2.80085	5.85175	5.11225	0	0	0	0	0	0	0	0	0	0	0	0	0	0	0	0	0	0	0	0	0	0	0	0	0	0	0	0	0	0	0	0	0	0	0	0	0	0	0	0
130	0	0	6.68793	4.03203	7.14518	3.14774	6.25716	5.38198	0	0	0	0	0	0	0	0	0	0	0	0	0	0	0	0	0	0	0	0	0	0	0	0	0	0	0	0	0	0	0	0	0	0	0	0	0	0	0	0
131	0	0	9.51426	4.7572	11.9076	4.12732	6.68633	5.71264	0	0	0	0	0	0	0	0	0	0	0	0	0	0	0	0	0	0	0	0	0	0	0	0	0	0	0	0	0	0	0	0	0	0	0	0	0	0	0	0
132	0	0	15.038	4.82068	24.8896	3.83144	7.24189	6.13381	0	0	0	0	0	0	0	0	0	0	0	0	0	0	0	0	0	0	0	0	0	0	0	0	0	0	0	0	0	0	0	0	0	0	0	0	0	0	0	0
133	0	0	6.82824	3.89479	1.75769	1.57655	8.2675	6.76082	0	0	0	0	0	0	0	0	0	0	0	0	0	0	0	0	0	0	0	0	0	0	0	0	0	0	0	0	0	0	0	0	0	0	0	0	0	0	0	0
134	0	0	7.9556	4.31156	1.80142	1.58802	9.75312	7.67876	0	0	0	0	0	0	0	0	0	0	0	0	0	0	0	0	0	0	0	0	0	0	0	0	0	0	0	0	0	0	0	0	0	0	0	0	0	0	0	0
135	0	0	11.3793	5.17818	1.86136	1.60638	13.4439	9.62453	0	0	0	0	0	0	0	0	0	0	0	0	0	0	0	0	0	0	0	0	0	0	0	0	0	0	0	0	0	0	0	0	0	0	0	0	0	0	0	0
136	0	0	25.9342	6.26523	1.83564	1.62387	30.0223	13.4277	0	0	0	0	0	0	0	0	0	0	0	0	0	0	0	0	0	0	0	0	0	0	0	0	0	0	0	0	0	0	0	0	0	0	0	0	0	0	0	0
137	0	0	6.23998	3.09384	1.85679	1.63848	8.60803	6.15921	0	0	0	0	0	0	0	0	0	0	0	0	0	0	0	0	0	0	0	0	0	0	0	0	0	0	0	0	0	0	0	0	0	0	0	0	0	0	0	0
138	0	0	7.29867	3.3652	1.91311	1.65754	9.96225	6.95289	0	0	0	0	0	0	0	0	0	0	0	0	0	0	0	0	0	0	0	0	0	0	0	0	0	0	0	0	0	0	0	0	0	0	0	0	0	0	0	0
139	0	0	9.35857	3.81032	1.92586	1.67515	12.5293	8.29554	0	0	0	0	0	0	0	0	0	0	0	0	0	0	0	0	0	0	0	0	0	0	0	0	0	0	0	0	0	0	0	0	0	0	0	0	0	0	0	0
140	0	0	16.761	5.14771	1.9261	1.69434	20.6005	12.3521	0	0	0	0	0	0	0	0	0	0	0	0	0	0	0	0	0	0	0	0	0	0	0	0	0	0	0	0	0	0	0	0	0	0	0	0	0	0	0	0
141	0	0	31.3317	4.14258	1.95428	1.70921	46.0431	12.6785	0	0	0	0	0	0	0	0	0	0	0	0	0	0	0	0	0	0	0	0	0	0	0	0	0	0	0	0	0	0	0	0	0	0	0	0	0	0	0	0
142	0	0	1.9726	1.79479	1.94164	1.72754	2.09498	2.09503	0	0	0	0	0	0	0	0	0	0	0	0	0	0	0	0	0	0	0	0	0	0	0	0	0	0	0	0	0	0	0	0	0	0	0	0	0	0	0	0
143	0	0	1.998	1.81419	1.97439	1.74999	2.10156	2.10158	0	0	0	0	0	0	0	0	0	0	0	0	0	0	0	0	0	0	0	0	0	0	0	0	0	0	0	0	0	0	0	0	0	0	0	0	0	0	0	0
144	0	0	2.11431	1.83388	2.11584	1.77236	2.10891	2.10894	0	0	0	0	0	0	0	0	0	0	0	0	0	0	0	0	0	0	0	0	0	0	0	0	0	0	0	0	0	0	0	0	0	0	0	0	0	0	0	0
145	0	0	2.18241	1.85767	2.20108	1.79974	2.11673	2.11666	0	0	0	0	0	0	0	0	0	0	0	0	0	0	0	0	0	0	0	0	0	0	0	0	0	0	0	0	0	0	0	0	0	0	0	0	0	0	0	0
146	0	0	2.14701	1.88033	2.15258	1.82578	2.12375	2.12379	0	0	0	0	0	0	0	0	0	0	0	0	0	0	0	0	0	0	0	0	0	0	0	0	0	0	0	0	0	0	0	0	0	0	0	0	0	0	0	0
147	0	0	2.17329	1.89724	2.18641	1.84436	2.13126	2.13132	0	0	0	0	0	0	0	0	0	0	0	0	0	0	0	0	0	0	0	0	0	0	0	0	0	0	0	0	0	0	0	0	0	0	0	0	0	0	0	0
148	0	0	2.25181	1.92484	2.2805	1.87653	2.13936	2.13937	0	0	0	0	0	0	0	0	0	0	0	0	0	0	0	0	0	0	0	0	0	0	0	0	0	0	0	0	0	0	0	0	0	0	0	0	0	0	0	0
149	0	0	2.3059	1.9589	2.34191	1.91701	2.14646	2.14647	0	0	0	0	0	0	0	0	0	0	0	0	0	0	0	0	0	0	0	0	0	0	0	0	0	0	0	0	0	0	0	0	0	0	0	0	0	0	0	0
150	0	0	2.31884	1.98806	2.35709	1.95119	2.15305	2.15306	0	0	0	0	0	0	0	0	0	0	0	0	0	0	0	0	0	0	0	0	0	0	0	0	0	0	0	0	0	0	0	0	0	0	0	0	0	0	0	0
151	0	0	2.41626	2.01325	2.49088	1.98001	2.16082	2.16092	0	0	0	0	0	0	0	0	0	0	0	0	0	0	0	0	0	0	0	0	0	0	0	0	0	0	0	0	0	0	0	0	0	0	0	0	0	0	0	0
152	0	0	2.51968	2.04273	2.59011	2.01415	2.16868	2.16868	0	0	0	0	0	0	0	0	0	0	0	0	0	0	0	0	0	0	0	0	0	0	0	0	0	0	0	0	0	0	0	0	0	0	0	0	0	0	0	0
153	0	0	2.47918	2.07881	2.53804	2.05678	2.17555	2.17554	0	0	0	0	0	0	0	0	0	0	0	0	0	0	0	0	0	0	0	0	0	0	0	0	0	0	0	0	0	0	0	0	0	0	0	0	0	0	0	0
154	0	0	2.60859	2.11701	2.70671	2.10205	2.1826	2.18257	0	0	0	0	0	0	0	0	0	0	0	0	0	0	0	0	0	0	0	0	0	0	0	0	0	0	0	0	0	0	0	0	0	0	0	0	0	0	0	0
155	0	0	2.56324	2.15539	2.64952	2.14745	2.18999	2.19	0	0	0	0	0	0	0	0	0	0	0	0	0	0	0	0	0	0	0	0	0	0	0	0	0	0	0	0	0	0	0	0	0	0	0	0	0	0	0	0
156	0	0	2.81201	2.20473	2.92207	2.20649	2.19706	2.19706	0	0	0	0	0	0	0	0	0	0	0	0	0	0	0	0	0	0	0	0	0	0	0	0	0	0	0	0	0	0	0	0	0	0	0	0	0	0	0	0
157	0	0	2.96743	2.27057	3.13515	2.28565	2.20456	2.20434	0	0	0	0	0	0	0	0	0	0	0	0	0	0	0	0	0	0	0	0	0	0	0	0	0	0	0	0	0	0	0	0	0	0	0	0	0	0	0	0
158	0	0	3.04631	2.33862	3.20249	2.3673	2.21256	2.2126	0	0	0	0	0	0	0	0	0	0	0	0	0	0	0	0	0	0	0	0	0	0	0	0	0	0	0	0	0	0	0	0	0	0	0	0	0	0	0	0
159	0	0	3.1854	2.4283	3.3575	2.47552	2.2205	2.22047	0	0	0	0	0	0	0	0	0	0	0	0	0	0	0	0	0	0	0	0	0	0	0	0	0	0	0	0	0	0	0	0	0	0	0	0	0	0	0	0
160	0	0	3.57707	2.52583	3.83455	2.59348	2.22882	2.22892	0	0	0	0	0	0	0	0	0	0	0	0	0	0	0	0	0	0	0	0	0	0	0	0	0	0	0	0	0	0	0	0	0	0	0	0	0	0	0	0
161	0	0	3.63952	2.65932	3.94568	2.75498	2.23842	2.2384	0	0	0	0	0	0	0	0	0	0	0	0	0	0	0	0	0	0	0	0	0	0	0	0	0	0	0	0	0	0	0	0	0	0	0	0	0	0	0	0
162	0	0	4.113	2.85703	4.38958	2.994	2.24806	2.24811	0	0	0	0	0	0	0	0	0	0	0	0	0	0	0	0	0	0	0	0	0	0	0	0	0	0	0	0	0	0	0	0	0	0	0	0	0	0	0	0
163	0	0	4.71155	3.06605	5.1629	3.2499	2.25743	2.25719	0	0	0	0	0	0	0	0	0	0	0	0	0	0	0	0	0	0	0	0	0	0	0	0	0	0	0	0	0	0	0	0	0	0	0	0	0	0	0	0
164	0	0	5.66252	3.4187	6.23303	3.68111	2.26802	2.26814	0	0	0	0	0	0	0	0	0	0	0	0	0	0	0	0	0	0	0	0	0	0	0	0	0	0	0	0	0	0	0	0	0	0	0	0	0	0	0	0
165	0	0	7.84563	4.21931	8.33706	4.65706	2.27739	2.27737	0	0	0	0	0	0	0	0	0	0	0	0	0	0	0	0	0	0	0	0	0	0	0	0	0	0	0	0	0	0	0	0	0	0	0	0	0	0	0	0
166	0	0	19.2796	6.54285	20.8294	7.61652	2.28709	2.28714	0	0	0	0	0	0	0	0	0	0	0	0	0	0	0	0	0	0	0	0	0	0	0	0	0	0	0	0	0	0	0	0	0	0	0	0	0	0	0	0
167	0	0	1.73209	1.54861	1.26372	1.26389	2.29818	2.29824	0	0	0	0	0	0	0	0	0	0	0	0	0	0	0	0	0	0	0	0	0	0	0	0	0	0	0	0	0	0	0	0	0	0	0	0	0	0	0	0
168	0	0	1.72815	1.55383	1.26743	1.26696	2.30841	2.3083	0	0	0	0	0	0	0	0	0	0	0	0	0	0	0	0	0	0	0	0	0	0	0	0	0	0	0	0	0	0	0	0	0	0	0	0	0	0	0	0
169	0	0	1.78102	1.55887	1.26977	1.27021	2.3195	2.31967	0	0	0	0	0	0	0	0	0	0	0	0	0	0	0	0	0	0	0	0	0	0	0	0	0	0	0	0	0	0	0	0	0	0	0	0	0	0	0	0
170	0	0	1.73967	1.56449	1.27414	1.27359	2.33083	2.33083	0	0	0	0	0	0	0	0	0	0	0	0	0	0	0	0	0	0	0	0	0	0	0	0	0	0	0	0	0	0	0	0	0	0	0	0	0	0	0	0
171	0	0	1.59993	1.5707	1.27778	1.27856	2.34079	2.3408	0	0	0	0	0	0	0	0	0	0	0	0	0	0	0	0	0	0	0	0	0	0	0	0	0	0	0	0	0	0	0	0	0	0	0	0	0	0	0	0
172	0	0	1.80474	1.57655	1.28242	1.28237	2.35165	2.35163	0	0	0	0	0	0	0	0	0	0	0	0	0	0	0	0	0	0	0	0	0	0	0	0	0	0	0	0	0	0	0	0	0	0	0	0	0	0	0	0
173	0	0	1.70317	1.58332	1.28763	1.28672	2.36359	2.36358	0	0	0	0	0	0	0	0	0	0	0	0	0	0	0	0	0	0	0	0	0	0	0	0	0	0	0	0	0	0	0	0	0	0	0	0	0	0	0	0
174	0	0	340.6	5.62591	1.28777	1.28756	2.37514	2.375	0	0	0	0	0	0	0	0	0	0	0	0	0	0	0	0	0	0	0	0	490.698	379.477	0	0	0	0	0	0	0	0	0	0	0	0	0	0	0	0	0	0
175	0	0	1.94355	1.76355	1.28811	1.28818	2.38575	2.38579	0	0	0	0	0	0	0	0	0	0	0	0	0	0	0	0	0	0	0	0	0	0	0	0	0	0	0	0	0	0	0	0	0	0	0	0	0	0	0	0
176	0	0	2.01672	1.77004	1.2914	1.29124	2.3971	2.39721	0	0	0	0	0	0	0	0	0	0	0	0	0	0	0	0	0	0	0	0	0	0	0	0	0	0	0	0	0	0	0	0	0	0	0	0	0	0	0	0
177	0	0	2.03652	1.77828	1.29481	1.29483	2.41066	2.41079	0	0	0	0	0	0	0	0	0	0	0	0	0	0	0	0	0	0	0	0	0	0	0	0	0	0	0	0	0	0	0	0	0	0	0	0	0	0	0	0
178	0	0	2.00395	1.78557	1.29828	1.2983	2.42379	2.42384	0	0	0	0	0	0	0	0	0	0	0	0	0	0	0	0	0	0	0	0	0	0	0	0	0	0	0	0	0	0	0	0	0	0	0	0	0	0	0	0
179	0	0	2.01716	1.7926	1.30167	1.30167	2.43567	2.43573	0	0	0	0	0	0	0	0	0	0	0	0	0	0	0	0	0	0	0	0	0	0	0	0	0	0	0	0	0	0	0	0	0	0	0	0	0	0	0	0
180	0	0	1.97251	1.80007	1.30571	1.30537	2.44853	2.4485	0	0	0	0	0	0	0	0	0	0	0	0	0	0	0	0	0	0	0	0	0	0	0	0	0	0	0	0	0	0	0	0	0	0	0	0	0	0	0	0
181	0	0	2.06486	1.80886	1.30981	1.30972	2.46232	2.4625	0	0	0	0	0	0	0	0	0	0	0	0	0	0	0	0	0	0	0	0	0	0	0	0	0	0	0	0	0	0	0	0	0	0	0	0	0	0	0	0
182	0	0	1.88196	1.81734	1.31472	1.31494	2.47558	2.47549	0	0	0	0	0	0	0	0	0	0	0	0	0	0	0	0	0	0	0	0	0	0	0	0	0	0	0	0	0	0	0	0	0	0	0	0	0	0	0	0
183	0	0	2.02556	1.82541	1.31994	1.32001	2.48851	2.48856	0	0	0	0	0	0	0	0	0	0	0	0	0	0	0	0	0	0	0	0	0	0	0	0	0	0	0	0	0	0	0	0	0	0	0	0	0	0	0	0
184	0	0	2.10879	1.83284	1.32367	1.32365	2.50222	2.50219	0	0	0	0	0	0	0	0	0	0	0	0	0	0	0	0	0	0	0	0	0	0	0	0	0	0	0	0	0	0	0	0	0	0	0	0	0	0	0	0
185	0	0	1.99336	1.84079	1.32762	1.3277	2.51555	2.51551	0	0	0	0	0	0	0	0	0	0	0	0	0	0	0	0	0	0	0	0	0	0	0	0	0	0	0	0	0	0	0	0	0	0	0	0	0	0	0	0
186	0	0	2.07783	1.84916	1.3323	1.33209	2.53024	2.53004	0	0	0	0	0	0	0	0	0	0	0	0	0	0	0	0	0	0	0	0	0	0	0	0	0	0	0	0	0	0	0	0	0	0	0	0	0	0	0	0
187	0	0	2.04007	1.85772	1.33684	1.33689	2.54516	2.5451	0	0	0	0	0	0	0	0	0	0	0	0	0	0	0	0	0	0	0	0	0	0	0	0	0	0	0	0	0	0	0	0	0	0	0	0	0	0	0	0
188	0	0	2.15733	1.86542	1.34076	1.3408	2.55945	2.55965	0	0	0	0	0	0	0	0	0	0	0	0	0	0	0	0	0	0	0	0	0	0	0	0	0	0	0	0	0	0	0	0	0	0	0	0	0	0	0	0
189	0	0	2.01271	1.87411	1.34521	1.34549	2.57429	2.57421	0	0	0	0	0	0	0	0	0	0	0	0	0	0	0	0	0	0	0	0	0	0	0	0	0	0	0	0	0	0	0	0	0	0	0	0	0	0	0	0
190	0	0	2.00258	1.88395	1.35041	1.35068	2.58734	2.58722	0	0	0	0	0	0	0	0	0	0	0	0	0	0	0	0	0	0	0	0	0	0	0	0	0	0	0	0	0	0	0	0	0	0	0	0	0	0	0	0
191	0	0	2.12596	1.89289	1.355	1.35501	2.60077	2.60087	0	0	0	0	0	0	0	0	0	0	0	0	0	0	0	0	0	0	0	0	0	0	0	0	0	0	0	0	0	0	0	0	0	0	0	0	0	0	0	0
192	0	0	2.09658	1.90181	1.35905	1.35897	2.61433	2.6142	0	0	0	0	0	0	0	0	0	0	0	0	0	0	0	0	0	0	0	0	0	0	0	0	0	0	0	0	0	0	0	0	0	0	0	0	0	0	0	0
193	0	0	2.12208	1.90892	1.36312	1.36311	2.62745	2.62748	0	0	0	0	0	0	0	0	0	0	0	0	0	0	0	0	0	0	0	0	0	0	0	0	0	0	0	0	0	0	0	0	0	0	0	0	0	0	0	0
194	0	0	2.13688	1.9184	1.36769	1.36787	2.64279	2.64288	0	0	0	0	0	0	0	0	0	0	0	0	0	0	0	0	0	0	0	0	0	0	0	0	0	0	0	0	0	0	0	0	0	0	0	0	0	0	0	0
195	0	0	2.04289	1.92889	1.37325	1.37352	2.6587	2.65879	0	0	0	0	0	0	0	0	0	0	0	0	0	0	0	0	0	0	0	0	0	0	0	0	0	0	0	0	0	0	0	0	0	0	0	0	0	0	0	0
196	0	0	2.15458	1.93937	1.37873	1.37842	2.6742	2.67429	0	0	0	0	0	0	0	0	0	0	0	0	0	0	0	0	0	0	0	0	0	0	0	0	0	0	0	0	0	0	0	0	0	0	0	0	0	0	0	0
197	0	0	2.16401	1.94886	1.38337	1.38318	2.68973	2.68966	0	0	0	0	0	0	0	0	0	0	0	0	0	0	0	0	0	0	0	0	0	0	0	0	0	0	0	0	0	0	0	0	0	0	0	0	0	0	0	0
198	0	0	2.09476	1.9578	1.38852	1.38808	2.70479	2.70488	0	0	0	0	0	0	0	0	0	0	0	0	0	0	0	0	0	0	0	0	0	0	0	0	0	0	0	0	0	0	0	0	0	0	0	0	0	0	0	0
199	0	0	2.2241	1.96849	1.3937	1.39377	2.72096	2.72115	0	0	0	0	0	0	0	0	0	0	0	0	0	0	0	0	0	0	0	0	0	0	0	0	0	0	0	0	0	0	0	0	0	0	0	0	0	0	0	0
200	0	0	2.1705	1.97846	1.39841	1.39852	2.73713	2.73712	0	0	0	0	0	0	0	0	0	0	0	0	0	0	0	0	0	0	0	0	0	0	0	0	0	0	0	0	0	0	0	0	0	0	0	0	0	0	0	0
201	0	0	2.20133	1.98933	1.40352	1.40348	2.75357	2.7536	0	0	0	0	0	0	0	0	0	0	0	0	0	0	0	0	0	0	0	0	0	0	0	0	0	0	0	0	0	0	0	0	0	0	0	0	0	0	0	0
202	0	0	2.1749	1.99986	1.40907	1.40874	2.77092	2.77081	0	0	0	0	0	0	0	0	0	0	0	0	0	0	0	0	0	0	0	0	0	0	0	0	0	0	0	0	0	0	0	0	0	0	0	0	0	0	0	0
203	0	0	2.30929	2.01038	1.4141	1.41413	2.78872	2.78883	0	0	0	0	0	0	0	0	0	0	0	0	0	0	0	0	0	0	0	0	0	0	0	0	0	0	0	0	0	0	0	0	0	0	0	0	0	0	0	0
204	0	0	2.27768	2.02034	1.4185	1.41835	2.80657	2.80662	0	0	0	0	0	0	0	0	0	0	0	0	0	0	0	0	0	0	0	0	0	0	0	0	0	0	0	0	0	0	0	0	0	0	0	0	0	0	0	0
205	0	0	2.27439	2.02831	1.42307	1.42309	2.82355	2.8236	0	0	0	0	0	0	0	0	0	0	0	0	0	0	0	0	0	0	0	0	0	0	0	0	0	0	0	0	0	0	0	0	0	0	0	0	0	0	0	0
206	0	0	2.31737	2.03675	1.42789	1.42786	2.84201	2.84219	0	0	0	0	0	0	0	0	0	0	0	0	0	0	0	0	0	0	0	0	0	0	0	0	0	0	0	0	0	0	0	0	0	0	0	0	0	0	0	0
207	0	0	2.23536	2.05106	1.43329	1.43325	2.8609	2.86055	0	0	0	0	0	0	0	0	0	0	0	0	0	0	0	0	0	0	0	0	0	0	0	0	0	0	0	0	0	0	0	0	0	0	0	0	0	0	0	0
208	0	0	2.36218	2.06378	1.43862	1.43855	2.88018	2.88037	0	0	0	0	0	0	0	0	0	0	0	0	0	0	0	0	0	0	0	0	0	0	0	0	0	0	0	0	0	0	0	0	0	0	0	0	0	0	0	0
209	0	0	2.37578	2.07519	1.44327	1.44327	2.90006	2.90016	0	0	0	0	0	0	0	0	0	0	0	0	0	0	0	0	0	0	0	0	0	0	0	0	0	0	0	0	0	0	0	0	0	0	0	0	0	0	0	0
210	0	0	2.22266	2.08604	1.449	1.44868	2.91899	2.91897	0	0	0	0	0	0	0	0	0	0	0	0	0	0	0	0	0	0	0	0	0	0	0	0	0	0	0	0	0	0	0	0	0	0	0	0	0	0	0	0
211	0	0	2.17791	2.09925	1.45671	1.45666	2.93816	2.93817	0	0	0	0	0	0	0	0	0	0	0	0	0	0	0	0	0	0	0	0	0	0	0	0	0	0	0	0	0	0	0	0	0	0	0	0	0	0	0	0
212	0	0	2.41323	2.11088	1.46336	1.46343	2.95835	2.95844	0	0	0	0	0	0	0	0	0	0	0	0	0	0	0	0	0	0	0	0	0	0	0	0	0	0	0	0	0	0	0	0	0	0	0	0	0	0	0	0
213	0	0	2.41494	2.12197	1.4685	1.46834	2.97988	2.97983	0	0	0	0	0	0	0	0	0	0	0	0	0	0	0	0	0	0	0	0	0	0	0	0	0	0	0	0	0	0	0	0	0	0	0	0	0	0	0	0
214	0	0	2.50897	2.13676	1.47359	1.47367	3.0035	3.00371	0	0	0	0	0	0	0	0	0	0	0	0	0	0	0	0	0	0	0	0	0	0	0	0	0	0	0	0	0	0	0	0	0	0	0	0	0	0	0	0
215	0	0	2.37802	2.15113	1.48001	1.48048	3.02999	3.0303	0	0	0	0	0	0	0	0	0	0	0	0	0	0	0	0	0	0	0	0	0	0	0	0	0	0	0	0	0	0	0	0	0	0	0	0	0	0	0	0
216	0	0	2.4766	2.16494	1.48675	1.48662	3.05571	3.05584	0	0	0	0	0	0	0	0	0	0	0	0	0	0	0	0	0	0	0	0	0	0	0	0	0	0	0	0	0	0	0	0	0	0	0	0	0	0	0	0
217	0	0	2.35286	2.18076	1.49369	1.49406	3.08026	3.08043	0	0	0	0	0	0	0	0	0	0	0	0	0	0	0	0	0	0	0	0	0	0	0	0	0	0	0	0	0	0	0	0	0	0	0	0	0	0	0	0
218	0	0	2.56564	2.19638	1.50056	1.50052	3.10637	3.1066	0	0	0	0	0	0	0	0	0	0	0	0	0	0	0	0	0	0	0	0	0	0	0	0	0	0	0	0	0	0	0	0	0	0	0	0	0	0	0	0
219	0	0	2.63636	2.21216	1.5058	1.50568	3.13503	3.13484	0	0	0	0	0	0	0	0	0	0	0	0	0	0	0	0	0	0	0	0	0	0	0	0	0	0	0	0	0	0	0	0	0	0	0	0	0	0	0	0
220	0	0	2.43843	2.228	1.51185	1.51174	3.16196	3.16171	0	0	0	0	0	0	0	0	0	0	0	0	0	0	0	0	0	0	0	0	0	0	0	0	0	0	0	0	0	0	0	0	0	0	0	0	0	0	0	0
221	0	0	2.57618	2.24357	1.5184	1.51848	3.18773	3.18791	0	0	0	0	0	0	0	0	0	0	0	0	0	0	0	0	0	0	0	0	0	0	0	0	0	0	0	0	0	0	0	0	0	0	0	0	0	0	0	0
222	0	0	2.54034	2.26052	1.52487	1.52506	3.21552	3.2156	0	0	0	0	0	0	0	0	0	0	0	0	0	0	0	0	0	0	0	0	0	0	0	0	0	0	0	0	0	0	0	0	0	0	0	0	0	0	0	0
223	0	0	2.61003	2.27622	1.53123	1.53132	3.24279	3.24294	0	0	0	0	0	0	0	0	0	0	0	0	0	0	0	0	0	0	0	0	0	0	0	0	0	0	0	0	0	0	0	0	0	0	0	0	0	0	0	0
224	0	0	2.58076	2.29323	1.53805	1.5385	3.27224	3.27229	0	0	0	0	0	0	0	0	0	0	0	0	0	0	0	0	0	0	0	0	0	0	0	0	0	0	0	0	0	0	0	0	0	0	0	0	0	0	0	0
225	0	0	2.42621	2.30992	1.54731	1.54663	3.30301	3.30299	0	0	0	0	0	0	0	0	0	0	0	0	0	0	0	0	0	0	0	0	0	0	0	0	0	0	0	0	0	0	0	0	0	0	0	0	0	0	0	0
226	0	0	2.61003	2.32972	1.55657	1.55689	3.33335	3.33319	0	0	0	0	0	0	0	0	0	0	0	0	0	0	0	0	0	0	0	0	0	0	0	0	0	0	0	0	0	0	0	0	0	0	0	0	0	0	0	0
227	0	0	2.60558	2.34728	1.56463	1.56434	3.36492	3.36513	0	0	0	0	0	0	0	0	0	0	0	0	0	0	0	0	0	0	0	0	0	0	0	0	0	0	0	0	0	0	0	0	0	0	0	0	0	0	0	0
228	0	0	2.81254	2.36348	1.57209	1.57187	3.40033	3.39966	0	0	0	0	0	0	0	0	0	0	0	0	0	0	0	0	0	0	0	0	0	0	0	0	0	0	0	0	0	0	0	0	0	0	0	0	0	0	0	0
229	0	0	2.80625	2.38378	1.57857	1.57847	3.43768	3.43785	0	0	0	0	0	0	0	0	0	0	0	0	0	0	0	0	0	0	0	0	0	0	0	0	0	0	0	0	0	0	0	0	0	0	0	0	0	0	0	0
230	0	0	2.6138	2.40505	1.58725	1.58788	3.47451	3.47446	0	0	0	0	0	0	0	0	0	0	0	0	0	0	0	0	0	0	0	0	0	0	0	0	0	0	0	0	0	0	0	0	0	0	0	0	0	0	0	0
231	0	0	2.84454	2.42758	1.59601	1.59623	3.51144	3.51174	0	0	0	0	0	0	0	0	0	0	0	0	0	0	0	0	0	0	0	0	0	0	0	0	0	0	0	0	0	0	0	0	0	0	0	0	0	0	0	0
232	0	0	2.90154	2.44969	1.60286	1.60297	3.55059	3.55073	0	0	0	0	0	0	0	0	0	0	0	0	0	0	0	0	0	0	0	0	0	0	0	0	0	0	0	0	0	0	0	0	0	0	0	0	0	0	0	0
233	0	0	2.77179	2.47149	1.61092	1.61097	3.59099	3.59103	0	0	0	0	0	0	0	0	0	0	0	0	0	0	0	0	0	0	0	0	0	0	0	0	0	0	0	0	0	0	0	0	0	0	0	0	0	0	0	0
234	0	0	2.81827	2.61432	2.30765	2.17548	3.6303	3.63017	0	0	0	0	0	0	0	0	0	0	0	0	0	0	0	0	0	0	0	0	0	0	0	0	0	0	0	0	0	0	0	0	0	0	0	0	0	0	0	0
235	0	0	2.95173	2.67	2.5259	2.29185	3.67206	3.67224	0	0	0	0	0	0	0	0	0	0	0	0	0	0	0	0	0	0	0	0	0	0	0	0	0	0	0	0	0	0	0	0	0	0	0	0	0	0	0	0
236	0	0	2.95624	2.70643	2.50534	2.32623	3.71677	3.71695	0	0	0	0	0	0	0	0	0	0	0	0	0	0	0	0	0	0	0	0	0	0	0	0	0	0	0	0	0	0	0	0	0	0	0	0	0	0	0	0
237	0	0	3.0072	2.74807	2.51204	2.36447	3.76748	3.76798	0	0	0	0	0	0	0	0	0	0	0	0	0	0	0	0	0	0	0	0	0	0	0	0	0	0	0	0	0	0	0	0	0	0	0	0	0	0	0	0
238	0	0	3.06855	2.79296	2.60167	2.40526	3.82187	3.82177	0	0	0	0	0	0	0	0	0	0	0	0	0	0	0	0	0	0	0	0	0	0	0	0	0	0	0	0	0	0	0	0	0	0	0	0	0	0	0	0
239	0	0	3.095	2.83624	2.63716	2.44301	3.87381	3.87382	0	0	0	0	0	0	0	0	0	0	0	0	0	0	0	0	0	0	0	0	0	0	0	0	0	0	0	0	0	0	0	0	0	0	0	0	0	0	0	0
240	0	0	3.10501	2.8798	2.66061	2.48448	3.9247	3.9249	0	0	0	0	0	0	0	0	0	0	0	0	0	0	0	0	0	0	0	0	0	0	0	0	0	0	0	0	0	0	0	0	0	0	0	0	0	0	0	0
241	0	0	3.26171	2.92839	2.87185	2.52969	3.9752	3.9754	0	0	0	0	0	0	0	0	0	0	0	0	0	0	0	0	0	0	0	0	0	0	0	0	0	0	0	0	0	0	0	0	0	0	0	0	0	0	0	0
242	0	0	3.29437	2.98379	2.89788	2.58634	4.02955	4.03015	0	0	0	0	0	0	0	0	0	0	0	0	0	0	0	0	0	0	0	0	0	0	0	0	0	0	0	0	0	0	0	0	0	0	0	0	0	0	0	0
243	0	0	3.34818	3.04405	2.91888	2.64869	4.09081	4.09065	0	0	0	0	0	0	0	0	0	0	0	0	0	0	0	0	0	0	0	0	0	0	0	0	0	0	0	0	0	0	0	0	0	0	0	0	0	0	0	0
244	0	0	3.46919	3.10723	3.06665	2.71134	4.15439	4.15452	0	0	0	0	0	0	0	0	0	0	0	0	0	0	0	0	0	0	0	0	0	0	0	0	0	0	0	0	0	0	0	0	0	0	0	0	0	0	0	0
245	0	0	3.56145	3.17494	3.20267	2.78031	4.21919	4.21933	0	0	0	0	0	0	0	0	0	0	0	0	0	0	0	0	0	0	0	0	0	0	0	0	0	0	0	0	0	0	0	0	0	0	0	0	0	0	0	0
246	0	0	3.67922	3.25113	3.35823	2.86383	4.28398	4.28431	0	0	0	0	0	0	0	0	0	0	0	0	0	0	0	0	0	0	0	0	0	0	0	0	0	0	0	0	0	0	0	0	0	0	0	0	0	0	0	0
247	0	0	3.74275	3.32702	3.39981	2.9446	4.35344	4.35321	0	0	0	0	0	0	0	0	0	0	0	0	0	0	0	0	0	0	0	0	0	0	0	0	0	0	0	0	0	0	0	0	0	0	0	0	0	0	0	0
248	0	0	3.94786	3.42059	3.66982	3.04343	4.4318	4.43227	0	0	0	0	0	0	0	0	0	0	0	0	0	0	0	0	0	0	0	0	0	0	0	0	0	0	0	0	0	0	0	0	0	0	0	0	0	0	0	0
249	0	0	3.88482	3.52568	3.56383	3.15484	4.51799	4.51836	0	0	0	0	0	0	0	0	0	0	0	0	0	0	0	0	0	0	0	0	0	0	0	0	0	0	0	0	0	0	0	0	0	0	0	0	0	0	0	0
250	0	0	4.25512	3.66042	4.07289	3.3112	4.60943	4.60971	0	0	0	0	0	0	0	0	0	0	0	0	0	0	0	0	0	0	0	0	0	0	0	0	0	0	0	0	0	0	0	0	0	0	0	0	0	0	0	0
251	0	0	4.47712	3.8198	4.36259	3.49641	4.70409	4.70459	0	0	0	0	0	0	0	0	0	0	0	0	0	0	0	0	0	0	0	0	0	0	0	0	0	0	0	0	0	0	0	0	0	0	0	0	0	0	0	0
252	0	0	4.70687	4.00383	4.65726	3.70993	4.80616	4.80679	0	0	0	0	0	0	0	0	0	0	0	0	0	0	0	0	0	0	0	0	0	0	0	0	0	0	0	0	0	0	0	0	0	0	0	0	0	0	0	0
253	0	0	5.02348	4.23294	5.06843	3.98677	4.90749	4.90756	0	0	0	0	0	0	0	0	0	0	0	0	0	0	0	0	0	0	0	0	0	0	0	0	0	0	0	0	0	0	0	0	0	0	0	0	0	0	0	0
254	0	0	5.51028	4.59225	5.70768	4.441	5.01627	5.01686	0	0	0	0	0	0	0	0	0	0	0	0	0	0	0	0	0	0	0	0	0	0	0	0	0	0	0	0	0	0	0	0	0	0	0	0	0	0	0	0
255	0	0	6.42341	5.1044	6.84794	5.09181	5.13926	5.13943	0	0	0	0	0	0	0	0	0	0	0	0	0	0	0	0	0	0	0	0	0	0	0	0	0	0	0	0	0	0	0	0	0	0	0	0	0	0	0	0
256	0	0	8.40374	6.06237	9.33553	6.34776	5.26925	5.26808	0	0	0	0	0	0	0	0	0	0	0	0	0	0	0	0	0	0	0	0	0	0	0	0	0	0	0	0	0	0	0	0	0	0	0	0	0	0	0	0
257	0	0	21.7537	9.80287	24.92	11.5388	5.41476	5.41418	0	0	0	0	0	0	0	0	0	0	0	0	0	0	0	0	0	0	0	0	0	0	0	0	0	0	0	0	0	0	0	0	0	0	0	0	0	0	0	0
258	0	0	4.45253	3.48399	1.8762	1.87656	5.58077	5.57903	0	0	0	0	0	0	0	0	0	0	0	0	0	0	0	0	0	0	0	0	0	0	0	0	0	0	0	0	0	0	0	0	0	0	0	0	0	0	0	0
259	0	0	4.43703	3.58068	1.89239	1.89268	5.77466	5.776	0	0	0	0	0	0	0	0	0	0	0	0	0	0	0	0	0	0	0	0	0	0	0	0	0	0	0	0	0	0	0	0	0	0	0	0	0	0	0	0
260	0	0	4.81997	3.67718	1.90802	1.90803	5.98006	5.97863	0	0	0	0	0	0	0	0	0	0	0	0	0	0	0	0	0	0	0	0	0	0	0	0	0	0	0	0	0	0	0	0	0	0	0	0	0	0	0	0
261	0	0	5.08812	3.78573	1.92135	1.92109	6.2127	6.21397	0	0	0	0	0	0	0	0	0	0	0	0	0	0	0	0	0	0	0	0	0	0	0	0	0	0	0	0	0	0	0	0	0	0	0	0	0	0	0	0
262	0	0	5.26167	3.92082	1.93577	1.93617	6.49261	6.49306	0	0	0	0	0	0	0	0	0	0	0	0	0	0	0	0	0	0	0	0	0	0	0	0	0	0	0	0	0	0	0	0	0	0	0	0	0	0	0	0
263	0	0	5.33869	4.06173	1.95123	1.95121	6.78893	6.78765	0	0	0	0	0	0	0	0	0	0	0	0	0	0	0	0	0	0	0	0	0	0	0	0	0	0	0	0	0	0	0	0	0	0	0	0	0	0	0	0
264	0	0	5.57539	4.20342	1.96781	1.96782	7.11059	7.11031	0	0	0	0	0	0	0	0	0	0	0	0	0	0	0	0	0	0	0	0	0	0	0	0	0	0	0	0	0	0	0	0	0	0	0	0	0	0	0	0
265	0	0	6.03687	4.37868	1.98498	1.98396	7.50845	7.50556	0	0	0	0	0	0	0	0	0	0	0	0	0	0	0	0	0	0	0	0	0	0	0	0	0	0	0	0	0	0	0	0	0	0	0	0	0	0	0	0
266	0	0	6.37591	4.59999	2.00324	2.00342	8.01086	8.00893	0	0	0	0	0	0	0	0	0	0	0	0	0	0	0	0	0	0	0	0	0	0	0	0	0	0	0	0	0	0	0	0	0	0	0	0	0	0	0	0
267	0	0	6.93361	4.85661	2.02163	2.02149	8.60503	8.60486	0	0	0	0	0	0	0	0	0	0	0	0	0	0	0	0	0	0	0	0	0	0	0	0	0	0	0	0	0	0	0	0	0	0	0	0	0	0	0	0
268	0	0	7.79613	5.19054	2.03932	2.03921	9.38802	9.37571	0	0	0	0	0	0	0	0	0	0	0	0	0	0	0	0	0	0	0	0	0	0	0	0	0	0	0	0	0	0	0	0	0	0	0	0	0	0	0	0
269	0	0	8.64401	5.65626	2.05716	2.05707	10.4645	10.4417	0	0	0	0	0	0	0	0	0	0	0	0	0	0	0	0	0	0	0	0	0	0	0	0	0	0	0	0	0	0	0	0	0	0	0	0	0	0	0	0
270	0	0	10.3116	6.33132	2.07458	2.0749	12.0198	12.0021	0	0	0	0	0	0	0	0	0	0	0	0	0	0	0	0	0	0	0	0	0	0	0	0	0	0	0	0	0	0	0	0	0	0	0	0	0	0	0	0
271	0	0	13.0419	7.67767	2.09247	2.09259	14.9947	14.96	0	0	0	0	0	0	0	0	0	0	0	0	0	0	0	0	0	0	0	0	0	0	0	0	0	0	0	0	0	0	0	0	0	0	0	0	0	0	0	0
272	0	0	24.4055	12.1925	2.11191	2.11239	26.8663	25.2784	0	0	0	0	0	0	0	0	0	0	0	0	0	0	0	0	0	0	0	0	0	0	0	0	0	0	0	0	0	0	0	0	0	0	0	0	0	0	0	0
273	0	0	51.0121	7.5147	2.13069	2.13071	68.1154	68.1154	0	0	0	0	0	0	0	0	0	0	0	0	0	0	0	0	0	0	0	0	0	0	0	0	0	0	0	0	0	0	0	0	0	0	0	0	0	0	0	0
274	0	0	2.14988	2.14969	2.14988	2.14969	0	0	0	0	0	0	0	0	0	0	0	0	0	0	0	0	0	0	0	0	0	0	0	0	0	0	0	0	0	0	0	0	0	0	0	0	0	0	0	0	0	0
275	0	0	2.17286	2.17382	2.17286	2.17382	0	0	0	0	0	0	0	0	0	0	0	0	0	0	0	0	0	0	0	0	0	0	0	0	0	0	0	0	0	0	0	0	0	0	0	0	0	0	0	0	0	0
276	0	0	2.19929	2.20028	2.19929	2.20028	0	0	0	0	0	0	0	0	0	0	0	0	0	0	0	0	0	0	0	0	0	0	0	0	0	0	0	0	0	0	0	0	0	0	0	0	0	0	0	0	0	0
277	0	0	2.22646	2.22609	2.22646	2.22609	0	0	0	0	0	0	0	0	0	0	0	0	0	0	0	0	0	0	0	0	0	0	0	0	0	0	0	0	0	0	0	0	0	0	0	0	0	0	0	0	0	0
278	0	0	2.25301	2.25215	2.25301	2.25215	0	0	0	0	0	0	0	0	0	0	0	0	0	0	0	0	0	0	0	0	0	0	0	0	0	0	0	0	0	0	0	0	0	0	0	0	0	0	0	0	0	0
279	0	0	2.28101	2.27974	2.28101	2.27974	0	0	0	0	0	0	0	0	0	0	0	0	0	0	0	0	0	0	0	0	0	0	0	0	0	0	0	0	0	0	0	0	0	0	0	0	0	0	0	0	0	0
280	0	0	2.30919	2.30906	2.30919	2.30906	0	0	0	0	0	0	0	0	0	0	0	0	0	0	0	0	0	0	0	0	0	0	0	0	0	0	0	0	0	0	0	0	0	0	0	0	0	0	0	0	0	0
281	0	0	2.33708	2.33689	2.33708	2.33689	0	0	0	0	0	0	0	0	0	0	0	0	0	0	0	0	0	0	0	0	0	0	0	0	0	0	0	0	0	0	0	0	0	0	0	0	0	0	0	0	0	0
282	0	0	2.36474	2.3643	2.36474	2.3643	0	0	0	0	0	0	0	0	0	0	0	0	0	0	0	0	0	0	0	0	0	0	0	0	0	0	0	0	0	0	0	0	0	0	0	0	0	0	0	0	0	0
283	0	0	2.39519	2.39403	2.39519	2.39403	0	0	0	0	0	0	0	0	0	0	0	0	0	0	0	0	0	0	0	0	0	0	0	0	0	0	0	0	0	0	0	0	0	0	0	0	0	0	0	0	0	0
284	0	0	2.42641	2.42721	2.42641	2.42721	0	0	0	0	0	0	0	0	0	0	0	0	0	0	0	0	0	0	0	0	0	0	0	0	0	0	0	0	0	0	0	0	0	0	0	0	0	0	0	0	0	0
285	0	0	2.45702	2.45774	2.45702	2.45774	0	0	0	0	0	0	0	0	0	0	0	0	0	0	0	0	0	0	0	0	0	0	0	0	0	0	0	0	0	0	0	0	0	0	0	0	0	0	0	0	0	0
286	0	0	2.48956	2.4891	2.48956	2.4891	0	0	0	0	0	0	0	0	0	0	0	0	0	0	0	0	0	0	0	0	0	0	0	0	0	0	0	0	0	0	0	0	0	0	0	0	0	0	0	0	0	0
287	0	0	2.52427	2.52426	2.52427	2.52426	0	0	0	0	0	0	0	0	0	0	0	0	0	0	0	0	0	0	0	0	0	0	0	0	0	0	0	0	0	0	0	0	0	0	0	0	0	0	0	0	0	0
288	0	0	2.55985	2.56025	2.55985	2.56025	0	0	0	0	0	0	0	0	0	0	0	0	0	0	0	0	0	0	0	0	0	0	0	0	0	0	0	0	0	0	0	0	0	0	0	0	0	0	0	0	0	0
289	0	0	2.59451	2.59538	2.59451	2.59538	0	0	0	0	0	0	0	0	0	0	0	0	0	0	0	0	0	0	0	0	0	0	0	0	0	0	0	0	0	0	0	0	0	0	0	0	0	0	0	0	0	0
290	0	0	2.63327	2.63398	2.63327	2.63398	0	0	0	0	0	0	0	0	0	0	0	0	0	0	0	0	0	0	0	0	0	0	0	0	0	0	0	0	0	0	0	0	0	0	0	0	0	0	0	0	0	0
291	0	0	2.67709	2.67743	2.67709	2.67743	0	0	0	0	0	0	0	0	0	0	0	0	0	0	0	0	0	0	0	0	0	0	0	0	0	0	0	0	0	0	0	0	0	0	0	0	0	0	0	0	0	0
292	0	0	2.72264	2.72206	2.72264	2.72206	0	0	0	0	0	0	0	0	0	0	0	0	0	0	0	0	0	0	0	0	0	0	0	0	0	0	0	0	0	0	0	0	0	0	0	0	0	0	0	0	0	0
293	0	0	2.76879	2.76956	2.76879	2.76956	0	0	0	0	0	0	0	0	0	0	0	0	0	0	0	0	0	0	0	0	0	0	0	0	0	0	0	0	0	0	0	0	0	0	0	0	0	0	0	0	0	0
294	0	0	2.81667	2.81773	2.81667	2.81773	0	0	0	0	0	0	0	0	0	0	0	0	0	0	0	0	0	0	0	0	0	0	0	0	0	0	0	0	0	0	0	0	0	0	0	0	0	0	0	0	0	0
295	0	0	2.86709	2.86677	2.86709	2.86677	0	0	0	0	0	0	0	0	0	0	0	0	0	0	0	0	0	0	0	0	0	0	0	0	0	0	0	0	0	0	0	0	0	0	0	0	0	0	0	0	0	0
296	0	0	2.92173	2.92157	2.92173	2.92157	0	0	0	0	0	0	0	0	0	0	0	0	0	0	0	0	0	0	0	0	0	0	0	0	0	0	0	0	0	0	0	0	0	0	0	0	0	0	0	0	0	0
297	0	0	2.97815	2.97684	2.97815	2.97684	0	0	0	0	0	0	0	0	0	0	0	0	0	0	0	0	0	0	0	0	0	0	0	0	0	0	0	0	0	0	0	0	0	0	0	0	0	0	0	0	0	0
298	0	0	3.04416	3.04543	3.04416	3.04543	0	0	0	0	0	0	0	0	0	0	0	0	0	0	0	0	0	0	0	0	0	0	0	0	0	0	0	0	0	0	0	0	0	0	0	0	0	0	0	0	0	0
299	0	0	3.11821	3.11834	3.11821	3.11834	0	0	0	0	0	0	0	0	0	0	0	0	0	0	0	0	0	0	0	0	0	0	0	0	0	0	0	0	0	0	0	0	0	0	0	0	0	0	0	0	0	0
300	0	0	3.19034	3.19034	3.19034	3.19034	0	0	0	0	0	0	0	0	0	0	0	0	0	0	0	0	0	0	0	0	0	0	0	0	0	0	0	0	0	0	0	0	0	0	0	0	0	0	0	0	0	0
301	0	0	3.26956	3.26982	3.26956	3.26982	0	0	0	0	0	0	0	0	0	0	0	0	0	0	0	0	0	0	0	0	0	0	0	0	0	0	0	0	0	0	0	0	0	0	0	0	0	0	0	0	0	0
302	0	0	3.36402	3.36461	3.36402	3.36461	0	0	0	0	0	0	0	0	0	0	0	0	0	0	0	0	0	0	0	0	0	0	0	0	0	0	0	0	0	0	0	0	0	0	0	0	0	0	0	0	0	0
303	0	0	3.47014	3.46835	3.47014	3.46835	0	0	0	0	0	0	0	0	0	0	0	0	0	0	0	0	0	0	0	0	0	0	0	0	0	0	0	0	0	0	0	0	0	0	0	0	0	0	0	0	0	0
304	0	0	3.57731	3.57794	3.57731	3.57794	0	0	0	0	0	0	0	0	0	0	0	0	0	0	0	0	0	0	0	0	0	0	0	0	0	0	0	0	0	0	0	0	0	0	0	0	0	0	0	0	0	0
305	0	0	3.69077	3.6877	3.69077	3.6877	0	0	0	0	0	0	0	0	0	0	0	0	0	0	0	0	0	0	0	0	0	0	0	0	0	0	0	0	0	0	0	0	0	0	0	0	0	0	0	0	0	0
306	0	0	3.82411	3.82524	3.82411	3.82524	0	0	0	0	0	0	0	0	0	0	0	0	0	0	0	0	0	0	0	0	0	0	0	0	0	0	0	0	0	0	0	0	0	0	0	0	0	0	0	0	0	0
307	0	0	3.97076	3.97058	3.97076	3.97058	0	0	0	0	0	0	0	0	0	0	0	0	0	0	0	0	0	0	0	0	0	0	0	0	0	0	0	0	0	0	0	0	0	0	0	0	0	0	0	0	0	0
308	0	0	4.12312	4.12304	4.12312	4.12304	0	0	0	0	0	0	0	0	0	0	0	0	0	0	0	0	0	0	0	0	0	0	0	0	0	0	0	0	0	0	0	0	0	0	0	0	0	0	0	0	0	0
309	0	0	4.30148	4.30477	4.30148	4.30477	0	0	0	0	0	0	0	0	0	0	0	0	0	0	0	0	0	0	0	0	0	0	0	0	0	0	0	0	0	0	0	0	0	0	0	0	0	0	0	0	0	0
310	0	0	4.51309	4.5149	4.51309	4.5149	0	0	0	0	0	0	0	0	0	0	0	0	0	0	0	0	0	0	0	0	0	0	0	0	0	0	0	0	0	0	0	0	0	0	0	0	0	0	0	0	0	0
311	0	0	4.74967	4.74676	4.74967	4.74676	0	0	0	0	0	0	0	0	0	0	0	0	0	0	0	0	0	0	0	0	0	0	0	0	0	0	0	0	0	0	0	0	0	0	0	0	0	0	0	0	0	0
312	0	0	5.04113	5.03894	5.04113	5.03894	0	0	0	0	0	0	0	0	0	0	0	0	0	0	0	0	0	0	0	0	0	0	0	0	0	0	0	0	0	0	0	0	0	0	0	0	0	0	0	0	0	0
313	0	0	5.43322	5.42642	5.43322	5.42642	0	0	0	0	0	0	0	0	0	0	0	0	0	0	0	0	0	0	0	0	0	0	0	0	0	0	0	0	0	0	0	0	0	0	0	0	0	0	0	0	0	0
314	0	0	5.93717	5.93798	5.93717	5.93798	0	0	0	0	0	0	0	0	0	0	0	0	0	0	0	0	0	0	0	0	0	0	0	0	0	0	0	0	0	0	0	0	0	0	0	0	0	0	0	0	0	0
315	0	0	6.57027	6.56879	6.57027	6.56879	0	0	0	0	0	0	0	0	0	0	0	0	0	0	0	0	0	0	0	0	0	0	0	0	0	0	0	0	0	0	0	0	0	0	0	0	0	0	0	0	0	0
316	0	0	7.51105	7.50163	7.51105	7.50163	0	0	0	0	0	0	0	0	0	0	0	0	0	0	0	0	0	0	0	0	0	0	0	0	0	0	0	0	0	0	0	0	0	0	0	0	0	0	0	0	0	0
317	0	0	9.23064	9.21264	9.23064	9.21264	0	0	0	0	0	0	0	0	0	0	0	0	0	0	0	0	0	0	0	0	0	0	0	0	0	0	0	0	0	0	0	0	0	0	0	0	0	0	0	0	0	0
318	0	0	14.1944	13.8648	14.1944	13.8648	0	0	0	0	0	0	0	0	0	0	0	0	0	0	0	0	0	0	0	0	0	0	0	0	0	0	0	0	0	0	0	0	0	0	0	0	0	0	0	0	0	0
319	0	0	32.8963	32.8963	32.8963	32.8963	0	0	0	0	0	0	0	0	0	0	0	0	0	0	0	0	0	0	0	0	0	0	0	0	0	0	0	0	0	0	0	0	0	0	0	0	0	0	0	0	0	0
320	0	0	0	0	0	0	0	0	0	0	0	0	0	0	0	0	0	0	0	0	0	0	0	0	0	0	0	0	0	0	0	0	0	0	0	0	0	0	0	0	0	0	0	0	0	0	0	0
321	0	0	0	0	0	0	0	0	0	0	0	0	0	0	0	0	0	0	0	0	0	0	0	0	0	0	0	0	0	0	0	0	0	0	0	0	0	0	0	0	0	0	0	0	0	0	0	0
322	0	0	0	0	0	0	0	0	0	0	0	0	0	0	0	0	0	0	0	0	0	0	0	0	0	0	0	0	0	0	0	0	0	0	0	0	0	0	0	0	0	0	0	0	0	0	0	0
323	0	0	0	0	0	0	0	0	0	0	0	0	0	0	0	0	0	0	0	0	0	0	0	0	0	0	0	0	0	0	0	0	0	0	0	0	0	0	0	0	0	0	0	0	0	0	0	0
324	0	0	0	0	0	0	0	0	0	0	0	0	0	0	0	0	0	0	0	0	0	0	0	0	0	0	0	0	0	0	0	0	0	0	0	0	0	0	0	0	0	0	0	0	0	0	0	0
325	0	0	0	0	0	0	0	0	0	0	0	0	0	0	0	0	0	0	0	0	0	0	0	0	0	0	0	0	0	0	0	0	0	0	0	0	0	0	0	0	0	0	0	0	0	0	0	0
326	0	0	0	0	0	0	0	0	0	0	0	0	0	0	0	0	0	0	0	0	0	0	0	0	0	0	0	0	0	0	0	0	0	0	0	0	0	0	0	0	0	0	0	0	0	0	0	0
327	0	0	0	0	0	0	0	0	0	0	0	0	0	0	0	0	0	0	0	0	0	0	0	0	0	0	0	0	0	0	0	0	0	0	0	0	0	0	0	0	0	0	0	0	0	0	0	0
328	0	0	0	0	0	0	0	0	0	0	0	0	0	0	0	0	0	0	0	0	0	0	0	0	0	0	0	0	0	0	0	0	0	0	0	0	0	0	0	0	0	0	0	0	0	0	0	0
329	0	0	0	0	0	0	0	0	0	0	0	0	0	0	0	0	0	0	0	0	0	0	0	0	0	0	0	0	0	0	0	0	0	0	0	0	0	0	0	0	0	0	0	0	0	0	0	0
330	0	0	0	0	0	0	0	0	0	0	0	0	0	0	0	0	0	0	0	0	0	0	0	0	0	0	0	0	0	0	0	0	0	0	0	0	0	0	0	0	0	0	0	0	0	0	0	0
331	0	0	0	0	0	0	0	0	0	0	0	0	0	0	0	0	0	0	0	0	0	0	0	0	0	0	0	0	0	0	0	0	0	0	0	0	0	0	0	0	0	0	0	0	0	0	0	0
332	0	0	0	0	0	0	0	0	0	0	0	0	0	0	0	0	0	0	0	0	0	0	0	0	0	0	0	0	0	0	0	0	0	0	0	0	0	0	0	0	0	0	0	0	0	0	0	0
333	0	0	0	0	0	0	0	0	0	0	0	0	0	0	0	0	0	0	0	0	0	0	0	0	0	0	0	0	0	0	0	0	0	0	0	0	0	0	0	0	0	0	0	0	0	0	0	0
334	0	0	0	0	0	0	0	0	0	0	0	0	0	0	0	0	0	0	0	0	0	0	0	0	0	0	0	0	0	0	0	0	0	0	0	0	0	0	0	0	0	0	0	0	0	0	0	0
335	0	0	0	0	0	0	0	0	0	0	0	0	0	0	0	0	0	0	0	0	0	0	0	0	0	0	0	0	0	0	0	0	0	0	0	0	0	0	0	0	0	0	0	0	0	0	0	0
336	0	0	0	0	0	0	0	0	0	0	0	0	0	0	0	0	0	0	0	0	0	0	0	0	0	0	0	0	0	0	0	0	0	0	0	0	0	0	0	0	0	0	0	0	0	0	0	0
337	0	0	0	0	0	0	0	0	0	0	0	0	0	0	0	0	0	0	0	0	0	0	0	0	0	0	0	0	0	0	0	0	0	0	0	0	0	0	0	0	0	0	0	0	0	0	0	0
338	0	0	0	0	0	0	0	0	0	0	0	0	0	0	0	0	0	0	0	0	0	0	0	0	0	0	0	0	0	0	0	0	0	0	0	0	0	0	0	0	0	0	0	0	0	0	0	0
339	0	0	0	0	0	0	0	0	0	0	0	0	0	0	0	0	0	0	0	0	0	0	0	0	0	0	0	0	0	0	0	0	0	0	0	0	0	0	0	0	0	0	0	0	0	0	0	0
340	0	0	0	0	0	0	0	0	0	0	0	0	0	0	0	0	0	0	0	0	0	0	0	0	0	0	0	0	0	0	0	0	0	0	0	0	0	0	0	0	0	0	0	0	0	0	0	0
341	0	0	0	0	0	0	0	0	0	0	0	0	0	0	0	0	0	0	0	0	0	0	0	0	0	0	0	0	0	0	0	0	0	0	0	0	0	0	0	0	0	0	0	0	0	0	0	0
342	0	0	0	0	0	0	0	0	0	0	0	0	0	0	0	0	0	0	0	0	0	0	0	0	0	0	0	0	0	0	0	0	0	0	0	0	0	0	0	0	0	0	0	0	0	0	0	0
343	0	0	0	0	0	0	0	0	0	0	0	0	0	0	0	0	0	0	0	0	0	0	0	0	0	0	0	0	0	0	0	0	0	0	0	0	0	0	0	0	0	0	0	0	0	0	0	0
344	0	0	0	0	0	0	0	0	0	0	0	0	0	0	0	0	0	0	0	0	0	0	0	0	0	0	0	0	0	0	0	0	0	0	0	0	0	0	0	0	0	0	0	0	0	0	0	0
345	0	0	0	0	0	0	0	0	0	0	0	0	0	0	0	0	0	0	0	0	0	0	0	0	0	0	0	0	0	0	0	0	0	0	0	0	0	0	0	0	0	0	0	0	0	0	0	0
346	0	0	0	0	0	0	0	0	0	0	0	0	0	0	0	0	0	0	0	0	0	0	0	0	0	0	0	0	0	0	0	0	0	0	0	0	0	0	0	0	0	0	0	0	0	0	0	0
347	0	0	0	0	0	0	0	0	0	0	0	0	0	0	0	0	0	0	0	0	0	0	0	0	0	0	0	0	0	0	0	0	0	0	0	0	0	0	0	0	0	0	0	0	0	0	0	0
348	0	0	0	0	0	0	0	0	0	0	0	0	0	0	0	0	0	0	0	0	0	0	0	0	0	0	0	0	0	0	0	0	0	0	0	0	0	0	0	0	0	0	0	0	0	0	0	0
349	0	0	0	0	0	0	0	0	0	0	0	0	0	0	0	0	0	0	0	0	0	0	0	0	0	0	0	0	0	0	0	0	0	0	0	0	0	0	0	0	0	0	0	0	0	0	0	0
350	0	0	0	0	0	0	0	0	0	0	0	0	0	0	0	0	0	0	0	0	0	0	0	0	0	0	0	0	0	0	0	0	0	0	0	0	0	0	0	0	0	0	0	0	0	0	0	0
351	0	0	0	0	0	0	0	0	0	0	0	0	0	0	0	0	0	0	0	0	0	0	0	0	0	0	0	0	0	0	0	0	0	0	0	0	0	0	0	0	0	0	0	0	0	0	0	0
352	0	0	0	0	0	0	0	0	0	0	0	0	0	0	0	0	0	0	0	0	0	0	0	0	0	0	0	0	0	0	0	0	0	0	0	0	0	0	0	0	0	0	0	0	0	0	0	0
353	0	0	0	0	0	0	0	0	0	0	0	0	0	0	0	0	0	0	0	0	0	0	0	0	0	0	0	0	0	0	0	0	0	0	0	0	0	0	0	0	0	0	0	0	0	0	0	0
354	0	0	0	0	0	0	0	0	0	0	0	0	0	0	0	0	0	0	0	0	0	0	0	0	0	0	0	0	0	0	0	0	0	0	0	0	0	0	0	0	0	0	0	0	0	0	0	0
355	0	0	0	0	0	0	0	0	0	0	0	0	0	0	0	0	0	0	0	0	0	0	0	0	0	0	0	0	0	0	0	0	0	0	0	0	0	0	0	0	0	0	0	0	0	0	0	0
356	0	0	0	0	0	0	0	0	0	0	0	0	0	0	0	0	0	0	0	0	0	0	0	0	0	0	0	0	0	0	0	0	0	0	0	0	0	0	0	0	0	0	0	0	0	0	0	0
357	0	0	0	0	0	0	0	0	0	0	0	0	0	0	0	0	0	0	0	0	0	0	0	0	0	0	0	0	0	0	0	0	0	0	0	0	0	0	0	0	0	0	0	0	0	0	0	0
358	0	0	0	0	0	0	0	0	0	0	0	0	0	0	0	0	0	0	0	0	0	0	0	0	0	0	0	0	0	0	0	0	0	0	0	0	0	0	0	0	0	0	0	0	0	0	0	0
359	0	0	0	0	0	0	0	0	0	0	0	0	0	0	0	0	0	0	0	0	0	0	0	0	0	0	0	0	0	0	0	0	0	0	0	0	0	0	0	0	0	0	0	0	0	0	0	0
360	0	0	0	0	0	0	0	0	0	0	0	0	0	0	0	0	0	0	0	0	0	0	0	0	0	0	0	0	0	0	0	0	0	0	0	0	0	0	0	0	0	0	0	0	0	0	0	0
361	0	0	0	0	0	0	0	0	0	0	0	0	0	0	0	0	0	0	0	0	0	0	0	0	0	0	0	0	0	0	0	0	0	0	0	0	0	0	0	0	0	0	0	0	0	0	0	0
362	0	0	0	0	0	0	0	0	0	0	0	0	0	0	0	0	0	0	0	0	0	0	0	0	0	0	0	0	0	0	0	0	0	0	0	0	0	0	0	0	0	0	0	0	0	0	0	0
363	0	0	0	0	0	0	0	0	0	0	0	0	0	0	0	0	0	0	0	0	0	0	0	0	0	0	0	0	0	0	0	0	0	0	0	0	0	0	0	0	0	0	0	0	0	0	0	0
364	0	0	0	0	0	0	0	0	0	0	0	0	0	0	0	0	0	0	0	0	0	0	0	0	0	0	0	0	0	0	0	0	0	0	0	0	0	0	0	0	0	0	0	0	0	0	0	0
365	0	0	0	0	0	0	0	0	0	0	0	0	0	0	0	0	0	0	0	0	0	0	0	0	0	0	0	0	0	0	0	0	0	0	0	0	0	0	0	0	0	0	0	0	0	0	0	0
366	0	0	0	0	0	0	0	0	0	0	0	0	0	0	0	0	0	0	0	0	0	0	0	0	0	0	0	0	0	0	0	0	0	0	0	0	0	0	0	0	0	0	0	0	0	0	0	0
367	0	0	0	0	0	0	0	0	0	0	0	0	0	0	0	0	0	0	0	0	0	0	0	0	0	0	0	0	0	0	0	0	0	0	0	0	0	0	0	0	0	0	0	0	0	0	0	0
368	0	0	0	0	0	0	0	0	0	0	0	0	0	0	0	0	0	0	0	0	0	0	0	0	0	0	0	0	0	0	0	0	0	0	0	0	0	0	0	0	0	0	0	0	0	0	0	0
369	0	0	0	0	0	0	0	0	0	0	0	0	0	0	0	0	0	0	0	0	0	0	0	0	0	0	0	0	0	0	0	0	0	0	0	0	0	0	0	0	0	0	0	0	0	0	0	0
370	0	0	0	0	0	0	0	0	0	0	0	0	0	0	0	0	0	0	0	0	0	0	0	0	0	0	0	0	0	0	0	0	0	0	0	0	0	0	0	0	0	0	0	0	0	0	0	0
371	0	0	0	0	0	0	0	0	0	0	0	0	0	0	0	0	0	0	0	0	0	0	0	0	0	0	0	0	0	0	0	0	0	0	0	0	0	0	0	0	0	0	0	0	0	0	0	0
372	0	0	0	0	0	0	0	0	0	0	0	0	0	0	0	0	0	0	0	0	0	0	0	0	0	0	0	0	0	0	0	0	0	0	0	0	0	0	0	0	0	0	0	0	0	0	0	0
373	0	0	0	0	0	0	0	0	0	0	0	0	0	0	0	0	0	0	0	0	0	0	0	0	0	0	0	0	0	0	0	0	0	0	0	0	0	0	0	0	0	0	0	0	0	0	0	0
374	0	0	0	0	0	0	0	0	0	0	0	0	0	0	0	0	0	0	0	0	0	0	0	0	0	0	0	0	0	0	0	0	0	0	0	0	0	0	0	0	0	0	0	0	0	0	0	0
375	0	0	0	0	0	0	0	0	0	0	0	0	0	0	0	0	0	0	0	0	0	0	0	0	0	0	0	0	0	0	0	0	0	0	0	0	0	0	0	0	0	0	0	0	0	0	0	0
376	0	0	0	0	0	0	0	0	0	0	0	0	0	0	0	0	0	0	0	0	0	0	0	0	0	0	0	0	0	0	0	0	0	0	0	0	0	0	0	0	0	0	0	0	0	0	0	0
377	0	0	0	0	0	0	0	0	0	0	0	0	0	0	0	0	0	0	0	0	0	0	0	0	0	0	0	0	0	0	0	0	0	0	0	0	0	0	0	0	0	0	0	0	0	0	0	0
378	0	0	0	0	0	0	0	0	0	0	0	0	0	0	0	0	0	0	0	0	0	0	0	0	0	0	0	0	0	0	0	0	0	0	0	0	0	0	0	0	0	0	0	0	0	0	0	0
379	0	0	0	0	0	0	0	0	0	0	0	0	0	0	0	0	0	0	0	0	0	0	0	0	0	0	0	0	0	0	0	0	0	0	0	0	0	0	0	0	0	0	0	0	0	0	0	0
380	0	0	0	0	0	0	0	0	0	0	0	0	0	0	0	0	0	0	0	0	0	0	0	0	0	0	0	0	0	0	0	0	0	0	0	0	0	0	0	0	0	0	0	0	0	0	0	0
381	0	0	0	0	0	0	0	0	0	0	0	0	0	0	0	0	0	0	0	0	0	0	0	0	0	0	0	0	0	0	0	0	0	0	0	0	0	0	0	0	0	0	0	0	0	0	0	0
382	0	0	0	0	0	0	0	0	0	0	0	0	0	0	0	0	0	0	0	0	0	0	0	0	0	0	0	0	0	0	0	0	0	0	0	0	0	0	0	0	0	0	0	0	0	0	0	0
383	0	0	0	0	0	0	0	0	0	0	0	0	0	0	0	0	0	0	0	0	0	0	0	0	0	0	0	0	0	0	0	0	0	0	0	0	0	0	0	0	0	0	0	0	0	0	0	0
384	0	0	0	0	0	0	0	0	0	0	0	0	0	0	0	0	0	0	0	0	0	0	0	0	0	0	0	0	0	0	0	0	0	0	0	0	0	0	0	0	0	0	0	0	0	0	0	0
385	0	0	0	0	0	0	0	0	0	0	0	0	0	0	0	0	0	0	0	0	0	0	0	0	0	0	0	0	0	0	0	0	0	0	0	0	0	0	0	0	0	0	0	0	0	0	0	0
386	0	0	0	0	0	0	0	0	0	0	0	0	0	0	0	0	0	0	0	0	0	0	0	0	0	0	0	0	0	0	0	0	0	0	0	0	0	0	0	0	0	0	0	0	0	0	0	0
387	0	0	0	0	0	0	0	0	0	0	0	0	0	0	0	0	0	0	0	0	0	0	0	0	0	0	0	0	0	0	0	0	0	0	0	0	0	0	0	0	0	0	0	0	0	0	0	0
388	0	0	0	0	0	0	0	0	0	0	0	0	0	0	0	0	0	0	0	0	0	0	0	0	0	0	0	0	0	0	0	0	0	0	0	0	0	0	0	0	0	0	0	0	0	0	0	0
389	0	0	0	0	0	0	0	0	0	0	0	0	0	0	0	0	0	0	0	0	0	0	0	0	0	0	0	0	0	0	0	0	0	0	0	0	0	0	0	0	0	0	0	0	0	0	0	0
390	0	0	0	0	0	0	0	0	0	0	0	0	0	0	0	0	0	0	0	0	0	0	0	0	0	0	0	0	0	0	0	0	0	0	0	0	0	0	0	0	0	0	0	0	0	0	0	0
391	0	0	0	0	0	0	0	0	0	0	0	0	0	0	0	0	0	0	0	0	0	0	0	0	0	0	0	0	0	0	0	0	0	0	0	0	0	0	0	0	0	0	0	0	0	0	0	0
392	0	0	0	0	0	0	0	0	0	0	0	0	0	0	0	0	0	0	0	0	0	0	0	0	0	0	0	0	0	0	0	0	0	0	0	0	0	0	0	0	0	0	0	0	0	0	0	0
393	0	0	0	0	0	0	0	0	0	0	0	0	0	0	0	0	0	0	0	0	0	0	0	0	0	0	0	0	0	0	0	0	0	0	0	0	0	0	0	0	0	0	0	0	0	0	0	0
394	0	0	0	0	0	0	0	0	0	0	0	0	0	0	0	0	0	0	0	0	0	0	0	0	0	0	0	0	0	0	0	0	0	0	0	0	0	0	0	0	0	0	0	0	0	0	0	0
395	0	0	0	0	0	0	0	0	0	0	0	0	0	0	0	0	0	0	0	0	0	0	0	0	0	0	0	0	0	0	0	0	0	0	0	0	0	0	0	0	0	0	0	0	0	0	0	0
396	0	0	0	0	0	0	0	0	0	0	0	0	0	0	0	0	0	0	0	0	0	0	0	0	0	0	0	0	0	0	0	0	0	0	0	0	0	0	0	0	0	0	0	0	0	0	0	0
397	0	0	0	0	0	0	0	0	0	0	0	0	0	0	0	0	0	0	0	0	0	0	0	0	0	0	0	0	0	0	0	0	0	0	0	0	0	0	0	0	0	0	0	0	0	0	0	0
398	0	0	0	0	0	0	0	0	0	0	0	0	0	0	0	0	0	0	0	0	0	0	0	0	0	0	0	0	0	0	0	0	0	0	0	0	0	0	0	0	0	0	0	0	0	0	0	0
399	0	0	0	0	0	0	0	0	0	0	0	0	0	0	0	0	0	0	0	0	0	0	0	0	0	0	0	0	0	0	0	0	0	0	0	0	0	0	0	0	0	0	0	0	0	0	0	0