i	j	k	Dose(Gy)
0	0	0	2.00904e-05
1	0	0	2.01464e-05
2	0	0	2.02301e-05
3	0	0	2.03756e-05
4	0	0	2.05052e-05
5	0	0	2.06941e-05
6	0	0	2.08544e-05
7	0	0	2.09821e-05
8	0	0	2.12045e-05
9	0	0	2.12268e-05
10	0	0	2.14209e-05
11	0	0	2.16148e-05
12	0	0	2.18894e-05
13	0	0	2.202e-05
14	0	0	2.21943e-05
15	0	0	2.25226e-05
16	0	0	2.2728e-05
17	0	0	2.28731e-05
18	0	0	2.29211e-05
19	0	0	2.30875e-05
20	0	0	2.3413e-05
21	0	0	2.35306e-05
22	0	0	2.38112e-05
23	0	0	2.39487e-05
24	0	0	2.4169e-05
25	0	0	2.4526e-05
26	0	0	2.4756e-05
27	0	0	2.50027e-05
28	0	0	2.52606e-05
29	0	0	2.55626e-05
30	0	0	2.5914e-05
31	0	0	2.61839e-05
32	0	0	2.66133e-05
33	0	0	2.70246e-05
34	0	0	2.71518e-05
35	0	0	2.76048e-05
36	0	0	2.80293e-05
37	0	0	2.85144e-05
38	0	0	2.89063e-05
39	0	0	2.93831e-05
40	0	0	2.98254e-05
41	0	0	3.02591e-05
42	0	0	3.0746e-05
43	0	0	3.13213e-05
44	0	0	3.18796e-05
45	0	0	3.24886e-05
46	0	0	3.32805e-05
47	0	0	3.39588e-05
48	0	0	3.45511e-05
49	0	0	3.54199e-05
50	0	0	3.6364e-05
51	0	0	3.74991e-05
52	0	0	3.85999e-05
53	0	0	3.96184e-05
54	0	0	4.09496e-05
55	0	0	4.25956e-05
56	0	0	4.4263e-05
57	0	0	4.6356e-05
58	0	0	4.8557e-05
59	0	0	5.12164e-05
60	0	0	5.46125e-05
61	0	0	5.87521e-05
62	0	0	6.43045e-05
63	0	0	7.12791e-05
64	0	0	8.30134e-05
65	0	0	0.000104857
66	0	0	0.00014921
67	0	0	5.22457e-05
68	0	0	1.4277e-06
69	0	0	9.08843e-07
70	0	0	5.82929e-07
71	0	0	5.73369e-07
72	0	0	4.29958e-07
73	0	0	4.54723e-07
74	0	0	3.98377e-07
75	0	0	3.20232e-07
76	0	0	3.01756e-07
77	0	0	3.09955e-07
78	0	0	3.5432e-07
79	0	0	3.18062e-07
80	0	0	2.80038e-07
81	0	0	2.71889e-07
82	0	0	2.31203e-07
83	0	0	2.23057e-07
84	0	0	2.19493e-07
85	0	0	1.77293e-07
86	0	0	1.92306e-07
87	0	0	2.04326e-07
88	0	0	2.14791e-07
89	0	0	1.9696e-07
90	0	0	1.92401e-07
91	0	0	2.06521e-07
92	0	0	2.06825e-07
93	0	0	2.07846e-07
94	0	0	2.11258e-07
95	0	0	2.07712e-07
96	0	0	1.69096e-07
97	0	0	1.70952e-07
98	0	0	1.72823e-07
99	0	0	2.11973e-07
100	0	0	1.98604e-07
101	0	0	1.50544e-07
102	0	0	1.70519e-07
103	0	0	1.10009e-07
104	0	0	1.0151e-07
105	0	0	1.08361e-07
106	0	0	1.354e-07
107	0	0	1.05283e-07
108	0	0	1.03369e-07
109	0	0	9.47045e-08
110	0	0	1.03427e-07
111	0	0	1.3952e-07
112	0	0	9.42641e-08
113	0	0	8.37741e-08
114	0	0	8.68533e-08
115	0	0	1.06884e-07
116	0	0	8.18971e-08
117	0	0	9.65408e-08
118	0	0	7.49533e-08
119	0	0	7.94204e-08
120	0	0	8.47818e-08
121	0	0	8.30341e-08
122	0	0	8.06347e-08
123	0	0	8.36264e-08
124	0	0	8.93962e-08
125	0	0	9.35336e-08
126	0	0	7.48672e-08
127	0	0	8.56075e-08
128	0	0	7.12711e-08
129	0	0	7.54994e-08
130	0	0	8.42267e-08
131	0	0	6.54695e-08
132	0	0	6.79478e-08
133	0	0	5.90491e-08
134	0	0	6.23103e-08
135	0	0	6.31281e-08
136	0	0	6.6094e-08
137	0	0	7.11937e-08
138	0	0	7.34196e-08
139	0	0	8.0123e-08
140	0	0	1.17888e-07
141	0	0	6.97814e-08
142	0	0	6.64344e-08
143	0	0	6.39568e-08
144	0	0	5.19099e-08
145	0	0	5.05803e-08
146	0	0	5.1069e-08
147	0	0	4.96934e-08
148	0	0	4.87178e-08
149	0	0	4.59418e-08
150	0	0	4.87669e-08
151	0	0	4.92938e-08
152	0	0	4.89447e-08
153	0	0	5.09307e-08
154	0	0	5.26912e-08
155	0	0	4.5819e-08
156	0	0	6.15702e-08
157	0	0	4.48214e-08
158	0	0	4.92343e-08
159	0	0	4.6736e-08
160	0	0	4.21e-08
161	0	0	4.34353e-08
162	0	0	3.93175e-08
163	0	0	3.79071e-08
164	0	0	3.31874e-08
165	0	0	3.285e-08
166	0	0	3.25785e-08
167	0	0	3.2708e-08
168	0	0	3.44666e-08
169	0	0	3.67908e-08
170	0	0	3.44004e-08
171	0	0	3.39049e-08
172	0	0	3.5775e-08
173	0	0	4.5927e-08
174	0	0	3.80114e-08
175	0	0	3.26735e-08
176	0	0	2.94319e-08
177	0	0	2.92515e-08
178	0	0	3.16563e-08
179	0	0	2.91728e-08
180	0	0	2.93823e-08
181	0	0	2.86603e-08
182	0	0	2.94488e-08
183	0	0	2.9371e-08
184	0	0	3.06731e-08
185	0	0	3.0866e-08
186	0	0	3.21684e-08
187	0	0	3.33784e-08
188	0	0	3.44113e-08
189	0	0	3.49133e-08
190	0	0	3.72161e-08
191	0	0	3.32318e-08
192	0	0	3.31406e-08
193	0	0	3.72585e-08
194	0	0	3.50175e-08
195	0	0	3.51735e-08
196	0	0	4.3513e-08
197	0	0	4.16958e-08
198	0	0	3.48787e-08
199	0	0	3.01267e-08
200	0	0	2.93594e-08
201	0	0	3.00404e-08
202	0	0	3.03113e-08
203	0	0	3.1041e-08
204	0	0	3.31157e-08
205	0	0	3.64292e-08
206	0	0	3.09769e-08
207	0	0	4.21945e-08
208	0	0	3.20116e-08
209	0	0	2.48464e-08
210	0	0	2.75236e-08
211	0	0	2.68397e-08
212	0	0	2.455e-08
213	0	0	2.51155e-08
214	0	0	2.49808e-08
215	0	0	2.9665e-08
216	0	0	3.77634e-08
217	0	0	2.57476e-08
218	0	0	2.60172e-08
219	0	0	2.53566e-08
220	0	0	2.44992e-08
221	0	0	2.15097e-08
222	0	0	2.98709e-08
223	0	0	2.34914e-08
224	0	0	2.41204e-08
225	0	0	2.31534e-08
226	0	0	2.17023e-08
227	0	0	2.2361e-08
228	0	0	2.53826e-08
229	0	0	2.47612e-08
230	0	0	2.29956e-08
231	0	0	2.66351e-08
232	0	0	3.24827e-08
233	0	0	3.10855e-08
234	0	0	1.81718e-08
235	0	0	1.97238e-08
236	0	0	1.98861e-08
237	0	0	1.77276e-08
238	0	0	1.81104e-08
239	0	0	1.91501e-08
240	0	0	2.04761e-08
241	0	0	1.84431e-08
242	0	0	1.80518e-08
243	0	0	2.0001e-08
244	0	0	1.90006e-08
245	0	0	1.71964e-08
246	0	0	1.59971e-08
247	0	0	1.60605e-08
248	0	0	1.73264e-08
249	0	0	1.70897e-08
250	0	0	1.77496e-08
251	0	0	1.56652e-08
252	0	0	1.6269e-08
253	0	0	1.52568e-08
254	0	0	1.58786e-08
255	0	0	1.75271e-08
256	0	0	1.52404e-08
257	0	0	1.44328e-08
258	0	0	1.34978e-08
259	0	0	1.42727e-08
260	0	0	1.42309e-08
261	0	0	1.54419e-08
262	0	0	1.37903e-08
263	0	0	1.34618e-08
264	0	0	1.49853e-08
265	0	0	1.56031e-08
266	0	0	1.65645e-08
267	0	0	1.42667e-08
268	0	0	1.12227e-08
269	0	0	1.89361e-08
270	0	0	1.10373e-08
271	0	0	1.17766e-08
272	0	0	1.18565e-08
273	0	0	1.23318e-08
274	0	0	1.40394e-08
275	0	0	1.393e-08
276	0	0	1.22546e-08
277	0	0	1.22288e-08
278	0	0	1.15165e-08
279	0	0	1.18263e-08
280	0	0	1.16202e-08
281	0	0	1.18932e-08
282	0	0	1.21221e-08
283	0	0	1.33732e-08
284	0	0	1.18366e-08
285	0	0	1.10825e-08
286	0	0	1.14111e-08
287	0	0	1.16913e-08
288	0	0	1.17128e-08
289	0	0	1.18286e-08
290	0	0	1.23651e-08
291	0	0	1.22238e-08
292	0	0	1.27875e-08
293	0	0	1.25408e-08
294	0	0	1.26076e-08
295	0	0	1.32598e-08
296	0	0	1.34853e-08
297	0	0	1.35839e-08
298	0	0	1.3589e-08
299	0	0	1.38941e-08
300	0	0	1.50217e-08
301	0	0	1.68964e-08
302	0	0	1.45863e-08
303	0	0	1.62438e-08
304	0	0	1.4293e-08
305	0	0	1.572e-08
306	0	0	1.51919e-08
307	0	0	1.53651e-08
308	0	0	1.44795e-08
309	0	0	1.33951e-08
310	0	0	1.39924e-08
311	0	0	1.45946e-08
312	0	0	1.61549e-08
313	0	0	1.89098e-08
314	0	0	2.70887e-08
315	0	0	2.81819e-08
316	0	0	9.43768e-09
317	0	0	9.82522e-09
318	0	0	1.00853e-08
319	0	0	1.04946e-08
320	0	0	1.16549e-08
321	0	0	9.14095e-09
322	0	0	1.59726e-08
323	0	0	1.47392e-08
324	0	0	1.30849e-08
325	0	0	1.11048e-08
326	0	0	9.32043e-09
327	0	0	1.71974e-08
328	0	0	9.24913e-09
329	0	0	9.45982e-09
330	0	0	9.30169e-09
331	0	0	9.71875e-09
332	0	0	1.00466e-08
333	0	0	1.15812e-08
334	0	0	1.05708e-08
335	0	0	1.18819e-08
336	0	0	1.56763e-08
337	0	0	1.29594e-08
338	0	0	9.63623e-09
339	0	0	9.70892e-09
340	0	0	1.02667e-08
341	0	0	1.04096e-08
342	0	0	1.1392e-08
343	0	0	9.58725e-09
344	0	0	9.87451e-09
345	0	0	8.91487e-09
346	0	0	8.49829e-09
347	0	0	8.50735e-09
348	0	0	8.60672e-09
349	0	0	9.42962e-09
350	0	0	9.49325e-09
351	0	0	1.05348e-08
352	0	0	8.06806e-09
353	0	0	8.90166e-09
354	0	0	9.15574e-09
355	0	0	9.70401e-09
356	0	0	7.32527e-09
357	0	0	7.56448e-09
358	0	0	7.49356e-09
359	0	0	8.85581e-09
360	0	0	8.92135e-09
361	0	0	8.24575e-09
362	0	0	7.02674e-09
363	0	0	6.77529e-09
364	0	0	6.32538e-09
365	0	0	6.46067e-09
366	0	0	6.62491e-09
367	0	0	6.92889e-09
368	0	0	6.96495e-09
369	0	0	6.98595e-09
370	0	0	7.1512e-09
371	0	0	7.53682e-09
372	0	0	7.61213e-09
373	0	0	7.7634e-09
374	0	0	1.01721e-08
375	0	0	1.16078e-08
376	0	0	8.29608e-09
377	0	0	8.85335e-09
378	0	0	9.62977e-09
379	0	0	1.04068e-08
380	0	0	9.77453e-09
381	0	0	9.45251e-09
382	0	0	8.94948e-09
383	0	0	7.86042e-09
384	0	0	5.63097e-09
385	0	0	5.33667e-09
386	0	0	5.42427e-09
387	0	0	5.63975e-09
388	0	0	5.59949e-09
389	0	0	7.68638e-09
390	0	0	6.10901e-09
391	0	0	5.70035e-09
392	0	0	5.77479e-09
393	0	0	1.3007e-08
394	0	0	6.41036e-09
395	0	0	6.05653e-09
396	0	0	6.46621e-09
397	0	0	7.16507e-09
398	0	0	5.37783e-09
399	0	0	5.36963e-09