i	j	k	Dose(Gy)
0	0	0	1.99564e-05
1	0	0	2.00086e-05
2	0	0	2.01672e-05
3	0	0	2.04058e-05
4	0	0	2.04769e-05
5	0	0	2.06703e-05
6	0	0	2.08755e-05
7	0	0	2.1025e-05
8	0	0	2.12717e-05
9	0	0	2.1387e-05
10	0	0	2.15417e-05
11	0	0	2.17581e-05
12	0	0	2.19783e-05
13	0	0	2.22382e-05
14	0	0	2.25235e-05
15	0	0	2.27384e-05
16	0	0	2.29135e-05
17	0	0	2.32035e-05
18	0	0	2.34653e-05
19	0	0	2.3827e-05
20	0	0	2.40358e-05
21	0	0	2.4293e-05
22	0	0	2.46057e-05
23	0	0	2.4906e-05
24	0	0	2.53043e-05
25	0	0	2.56289e-05
26	0	0	2.5976e-05
27	0	0	2.63037e-05
28	0	0	2.67745e-05
29	0	0	2.72279e-05
30	0	0	2.75674e-05
31	0	0	2.80643e-05
32	0	0	2.84556e-05
33	0	0	2.89737e-05
34	0	0	2.94547e-05
35	0	0	3.01213e-05
36	0	0	3.06261e-05
37	0	0	3.13805e-05
38	0	0	3.20566e-05
39	0	0	3.29318e-05
40	0	0	3.37562e-05
41	0	0	3.48149e-05
42	0	0	3.602e-05
43	0	0	3.71033e-05
44	0	0	3.84036e-05
45	0	0	3.99581e-05
46	0	0	4.18504e-05
47	0	0	4.40584e-05
48	0	0	4.70589e-05
49	0	0	5.1405e-05
50	0	0	5.77924e-05
51	0	0	5.86439e-05
52	0	0	5.766e-05
53	0	0	5.54787e-05
54	0	0	5.19404e-05
55	0	0	5.02258e-05
56	0	0	4.90123e-05
57	0	0	4.67832e-05
58	0	0	4.11202e-05
59	0	0	3.64903e-05
60	0	0	3.37526e-05
61	0	0	3.00267e-05
62	0	0	2.57631e-05
63	0	0	2.04188e-05
64	0	0	1.24079e-05
65	0	0	1.33831e-06
66	0	0	2.79877e-07
67	0	0	2.27208e-07
68	0	0	2.11195e-07
69	0	0	1.90539e-07
70	0	0	1.93777e-07
71	0	0	1.59058e-07
72	0	0	1.56536e-07
73	0	0	1.95901e-07
74	0	0	1.50114e-07
75	0	0	1.42037e-07
76	0	0	1.58875e-07
77	0	0	1.28482e-07
78	0	0	1.27996e-07
79	0	0	1.62361e-07
80	0	0	1.23765e-07
81	0	0	1.40459e-07
82	0	0	1.24751e-07
83	0	0	1.38458e-07
84	0	0	1.29076e-07
85	0	0	9.23163e-08
86	0	0	9.52356e-08
87	0	0	1.00063e-07
88	0	0	1.01055e-07
89	0	0	9.91782e-08
90	0	0	1.03193e-07
91	0	0	1.15121e-07
92	0	0	1.34486e-07
93	0	0	1.35515e-07
94	0	0	1.25704e-07
95	0	0	1.081e-07
96	0	0	1.03012e-07
97	0	0	9.85569e-08
98	0	0	1.0954e-07
99	0	0	9.42577e-08
100	0	0	9.59751e-08
101	0	0	8.39585e-08
102	0	0	9.6634e-08
103	0	0	7.80763e-08
104	0	0	9.11535e-08
105	0	0	1.0141e-07
106	0	0	6.88692e-08
107	0	0	6.86137e-08
108	0	0	7.18594e-08
109	0	0	9.70107e-08
110	0	0	5.66077e-08
111	0	0	5.52597e-08
112	0	0	5.45001e-08
113	0	0	5.72607e-08
114	0	0	5.47125e-08
115	0	0	5.68832e-08
116	0	0	5.65324e-08
117	0	0	6.09204e-08
118	0	0	6.00548e-08
119	0	0	6.54352e-08
120	0	0	7.07324e-08
121	0	0	8.70664e-08
122	0	0	7.30198e-08
123	0	0	5.79511e-08
124	0	0	5.97035e-08
125	0	0	7.93834e-08
126	0	0	5.54951e-08
127	0	0	5.73527e-08
128	0	0	7.23988e-08
129	0	0	4.94014e-08
130	0	0	5.33811e-08
131	0	0	5.48939e-08
132	0	0	6.545e-08
133	0	0	5.1442e-08
134	0	0	6.86233e-08
135	0	0	4.6628e-08
136	0	0	4.08718e-08
137	0	0	3.88837e-08
138	0	0	3.80962e-08
139	0	0	3.56094e-08
140	0	0	3.8807e-08
141	0	0	4.0956e-08
142	0	0	4.65724e-08
143	0	0	4.42223e-08
144	0	0	3.09605e-08
145	0	0	3.28337e-08
146	0	0	3.25282e-08
147	0	0	3.31104e-08
148	0	0	3.38192e-08
149	0	0	3.25332e-08
150	0	0	2.96642e-08
151	0	0	3.88303e-08
152	0	0	3.17964e-08
153	0	0	2.91142e-08
154	0	0	2.59447e-08
155	0	0	2.5141e-08
156	0	0	2.52093e-08
157	0	0	2.69211e-08
158	0	0	2.58125e-08
159	0	0	2.64279e-08
160	0	0	2.67179e-08
161	0	0	2.83276e-08
162	0	0	2.65942e-08
163	0	0	2.79381e-08
164	0	0	2.71861e-08
165	0	0	2.70394e-08
166	0	0	2.70144e-08
167	0	0	2.87437e-08
168	0	0	2.92658e-08
169	0	0	2.99167e-08
170	0	0	2.98723e-08
171	0	0	3.10019e-08
172	0	0	3.24761e-08
173	0	0	3.05579e-08
174	0	0	3.42896e-08
175	0	0	3.43476e-08
176	0	0	2.86907e-08
177	0	0	3.08058e-08
178	0	0	3.45102e-08
179	0	0	4.21485e-08
180	0	0	3.66703e-08
181	0	0	2.83562e-08
182	0	0	3.02714e-08
183	0	0	3.18344e-08
184	0	0	4.33057e-08
185	0	0	2.21163e-08
186	0	0	2.28322e-08
187	0	0	2.34622e-08
188	0	0	2.45154e-08
189	0	0	2.4445e-08
190	0	0	2.73295e-08
191	0	0	2.57076e-08
192	0	0	3.22632e-08
193	0	0	3.75121e-08
194	0	0	1.84118e-08
195	0	0	1.9124e-08
196	0	0	2.02126e-08
197	0	0	2.1819e-08
198	0	0	2.00945e-08
199	0	0	1.87481e-08
200	0	0	1.95384e-08
201	0	0	2.02861e-08
202	0	0	2.01626e-08
203	0	0	2.208e-08
204	0	0	1.7179e-08
205	0	0	1.65505e-08
206	0	0	1.82394e-08
207	0	0	1.70651e-08
208	0	0	1.52801e-08
209	0	0	1.66134e-08
210	0	0	1.71626e-08
211	0	0	1.64404e-08
212	0	0	1.68198e-08
213	0	0	1.71302e-08
214	0	0	1.7943e-08
215	0	0	2.12218e-08
216	0	0	1.96521e-08
217	0	0	1.88998e-08
218	0	0	1.57591e-08
219	0	0	1.65293e-08
220	0	0	1.62174e-08
221	0	0	1.68571e-08
222	0	0	1.76288e-08
223	0	0	2.25776e-08
224	0	0	1.80282e-08
225	0	0	4.37348e-08
226	0	0	1.40973e-08
227	0	0	1.38561e-08
228	0	0	1.55998e-08
229	0	0	1.41653e-08
230	0	0	1.43831e-08
231	0	0	1.65308e-08
232	0	0	1.3165e-08
233	0	0	1.31818e-08
234	0	0	1.42713e-08
235	0	0	1.5348e-08
236	0	0	1.35809e-08
237	0	0	1.43336e-08
238	0	0	1.65911e-08
239	0	0	1.43025e-08
240	0	0	1.28017e-08
241	0	0	1.3828e-08
242	0	0	1.18304e-08
243	0	0	1.25721e-08
244	0	0	1.35095e-08
245	0	0	1.30113e-08
246	0	0	1.37081e-08
247	0	0	1.05387e-08
248	0	0	1.08212e-08
249	0	0	1.16658e-08
250	0	0	1.05471e-08
251	0	0	9.90462e-09
252	0	0	9.69878e-09
253	0	0	1.00513e-08
254	0	0	1.04521e-08
255	0	0	1.05816e-08
256	0	0	1.00834e-08
257	0	0	1.05054e-08
258	0	0	1.13943e-08
259	0	0	1.15451e-08
260	0	0	1.2068e-08
261	0	0	1.10653e-08
262	0	0	1.25972e-08
263	0	0	1.22618e-08
264	0	0	8.82137e-09
265	0	0	8.70997e-09
266	0	0	9.27183e-09
267	0	0	9.17985e-09
268	0	0	9.21752e-09
269	0	0	9.82263e-09
270	0	0	9.90945e-09
271	0	0	1.02667e-08
272	0	0	1.16666e-08
273	0	0	1.164e-08
274	0	0	9.42485e-09
275	0	0	1.00537e-08
276	0	0	1.01841e-08
277	0	0	1.0487e-08
278	0	0	1.0997e-08
279	0	0	1.15694e-08
280	0	0	1.19892e-08
281	0	0	1.13322e-08
282	0	0	1.52582e-08
283	0	0	9.50286e-09
284	0	0	9.92496e-09
285	0	0	1.08497e-08
286	0	0	9.95725e-09
287	0	0	1.15159e-08
288	0	0	1.30937e-08
289	0	0	1.00889e-08
290	0	0	1.00276e-08
291	0	0	1.01374e-08
292	0	0	1.2152e-08
293	0	0	8.85003e-09
294	0	0	9.4277e-09
295	0	0	8.78811e-09
296	0	0	7.57178e-09
297	0	0	7.7318e-09
298	0	0	7.68446e-09
299	0	0	7.95094e-09
300	0	0	8.03067e-09
301	0	0	8.18818e-09
302	0	0	8.17965e-09
303	0	0	8.42093e-09
304	0	0	8.65536e-09
305	0	0	8.84062e-09
306	0	0	9.53865e-09
307	0	0	1.05346e-08
308	0	0	9.90986e-09
309	0	0	7.84056e-09
310	0	0	7.62306e-09
311	0	0	8.08804e-09
312	0	0	8.43383e-09
313	0	0	8.21683e-09
314	0	0	8.42455e-09
315	0	0	8.741e-09
316	0	0	8.87945e-09
317	0	0	9.81418e-09
318	0	0	1.43417e-08
319	0	0	1.05012e-08
320	0	0	1.30065e-08
321	0	0	9.01408e-09
322	0	0	9.71341e-09
323	0	0	6.64497e-09
324	0	0	6.75045e-09
325	0	0	6.58211e-09
326	0	0	6.90107e-09
327	0	0	7.1931e-09
328	0	0	7.67207e-09
329	0	0	8.67681e-09
330	0	0	6.26696e-09
331	0	0	5.7227e-09
332	0	0	6.18339e-09
333	0	0	6.2594e-09
334	0	0	6.42848e-09
335	0	0	6.44293e-09
336	0	0	6.55234e-09
337	0	0	6.48917e-09
338	0	0	6.52929e-09
339	0	0	6.63888e-09
340	0	0	6.71869e-09
341	0	0	6.76067e-09
342	0	0	6.86326e-09
343	0	0	6.92446e-09
344	0	0	6.6246e-09
345	0	0	7.03288e-09
346	0	0	6.91697e-09
347	0	0	7.03732e-09
348	0	0	7.42042e-09
349	0	0	8.36723e-09
350	0	0	6.31688e-09
351	0	0	6.28752e-09
352	0	0	6.37375e-09
353	0	0	6.54419e-09
354	0	0	6.83898e-09
355	0	0	6.75e-09
356	0	0	6.71945e-09
357	0	0	6.99611e-09
358	0	0	7.08865e-09
359	0	0	7.49725e-09
360	0	0	8.13574e-09
361	0	0	7.7068e-09
362	0	0	6.64576e-09
363	0	0	6.8599e-09
364	0	0	1.01648e-08
365	0	0	9.55829e-09
366	0	0	9.71344e-09
367	0	0	9.27563e-09
368	0	0	9.28744e-09
369	0	0	1.04329e-08
370	0	0	1.33726e-08
371	0	0	7.04201e-09
372	0	0	7.35802e-09
373	0	0	7.5663e-09
374	0	0	7.96127e-09
375	0	0	9.91283e-09
376	0	0	6.44526e-09
377	0	0	8.24102e-09
378	0	0	7.75987e-09
379	0	0	7.72761e-09
380	0	0	5.80364e-09
381	0	0	5.53909e-09
382	0	0	5.42737e-09
383	0	0	5.59091e-09
384	0	0	5.9036e-09
385	0	0	6.37757e-09
386	0	0	6.49883e-09
387	0	0	5.50494e-09
388	0	0	5.77873e-09
389	0	0	6.15133e-09
390	0	0	6.31094e-09
391	0	0	4.19814e-09
392	0	0	4.30638e-09
393	0	0	4.28555e-09
394	0	0	4.28919e-09
395	0	0	4.59524e-09
396	0	0	4.5389e-09
397	0	0	4.66551e-09
398	0	0	4.72604e-09
399	0	0	4.87394e-09